<?xml version="1.0" encoding="utf-8"?>
<TestRun id="e11d42f3-bde6-4dbc-b216-ea61bca0a795" name="@Svens-MacBook-Pro 2026-08-09 17:42:08" xmlns="http://microsoft.com/schemas/VisualStudio/TeamTest/2010">
  <Times creation="2026-08-09T17:42:08.6869830+02:00" queuing="2026-08-09T17:42:08.6869830+02:00" start="2026-08-09T17:42:05.4528200+02:00" finish="2026-08-09T17:42:17.1011520+02:00" />
  <TestSettings name="default" id="e4cdd08a-e876-46df-bf49-17f8ec66c042">
    <Deployment runDeploymentRoot="_Svens-MacBook-Pro_2026-08-09_17_42_08" />
  </TestSettings>
  <Results>
    <UnitTestResult executionId="b54dba11-e72f-4319-add2-310333eb69c7" testId="62801e3c-e183-8619-8336-acde5f37a19c" testName="WebApi.Tests.Wire.GrowthPostmarkWebhookWireTests.A_postmark_soft_bounce_defers_the_delivery_and_silences_nobody" computerName="Svens-MacBook-Pro" duration="00:00:00.5267169" startTime="2026-08-09T17:42:16.6977690+02:00" endTime="2026-08-09T17:42:16.6977700+02:00" testType="13cdc9d9-ddb5-4fa4-a97d-d965ccfc6d4b" outcome="Passed" testListId="8c84fa94-04c1-424b-9868-57a2d4851a1d" relativeResultsDirectory="b54dba11-e72f-4319-add2-310333eb69c7" />
    <UnitTestResult executionId="0c7e2a51-8221-48ec-83ab-ca98bcf95d26" testId="ec60ce87-fcc0-742a-edb0-88ecae30bb70" testName="WebApi.Tests.Growth.GrowthPostmarkEventReaderTests.A_classified_bounce_maps_to_its_effect(type: &quot;SpamComplaint&quot;, typeCode: 100001, expected: Complained)" computerName="Svens-MacBook-Pro" duration="00:00:00.0000075" startTime="2026-08-09T17:42:08.6744850+02:00" endTime="2026-08-09T17:42:08.6744850+02:00" testType="13cdc9d9-ddb5-4fa4-a97d-d965ccfc6d4b" outcome="Passed" testListId="8c84fa94-04c1-424b-9868-57a2d4851a1d" relativeResultsDirectory="0c7e2a51-8221-48ec-83ab-ca98bcf95d26" />
    <UnitTestResult executionId="c97b0c45-e9a3-4c45-80aa-77b18d9f51a5" testId="cde2f741-8a00-0940-f791-ff40cfe49e5f" testName="WebApi.Tests.Growth.GrowthPostmarkEventReaderTests.An_unclassified_bounce_moves_nothing_rather_than_guessing(type: &quot;DMARCPolicy&quot;, typeCode: 100009)" computerName="Svens-MacBook-Pro" duration="00:00:00.0000072" startTime="2026-08-09T17:42:08.6750130+02:00" endTime="2026-08-09T17:42:08.6750130+02:00" testType="13cdc9d9-ddb5-4fa4-a97d-d965ccfc6d4b" outcome="Passed" testListId="8c84fa94-04c1-424b-9868-57a2d4851a1d" relativeResultsDirectory="c97b0c45-e9a3-4c45-80aa-77b18d9f51a5" />
    <UnitTestResult executionId="066a7be8-8ddd-4c61-b4a2-bf70f47aca20" testId="4923f944-9444-83bd-ccd8-01088fe0d514" testName="WebApi.Tests.Wire.GrowthPostmarkWebhookWireTests.A_genuine_postmark_delivery_payload_moves_the_delivery_to_delivered_and_counts_it_once" computerName="Svens-MacBook-Pro" duration="00:00:00.0753245" startTime="2026-08-09T17:42:16.9444320+02:00" endTime="2026-08-09T17:42:16.9444320+02:00" testType="13cdc9d9-ddb5-4fa4-a97d-d965ccfc6d4b" outcome="Passed" testListId="8c84fa94-04c1-424b-9868-57a2d4851a1d" relativeResultsDirectory="066a7be8-8ddd-4c61-b4a2-bf70f47aca20" />
    <UnitTestResult executionId="80dfddd7-1277-49e8-915a-054d279d1829" testId="c1a7139e-d815-cbf2-de4f-31588fafe888" testName="WebApi.Tests.Growth.GrowthPostmarkEventReaderTests.A_classified_bounce_maps_to_its_effect(type: &quot;Unsubscribe&quot;, typeCode: 16, expected: Unsubscribed)" computerName="Svens-MacBook-Pro" duration="00:00:00.0000065" startTime="2026-08-09T17:42:08.6746680+02:00" endTime="2026-08-09T17:42:08.6746680+02:00" testType="13cdc9d9-ddb5-4fa4-a97d-d965ccfc6d4b" outcome="Passed" testListId="8c84fa94-04c1-424b-9868-57a2d4851a1d" relativeResultsDirectory="80dfddd7-1277-49e8-915a-054d279d1829" />
    <UnitTestResult executionId="f34642e6-578c-41dc-93c3-747958d01e66" testId="e02c2316-71dd-df92-b6b6-f766cd164a40" testName="WebApi.Tests.Growth.GrowthPostmarkEventReaderTests.A_body_postmark_would_never_send_is_refused(json: &quot;{\&quot;MessageID\&quot;:\&quot;m1\&quot;}&quot;)" computerName="Svens-MacBook-Pro" duration="00:00:00.0000894" startTime="2026-08-09T17:42:08.6669080+02:00" endTime="2026-08-09T17:42:08.6669080+02:00" testType="13cdc9d9-ddb5-4fa4-a97d-d965ccfc6d4b" outcome="Passed" testListId="8c84fa94-04c1-424b-9868-57a2d4851a1d" relativeResultsDirectory="f34642e6-578c-41dc-93c3-747958d01e66" />
    <UnitTestResult executionId="0f95fbd8-a532-4f13-9dac-a66c7e017bcb" testId="38c12c65-24dd-bb74-a40d-2e6c45aa9b12" testName="WebApi.Tests.Growth.GrowthPostmarkEventReaderTests.A_bounce_is_keyed_on_postmarks_own_id_at_full_width" computerName="Svens-MacBook-Pro" duration="00:00:00.0000489" startTime="2026-08-09T17:42:08.6750910+02:00" endTime="2026-08-09T17:42:08.6750910+02:00" testType="13cdc9d9-ddb5-4fa4-a97d-d965ccfc6d4b" outcome="Passed" testListId="8c84fa94-04c1-424b-9868-57a2d4851a1d" relativeResultsDirectory="0f95fbd8-a532-4f13-9dac-a66c7e017bcb" />
    <UnitTestResult executionId="2f3819c2-30fc-4b0d-8dc9-acb55351e138" testId="bd56a982-ad8b-70db-5e0f-737768557612" testName="WebApi.Tests.Growth.GrowthPostmarkEventReaderTests.An_unclassified_bounce_moves_nothing_rather_than_guessing(type: &quot;SomethingPostmarkAddsLater&quot;, typeCode: 999999)" computerName="Svens-MacBook-Pro" duration="00:00:00.0000109" startTime="2026-08-09T17:42:08.6749640+02:00" endTime="2026-08-09T17:42:08.6749640+02:00" testType="13cdc9d9-ddb5-4fa4-a97d-d965ccfc6d4b" outcome="Passed" testListId="8c84fa94-04c1-424b-9868-57a2d4851a1d" relativeResultsDirectory="2f3819c2-30fc-4b0d-8dc9-acb55351e138" />
    <UnitTestResult executionId="1ca114bf-1695-47a2-aa25-bee35ef45cad" testId="eba0d0d2-7286-fce2-a10e-4441c84a27c1" testName="WebApi.Tests.Growth.GrowthPostmarkEventReaderTests.A_classified_bounce_maps_to_its_effect(type: &quot;DnsError&quot;, typeCode: 256, expected: Deferred)" computerName="Svens-MacBook-Pro" duration="00:00:00.0000082" startTime="2026-08-09T17:42:08.6744570+02:00" endTime="2026-08-09T17:42:08.6744570+02:00" testType="13cdc9d9-ddb5-4fa4-a97d-d965ccfc6d4b" outcome="Passed" testListId="8c84fa94-04c1-424b-9868-57a2d4851a1d" relativeResultsDirectory="1ca114bf-1695-47a2-aa25-bee35ef45cad" />
    <UnitTestResult executionId="aa39fa8c-e317-4bb7-87e2-7391443aa200" testId="9cab507f-2641-dd7f-ef0d-10334d9a3aeb" testName="WebApi.Tests.Growth.GrowthPostmarkEventReaderTests.An_unclassified_bounce_moves_nothing_rather_than_guessing(type: &quot;ChallengeVerification&quot;, typeCode: 16384)" computerName="Svens-MacBook-Pro" duration="00:00:00.0000062" startTime="2026-08-09T17:42:08.6750360+02:00" endTime="2026-08-09T17:42:08.6750360+02:00" testType="13cdc9d9-ddb5-4fa4-a97d-d965ccfc6d4b" outcome="Passed" testListId="8c84fa94-04c1-424b-9868-57a2d4851a1d" relativeResultsDirectory="aa39fa8c-e317-4bb7-87e2-7391443aa200" />
    <UnitTestResult executionId="de82c369-1b62-459a-94a6-667a49f21a6d" testId="aaa0c8a8-e8ab-3940-006a-fbb7e5ae120e" testName="WebApi.Tests.Growth.GrowthPostmarkEventReaderTests.A_body_postmark_would_never_send_is_refused(json: &quot;this is not json&quot;)" computerName="Svens-MacBook-Pro" duration="00:00:00.0040751" startTime="2026-08-09T17:42:08.6671380+02:00" endTime="2026-08-09T17:42:08.6671380+02:00" testType="13cdc9d9-ddb5-4fa4-a97d-d965ccfc6d4b" outcome="Passed" testListId="8c84fa94-04c1-424b-9868-57a2d4851a1d" relativeResultsDirectory="de82c369-1b62-459a-94a6-667a49f21a6d" />
    <UnitTestResult executionId="e2c7f923-5948-4b4c-b64a-7a435958e6ce" testId="4ff2ea7c-d0d1-96ec-7ceb-d82b4c47cc4d" testName="WebApi.Tests.Growth.GrowthPostmarkEventReaderTests.An_unclassified_bounce_moves_nothing_rather_than_guessing(type: &quot;Subscribe&quot;, typeCode: 32)" computerName="Svens-MacBook-Pro" duration="00:00:00.0000074" startTime="2026-08-09T17:42:08.6750610+02:00" endTime="2026-08-09T17:42:08.6750610+02:00" testType="13cdc9d9-ddb5-4fa4-a97d-d965ccfc6d4b" outcome="Passed" testListId="8c84fa94-04c1-424b-9868-57a2d4851a1d" relativeResultsDirectory="e2c7f923-5948-4b4c-b64a-7a435958e6ce" />
    <UnitTestResult executionId="9f8ce088-9712-40ea-bfdf-f695ec59beb7" testId="f33ffcb4-ecff-1acf-394b-11da4f22d476" testName="WebApi.Tests.Growth.GrowthPostmarkEventReaderTests.A_subscription_change_nobody_asked_for_is_acknowledged_and_ignored(origin: &quot;Customer&quot;, suppressSending: True, suppressionReason: &quot;ManualSuppression&quot;)" computerName="Svens-MacBook-Pro" duration="00:00:00.0000086" startTime="2026-08-09T17:42:08.6736660+02:00" endTime="2026-08-09T17:42:08.6736660+02:00" testType="13cdc9d9-ddb5-4fa4-a97d-d965ccfc6d4b" outcome="Passed" testListId="8c84fa94-04c1-424b-9868-57a2d4851a1d" relativeResultsDirectory="9f8ce088-9712-40ea-bfdf-f695ec59beb7" />
    <UnitTestResult executionId="4e8922a2-7e89-469f-9a9c-12d6cd02d8f4" testId="32a82b21-17e7-885a-b2d1-ce1caac7a62c" testName="WebApi.Tests.Growth.GrowthPostmarkEventReaderTests.An_unclassified_bounce_moves_nothing_rather_than_guessing(type: &quot;AddressChange&quot;, typeCode: 128)" computerName="Svens-MacBook-Pro" duration="00:00:00.0000629" startTime="2026-08-09T17:42:08.6749370+02:00" endTime="2026-08-09T17:42:08.6749370+02:00" testType="13cdc9d9-ddb5-4fa4-a97d-d965ccfc6d4b" outcome="Passed" testListId="8c84fa94-04c1-424b-9868-57a2d4851a1d" relativeResultsDirectory="4e8922a2-7e89-469f-9a9c-12d6cd02d8f4" />
    <UnitTestResult executionId="9d3dc354-5294-4933-af43-f1b3a8f04801" testId="4a706353-2f09-91a9-64c2-1a880efaefd3" testName="WebApi.Tests.Growth.GrowthPostmarkEventReaderTests.The_one_subscription_change_no_other_webhook_reports_is_the_recipients_own_withdrawal" computerName="Svens-MacBook-Pro" duration="00:00:00.0000474" startTime="2026-08-09T17:42:08.6751210+02:00" endTime="2026-08-09T17:42:08.6751210+02:00" testType="13cdc9d9-ddb5-4fa4-a97d-d965ccfc6d4b" outcome="Passed" testListId="8c84fa94-04c1-424b-9868-57a2d4851a1d" relativeResultsDirectory="9d3dc354-5294-4933-af43-f1b3a8f04801" />
    <UnitTestResult executionId="f7fad490-812f-4c00-8d62-20971289fcf0" testId="7189a059-be6d-de7f-aae1-5180f0c77370" testName="WebApi.Tests.Wire.GrowthPostmarkWebhookWireTests.An_auto_responder_bounce_is_acknowledged_and_moves_nothing" computerName="Svens-MacBook-Pro" duration="00:00:00.0151606" startTime="2026-08-09T17:42:16.9752860+02:00" endTime="2026-08-09T17:42:16.9752860+02:00" testType="13cdc9d9-ddb5-4fa4-a97d-d965ccfc6d4b" outcome="Passed" testListId="8c84fa94-04c1-424b-9868-57a2d4851a1d" relativeResultsDirectory="f7fad490-812f-4c00-8d62-20971289fcf0" />
    <UnitTestResult executionId="9ba38e02-2aa5-40fc-bea6-8c8f5e9bc422" testId="0fd6236e-ff60-6277-4e6e-d2f5174b8aa1" testName="WebApi.Tests.Growth.GrowthPostmarkEventReaderTests.A_provider_that_is_not_postmark_still_reads_the_canonical_envelope_and_only_that" computerName="Svens-MacBook-Pro" duration="00:00:00.0002269" startTime="2026-08-09T17:42:08.6751500+02:00" endTime="2026-08-09T17:42:08.6751500+02:00" testType="13cdc9d9-ddb5-4fa4-a97d-d965ccfc6d4b" outcome="Passed" testListId="8c84fa94-04c1-424b-9868-57a2d4851a1d" relativeResultsDirectory="9ba38e02-2aa5-40fc-bea6-8c8f5e9bc422" />
    <UnitTestResult executionId="94d36d01-da1f-4fd1-a746-f82a3b7dac16" testId="306c8723-6d77-cabe-967f-77970b7b1433" testName="WebApi.Tests.Growth.GrowthPostmarkEventReaderTests.An_unclassified_bounce_moves_nothing_rather_than_guessing(type: &quot;TemplateRenderingFailed&quot;, typeCode: 100010)" computerName="Svens-MacBook-Pro" duration="00:00:00.0000127" startTime="2026-08-09T17:42:08.6749880+02:00" endTime="2026-08-09T17:42:08.6749880+02:00" testType="13cdc9d9-ddb5-4fa4-a97d-d965ccfc6d4b" outcome="Passed" testListId="8c84fa94-04c1-424b-9868-57a2d4851a1d" relativeResultsDirectory="94d36d01-da1f-4fd1-a746-f82a3b7dac16" />
    <UnitTestResult executionId="f69b24a2-e980-49fd-99cd-d1c3dc2acfc7" testId="bfb32844-6f05-4802-1642-d894c1baa8db" testName="WebApi.Tests.Growth.GrowthPostmarkEventReaderTests.A_subscription_change_nobody_asked_for_is_acknowledged_and_ignored(origin: &quot;Recipient&quot;, suppressSending: True, suppressionReason: &quot;HardBounce&quot;)" computerName="Svens-MacBook-Pro" duration="00:00:00.0002995" startTime="2026-08-09T17:42:08.6679680+02:00" endTime="2026-08-09T17:42:08.6679690+02:00" testType="13cdc9d9-ddb5-4fa4-a97d-d965ccfc6d4b" outcome="Passed" testListId="8c84fa94-04c1-424b-9868-57a2d4851a1d" relativeResultsDirectory="f69b24a2-e980-49fd-99cd-d1c3dc2acfc7" />
    <UnitTestResult executionId="9a3a5e01-5a84-4340-8384-e84fee65adac" testId="279ddd98-f4cf-318c-4ef5-e1bc00de0359" testName="WebApi.Tests.Wire.GrowthPostmarkWebhookWireTests.A_genuine_postmark_spam_complaint_marks_the_delivery_complained_and_suppresses_channel_globally" computerName="Svens-MacBook-Pro" duration="00:00:00.0187942" startTime="2026-08-09T17:42:16.7486200+02:00" endTime="2026-08-09T17:42:16.7486200+02:00" testType="13cdc9d9-ddb5-4fa4-a97d-d965ccfc6d4b" outcome="Passed" testListId="8c84fa94-04c1-424b-9868-57a2d4851a1d" relativeResultsDirectory="9a3a5e01-5a84-4340-8384-e84fee65adac" />
    <UnitTestResult executionId="d16e9434-75a4-43b0-abfa-fc8af27959fb" testId="f5eda2d3-8238-20c3-0fd7-60eaf7f40ce0" testName="WebApi.Tests.Growth.GrowthPostmarkEventReaderTests.A_classified_bounce_maps_to_its_effect(type: &quot;Transient&quot;, typeCode: 2, expected: Deferred)" computerName="Svens-MacBook-Pro" duration="00:00:00.0000070" startTime="2026-08-09T17:42:08.6745100+02:00" endTime="2026-08-09T17:42:08.6745100+02:00" testType="13cdc9d9-ddb5-4fa4-a97d-d965ccfc6d4b" outcome="Passed" testListId="8c84fa94-04c1-424b-9868-57a2d4851a1d" relativeResultsDirectory="d16e9434-75a4-43b0-abfa-fc8af27959fb" />
    <UnitTestResult executionId="7d7c6232-ac77-4513-9fb3-59e2b6285b1b" testId="7235e24e-070d-5ab4-0fd5-4595f163a70d" testName="WebApi.Tests.Growth.GrowthPostmarkEventReaderTests.A_classified_bounce_maps_to_its_effect(type: &quot;Blocked&quot;, typeCode: 100006, expected: Deferred)" computerName="Svens-MacBook-Pro" duration="00:00:00.0000088" startTime="2026-08-09T17:42:08.6745890+02:00" endTime="2026-08-09T17:42:08.6745890+02:00" testType="13cdc9d9-ddb5-4fa4-a97d-d965ccfc6d4b" outcome="Passed" testListId="8c84fa94-04c1-424b-9868-57a2d4851a1d" relativeResultsDirectory="7d7c6232-ac77-4513-9fb3-59e2b6285b1b" />
    <UnitTestResult executionId="36cb75b0-73b7-4560-b9d6-5fca3ed748db" testId="2324509d-8783-e872-843a-d02de0df4379" testName="WebApi.Tests.Growth.GrowthPostmarkEventReaderTests.An_unclassified_bounce_moves_nothing_rather_than_guessing(type: &quot;AutoResponder&quot;, typeCode: 64)" computerName="Svens-MacBook-Pro" duration="00:00:00.0000373" startTime="2026-08-09T17:42:08.6746990+02:00" endTime="2026-08-09T17:42:08.6746990+02:00" testType="13cdc9d9-ddb5-4fa4-a97d-d965ccfc6d4b" outcome="Passed" testListId="8c84fa94-04c1-424b-9868-57a2d4851a1d" relativeResultsDirectory="36cb75b0-73b7-4560-b9d6-5fca3ed748db" />
    <UnitTestResult executionId="c18a9469-f089-4021-8cf5-d07191df2e2b" testId="09c6f771-714e-f8fa-e4c6-22dbbc2dd561" testName="WebApi.Tests.Wire.GrowthPostmarkWebhookWireTests.The_postmark_shape_is_read_only_for_a_postmark_account" computerName="Svens-MacBook-Pro" duration="00:00:00.0616667" startTime="2026-08-09T17:42:16.8106170+02:00" endTime="2026-08-09T17:42:16.8106170+02:00" testType="13cdc9d9-ddb5-4fa4-a97d-d965ccfc6d4b" outcome="Passed" testListId="8c84fa94-04c1-424b-9868-57a2d4851a1d" relativeResultsDirectory="c18a9469-f089-4021-8cf5-d07191df2e2b" />
    <UnitTestResult executionId="2ab1a7f7-61e0-481d-a298-7386eedbd728" testId="d9309865-9717-a5c7-fa96-b965719f567c" testName="WebApi.Tests.Wire.GrowthPostmarkWebhookWireTests.A_genuine_postmark_payload_without_a_credential_is_refused_and_writes_nothing" computerName="Svens-MacBook-Pro" duration="00:00:00.0150420" startTime="2026-08-09T17:42:16.9598130+02:00" endTime="2026-08-09T17:42:16.9598130+02:00" testType="13cdc9d9-ddb5-4fa4-a97d-d965ccfc6d4b" outcome="Passed" testListId="8c84fa94-04c1-424b-9868-57a2d4851a1d" relativeResultsDirectory="2ab1a7f7-61e0-481d-a298-7386eedbd728" />
    <UnitTestResult executionId="9f2da9d6-4778-4cf6-8c28-7f030e722589" testId="50be1d8a-7663-0b7a-7dfb-53b57da74d86" testName="WebApi.Tests.Growth.GrowthPostmarkEventReaderTests.The_postmark_reader_answers_for_the_provider_key_however_an_operator_typed_it(providerKey: &quot;postmark&quot;)" computerName="Svens-MacBook-Pro" duration="00:00:00.0005943" startTime="2026-08-09T17:42:08.6738010+02:00" endTime="2026-08-09T17:42:08.6738020+02:00" testType="13cdc9d9-ddb5-4fa4-a97d-d965ccfc6d4b" outcome="Passed" testListId="8c84fa94-04c1-424b-9868-57a2d4851a1d" relativeResultsDirectory="9f2da9d6-4778-4cf6-8c28-7f030e722589" />
    <UnitTestResult executionId="07de03ca-f0cb-410d-90c4-8e6eae4b9d9f" testId="e30f5e52-c425-4727-6caf-fd7b745c1dcf" testName="WebApi.Tests.Growth.GrowthPostmarkEventReaderTests.A_subscription_change_nobody_asked_for_is_acknowledged_and_ignored(origin: &quot;Recipient&quot;, suppressSending: True, suppressionReason: &quot;SpamComplaint&quot;)" computerName="Svens-MacBook-Pro" duration="00:00:00.0000081" startTime="2026-08-09T17:42:08.6681110+02:00" endTime="2026-08-09T17:42:08.6681110+02:00" testType="13cdc9d9-ddb5-4fa4-a97d-d965ccfc6d4b" outcome="Passed" testListId="8c84fa94-04c1-424b-9868-57a2d4851a1d" relativeResultsDirectory="07de03ca-f0cb-410d-90c4-8e6eae4b9d9f" />
    <UnitTestResult executionId="cb338085-f9a6-4d7c-a0cf-0a9650139bcb" testId="02523fb5-44e6-9a1e-0e4e-c94874739d98" testName="WebApi.Tests.Growth.GrowthPostmarkEventReaderTests.A_record_type_this_module_does_not_measure_is_acknowledged(recordType: &quot;Click&quot;)" computerName="Svens-MacBook-Pro" duration="00:00:00.0000388" startTime="2026-08-09T17:42:08.6737430+02:00" endTime="2026-08-09T17:42:08.6737430+02:00" testType="13cdc9d9-ddb5-4fa4-a97d-d965ccfc6d4b" outcome="Passed" testListId="8c84fa94-04c1-424b-9868-57a2d4851a1d" relativeResultsDirectory="cb338085-f9a6-4d7c-a0cf-0a9650139bcb" />
    <UnitTestResult executionId="5445216f-ef37-43d3-a37d-30b26f2c6870" testId="29b1a3a5-a27a-1926-8f7e-a811a4db397f" testName="WebApi.Tests.Growth.GrowthPostmarkEventReaderTests.A_record_type_this_module_does_not_measure_is_acknowledged(recordType: &quot;Inbound&quot;)" computerName="Svens-MacBook-Pro" duration="00:00:00.0000355" startTime="2026-08-09T17:42:08.6737680+02:00" endTime="2026-08-09T17:42:08.6737680+02:00" testType="13cdc9d9-ddb5-4fa4-a97d-d965ccfc6d4b" outcome="Passed" testListId="8c84fa94-04c1-424b-9868-57a2d4851a1d" relativeResultsDirectory="5445216f-ef37-43d3-a37d-30b26f2c6870" />
    <UnitTestResult executionId="a1de2d3c-1b50-4cf6-8c9f-fbf01cd89b5c" testId="29a55bba-84af-1e17-a2f7-d8937e27cb55" testName="WebApi.Tests.Growth.GrowthPostmarkEventReaderTests.A_classified_bounce_maps_to_its_effect(type: &quot;HardBounce&quot;, typeCode: 1, expected: Bounced)" computerName="Svens-MacBook-Pro" duration="00:00:00.0000069" startTime="2026-08-09T17:42:08.6746430+02:00" endTime="2026-08-09T17:42:08.6746430+02:00" testType="13cdc9d9-ddb5-4fa4-a97d-d965ccfc6d4b" outcome="Passed" testListId="8c84fa94-04c1-424b-9868-57a2d4851a1d" relativeResultsDirectory="a1de2d3c-1b50-4cf6-8c9f-fbf01cd89b5c" />
    <UnitTestResult executionId="878e568e-5ddb-49f4-a24b-77321c6ac873" testId="403e5c34-6ae3-8014-f84b-76e0f0eb0c88" testName="WebApi.Tests.Wire.GrowthPostmarkWebhookWireTests.Only_a_subscription_change_the_recipient_originated_suppresses_anyone" computerName="Svens-MacBook-Pro" duration="00:00:00.0303851" startTime="2026-08-09T17:42:16.7294780+02:00" endTime="2026-08-09T17:42:16.7294780+02:00" testType="13cdc9d9-ddb5-4fa4-a97d-d965ccfc6d4b" outcome="Passed" testListId="8c84fa94-04c1-424b-9868-57a2d4851a1d" relativeResultsDirectory="878e568e-5ddb-49f4-a24b-77321c6ac873" />
    <UnitTestResult executionId="dc6fd329-8a9e-41e3-bf6e-4e0838205c34" testId="d84f11cd-d311-d5a3-896b-1cfb611da2b9" testName="WebApi.Tests.Growth.GrowthPostmarkEventReaderTests.The_postmark_reader_answers_for_the_provider_key_however_an_operator_typed_it(providerKey: &quot;Postmark&quot;)" computerName="Svens-MacBook-Pro" duration="00:00:00.0000061" startTime="2026-08-09T17:42:08.6738500+02:00" endTime="2026-08-09T17:42:08.6738500+02:00" testType="13cdc9d9-ddb5-4fa4-a97d-d965ccfc6d4b" outcome="Passed" testListId="8c84fa94-04c1-424b-9868-57a2d4851a1d" relativeResultsDirectory="dc6fd329-8a9e-41e3-bf6e-4e0838205c34" />
    <UnitTestResult executionId="3319a20a-6dd8-41cb-bd7a-bc508afe8805" testId="5fd98feb-5bd1-6510-5d96-7ed19ba57991" testName="WebApi.Tests.Growth.GrowthPostmarkEventReaderTests.Two_opens_of_one_message_are_two_events_and_a_redelivered_open_is_one" computerName="Svens-MacBook-Pro" duration="00:00:00.0006249" startTime="2026-08-09T17:42:08.6753750+02:00" endTime="2026-08-09T17:42:08.6753760+02:00" testType="13cdc9d9-ddb5-4fa4-a97d-d965ccfc6d4b" outcome="Passed" testListId="8c84fa94-04c1-424b-9868-57a2d4851a1d" relativeResultsDirectory="3319a20a-6dd8-41cb-bd7a-bc508afe8805" />
    <UnitTestResult executionId="2491942f-12fb-463a-b8bd-7197be04b137" testId="4b0cfccc-a22c-7744-4b9c-7e37362ba731" testName="WebApi.Tests.Growth.GrowthPostmarkEventReaderTests.The_postmark_reader_answers_for_the_provider_key_however_an_operator_typed_it(providerKey: &quot;  postmark  &quot;)" computerName="Svens-MacBook-Pro" duration="00:00:00.0000397" startTime="2026-08-09T17:42:08.6738260+02:00" endTime="2026-08-09T17:42:08.6738260+02:00" testType="13cdc9d9-ddb5-4fa4-a97d-d965ccfc6d4b" outcome="Passed" testListId="8c84fa94-04c1-424b-9868-57a2d4851a1d" relativeResultsDirectory="2491942f-12fb-463a-b8bd-7197be04b137" />
    <UnitTestResult executionId="f6d4e979-5e4f-4b7f-a994-6e8d38c10c4c" testId="67091f87-b24c-a13d-9951-99c5bf7c60fb" testName="WebApi.Tests.Growth.GrowthPostmarkEventReaderTests.A_body_postmark_would_never_send_is_refused(json: &quot;{\&quot;RecordType\&quot;:\&quot;Bounce\&quot;,\&quot;Type\&quot;:\&quot;HardBounce\&quot;&quot;...)" computerName="Svens-MacBook-Pro" duration="00:00:00.0004410" startTime="2026-08-09T17:42:08.6670790+02:00" endTime="2026-08-09T17:42:08.6670790+02:00" testType="13cdc9d9-ddb5-4fa4-a97d-d965ccfc6d4b" outcome="Passed" testListId="8c84fa94-04c1-424b-9868-57a2d4851a1d" relativeResultsDirectory="f6d4e979-5e4f-4b7f-a994-6e8d38c10c4c" />
    <UnitTestResult executionId="3ed1f26b-8f30-47c1-90b5-85fef91069e7" testId="7c2a8f6b-62c4-b5f9-5285-541b386caeec" testName="WebApi.Tests.Growth.GrowthPostmarkEventReaderTests.A_body_postmark_would_never_send_is_refused(json: &quot;{\&quot;RecordType\&quot;:\&quot;Delivery\&quot;}&quot;)" computerName="Svens-MacBook-Pro" duration="00:00:00.0000534" startTime="2026-08-09T17:42:08.6671120+02:00" endTime="2026-08-09T17:42:08.6671120+02:00" testType="13cdc9d9-ddb5-4fa4-a97d-d965ccfc6d4b" outcome="Passed" testListId="8c84fa94-04c1-424b-9868-57a2d4851a1d" relativeResultsDirectory="3ed1f26b-8f30-47c1-90b5-85fef91069e7" />
    <UnitTestResult executionId="1533188c-d51b-4ba8-be67-3ca1e374e77a" testId="ea3072a2-79d2-be3a-fd41-5a9890acd8f9" testName="WebApi.Tests.Wire.GrowthPostmarkWebhookWireTests.A_genuine_postmark_hard_bounce_fails_the_delivery_and_suppresses_the_guest_channel_globally" computerName="Svens-MacBook-Pro" duration="00:00:00.0578689" startTime="2026-08-09T17:42:16.8687610+02:00" endTime="2026-08-09T17:42:16.8687610+02:00" testType="13cdc9d9-ddb5-4fa4-a97d-d965ccfc6d4b" outcome="Passed" testListId="8c84fa94-04c1-424b-9868-57a2d4851a1d" relativeResultsDirectory="1533188c-d51b-4ba8-be67-3ca1e374e77a" />
    <UnitTestResult executionId="ead411f4-856f-47c2-8472-d66c069225cd" testId="7b760fde-54b1-5233-e5cc-6863cb9e8c0a" testName="WebApi.Tests.Growth.GrowthPostmarkEventReaderTests.A_subscription_change_nobody_asked_for_is_acknowledged_and_ignored(origin: &quot;Admin&quot;, suppressSending: True, suppressionReason: &quot;ManualSuppression&quot;)" computerName="Svens-MacBook-Pro" duration="00:00:00.0001077" startTime="2026-08-09T17:42:08.6680590+02:00" endTime="2026-08-09T17:42:08.6680590+02:00" testType="13cdc9d9-ddb5-4fa4-a97d-d965ccfc6d4b" outcome="Passed" testListId="8c84fa94-04c1-424b-9868-57a2d4851a1d" relativeResultsDirectory="ead411f4-856f-47c2-8472-d66c069225cd" />
    <UnitTestResult executionId="6f1c10aa-ad7d-4b14-aba4-fd1d9e71281f" testId="e0600813-cb6b-5957-3d29-ea7ab04bc1d9" testName="WebApi.Tests.Growth.GrowthPostmarkEventReaderTests.A_classified_bounce_maps_to_its_effect(type: &quot;SpamComplaint&quot;, typeCode: 512, expected: Complained)" computerName="Svens-MacBook-Pro" duration="00:00:00.0006250" startTime="2026-08-09T17:42:08.6738800+02:00" endTime="2026-08-09T17:42:08.6738800+02:00" testType="13cdc9d9-ddb5-4fa4-a97d-d965ccfc6d4b" outcome="Passed" testListId="8c84fa94-04c1-424b-9868-57a2d4851a1d" relativeResultsDirectory="6f1c10aa-ad7d-4b14-aba4-fd1d9e71281f" />
    <UnitTestResult executionId="8079cf86-1d4c-47ef-a95d-1803f3c3e63e" testId="2aa77b8b-ccd8-d28a-2e47-b1b22b965d35" testName="WebApi.Tests.Growth.GrowthPostmarkEventReaderTests.A_classified_bounce_maps_to_its_effect(type: &quot;SpamNotification&quot;, typeCode: 512, expected: Complained)" computerName="Svens-MacBook-Pro" duration="00:00:00.0000088" startTime="2026-08-09T17:42:08.6746170+02:00" endTime="2026-08-09T17:42:08.6746170+02:00" testType="13cdc9d9-ddb5-4fa4-a97d-d965ccfc6d4b" outcome="Passed" testListId="8c84fa94-04c1-424b-9868-57a2d4851a1d" relativeResultsDirectory="8079cf86-1d4c-47ef-a95d-1803f3c3e63e" />
    <UnitTestResult executionId="e5d7f12e-b65c-4c25-8fb0-964139c5b5ce" testId="96bd3b67-17fb-76a9-70e7-518b72987d04" testName="WebApi.Tests.Growth.GrowthPostmarkEventReaderTests.A_classified_bounce_maps_to_its_effect(type: &quot;SoftBounce&quot;, typeCode: 4096, expected: Deferred)" computerName="Svens-MacBook-Pro" duration="00:00:00.0000074" startTime="2026-08-09T17:42:08.6745480+02:00" endTime="2026-08-09T17:42:08.6745480+02:00" testType="13cdc9d9-ddb5-4fa4-a97d-d965ccfc6d4b" outcome="Passed" testListId="8c84fa94-04c1-424b-9868-57a2d4851a1d" relativeResultsDirectory="e5d7f12e-b65c-4c25-8fb0-964139c5b5ce" />
    <UnitTestResult executionId="d096f03c-6197-46f2-8436-e1059a69f905" testId="c2c35fd4-4c25-b15e-0570-92b70dd204cd" testName="WebApi.Tests.Growth.GrowthPostmarkEventReaderTests.A_subscription_change_nobody_asked_for_is_acknowledged_and_ignored(origin: &quot;Recipient&quot;, suppressSending: False, suppressionReason: null)" computerName="Svens-MacBook-Pro" duration="00:00:00.0000052" startTime="2026-08-09T17:42:08.6737090+02:00" endTime="2026-08-09T17:42:08.6737090+02:00" testType="13cdc9d9-ddb5-4fa4-a97d-d965ccfc6d4b" outcome="Passed" testListId="8c84fa94-04c1-424b-9868-57a2d4851a1d" relativeResultsDirectory="d096f03c-6197-46f2-8436-e1059a69f905" />
    <UnitTestResult executionId="f9bc4282-b76e-457f-b002-b5c79c59f83c" testId="150a04e9-5a7d-c325-098c-f42cb5fecc12" testName="WebApi.Tests.Growth.GrowthPostmarkEventReaderTests.A_body_postmark_would_never_send_is_refused(json: &quot;{\&quot;RecordType\&quot;:\&quot;Open\&quot;,\&quot;MessageID\&quot;:\&quot;m1\&quot;}&quot;)" computerName="Svens-MacBook-Pro" duration="00:00:00.0031159" startTime="2026-08-09T17:42:08.6635610+02:00" endTime="2026-08-09T17:42:08.6635790+02:00" testType="13cdc9d9-ddb5-4fa4-a97d-d965ccfc6d4b" outcome="Passed" testListId="8c84fa94-04c1-424b-9868-57a2d4851a1d" relativeResultsDirectory="f9bc4282-b76e-457f-b002-b5c79c59f83c" />
    <UnitTestResult executionId="e82b759b-1306-4c13-a407-8df303dbaaaf" testId="0c83f652-c7d9-91bb-bed9-9422130f5857" testName="WebApi.Tests.Growth.GrowthPostmarkEventReaderTests.A_classified_bounce_maps_to_its_effect(type: &quot;BadEmailAddress&quot;, typeCode: 100000, expected: Bounced)" computerName="Svens-MacBook-Pro" duration="00:00:00.0000734" startTime="2026-08-09T17:42:08.6739060+02:00" endTime="2026-08-09T17:42:08.6739060+02:00" testType="13cdc9d9-ddb5-4fa4-a97d-d965ccfc6d4b" outcome="Passed" testListId="8c84fa94-04c1-424b-9868-57a2d4851a1d" relativeResultsDirectory="e82b759b-1306-4c13-a407-8df303dbaaaf" />
    <UnitTestResult executionId="725ae0e9-2de9-4920-b487-e736f51f464e" testId="266345ea-42cf-44a8-e4cc-c05c21aa57f4" testName="WebApi.Tests.Growth.GrowthPostmarkEventReaderTests.A_body_postmark_would_never_send_is_refused(json: &quot;[]&quot;)" computerName="Svens-MacBook-Pro" duration="00:00:00.0000231" startTime="2026-08-09T17:42:08.6671620+02:00" endTime="2026-08-09T17:42:08.6671620+02:00" testType="13cdc9d9-ddb5-4fa4-a97d-d965ccfc6d4b" outcome="Passed" testListId="8c84fa94-04c1-424b-9868-57a2d4851a1d" relativeResultsDirectory="725ae0e9-2de9-4920-b487-e736f51f464e" />
    <UnitTestResult executionId="c3ef946c-0cae-42fd-add7-ba366e146b98" testId="a7deb329-406d-38ff-5075-363fddc614f5" testName="WebApi.Tests.Growth.GrowthPostmarkEventReaderTests.The_derived_event_id_keeps_a_delivery_and_an_open_of_one_message_two_distinct_events" computerName="Svens-MacBook-Pro" duration="00:00:00.0000611" startTime="2026-08-09T17:42:08.6754060+02:00" endTime="2026-08-09T17:42:08.6754060+02:00" testType="13cdc9d9-ddb5-4fa4-a97d-d965ccfc6d4b" outcome="Passed" testListId="8c84fa94-04c1-424b-9868-57a2d4851a1d" relativeResultsDirectory="c3ef946c-0cae-42fd-add7-ba366e146b98" />
  </Results>
  <TestDefinitions>
    <UnitTest name="WebApi.Tests.Growth.GrowthPostmarkEventReaderTests.An_unclassified_bounce_moves_nothing_rather_than_guessing(type: &quot;TemplateRenderingFailed&quot;, typeCode: 100010)" storage="/users/svendaneel/okam/wt-gr-postmark/webapi.tests/bin/debug/net8.0/webapi.tests.dll" id="306c8723-6d77-cabe-967f-77970b7b1433">
      <Execution id="94d36d01-da1f-4fd1-a746-f82a3b7dac16" />
      <TestMethod codeBase="/Users/svendaneel/okam/wt-gr-postmark/WebApi.Tests/bin/Debug/net8.0/WebApi.Tests.dll" adapterTypeName="executor://xunit/VsTestRunner2/netcoreapp" className="WebApi.Tests.Growth.GrowthPostmarkEventReaderTests" name="An_unclassified_bounce_moves_nothing_rather_than_guessing" />
    </UnitTest>
    <UnitTest name="WebApi.Tests.Wire.GrowthPostmarkWebhookWireTests.An_auto_responder_bounce_is_acknowledged_and_moves_nothing" storage="/users/svendaneel/okam/wt-gr-postmark/webapi.tests/bin/debug/net8.0/webapi.tests.dll" id="7189a059-be6d-de7f-aae1-5180f0c77370">
      <Execution id="f7fad490-812f-4c00-8d62-20971289fcf0" />
      <TestMethod codeBase="/Users/svendaneel/okam/wt-gr-postmark/WebApi.Tests/bin/Debug/net8.0/WebApi.Tests.dll" adapterTypeName="executor://xunit/VsTestRunner2/netcoreapp" className="WebApi.Tests.Wire.GrowthPostmarkWebhookWireTests" name="An_auto_responder_bounce_is_acknowledged_and_moves_nothing" />
    </UnitTest>
    <UnitTest name="WebApi.Tests.Growth.GrowthPostmarkEventReaderTests.A_subscription_change_nobody_asked_for_is_acknowledged_and_ignored(origin: &quot;Admin&quot;, suppressSending: True, suppressionReason: &quot;ManualSuppression&quot;)" storage="/users/svendaneel/okam/wt-gr-postmark/webapi.tests/bin/debug/net8.0/webapi.tests.dll" id="7b760fde-54b1-5233-e5cc-6863cb9e8c0a">
      <Execution id="ead411f4-856f-47c2-8472-d66c069225cd" />
      <TestMethod codeBase="/Users/svendaneel/okam/wt-gr-postmark/WebApi.Tests/bin/Debug/net8.0/WebApi.Tests.dll" adapterTypeName="executor://xunit/VsTestRunner2/netcoreapp" className="WebApi.Tests.Growth.GrowthPostmarkEventReaderTests" name="A_subscription_change_nobody_asked_for_is_acknowledged_and_ignored" />
    </UnitTest>
    <UnitTest name="WebApi.Tests.Wire.GrowthPostmarkWebhookWireTests.A_genuine_postmark_spam_complaint_marks_the_delivery_complained_and_suppresses_channel_globally" storage="/users/svendaneel/okam/wt-gr-postmark/webapi.tests/bin/debug/net8.0/webapi.tests.dll" id="279ddd98-f4cf-318c-4ef5-e1bc00de0359">
      <Execution id="9a3a5e01-5a84-4340-8384-e84fee65adac" />
      <TestMethod codeBase="/Users/svendaneel/okam/wt-gr-postmark/WebApi.Tests/bin/Debug/net8.0/WebApi.Tests.dll" adapterTypeName="executor://xunit/VsTestRunner2/netcoreapp" className="WebApi.Tests.Wire.GrowthPostmarkWebhookWireTests" name="A_genuine_postmark_spam_complaint_marks_the_delivery_complained_and_suppresses_channel_globally" />
    </UnitTest>
    <UnitTest name="WebApi.Tests.Growth.GrowthPostmarkEventReaderTests.A_classified_bounce_maps_to_its_effect(type: &quot;Transient&quot;, typeCode: 2, expected: Deferred)" storage="/users/svendaneel/okam/wt-gr-postmark/webapi.tests/bin/debug/net8.0/webapi.tests.dll" id="f5eda2d3-8238-20c3-0fd7-60eaf7f40ce0">
      <Execution id="d16e9434-75a4-43b0-abfa-fc8af27959fb" />
      <TestMethod codeBase="/Users/svendaneel/okam/wt-gr-postmark/WebApi.Tests/bin/Debug/net8.0/WebApi.Tests.dll" adapterTypeName="executor://xunit/VsTestRunner2/netcoreapp" className="WebApi.Tests.Growth.GrowthPostmarkEventReaderTests" name="A_classified_bounce_maps_to_its_effect" />
    </UnitTest>
    <UnitTest name="WebApi.Tests.Growth.GrowthPostmarkEventReaderTests.A_body_postmark_would_never_send_is_refused(json: &quot;{\&quot;RecordType\&quot;:\&quot;Bounce\&quot;,\&quot;Type\&quot;:\&quot;HardBounce\&quot;&quot;...)" storage="/users/svendaneel/okam/wt-gr-postmark/webapi.tests/bin/debug/net8.0/webapi.tests.dll" id="67091f87-b24c-a13d-9951-99c5bf7c60fb">
      <Execution id="f6d4e979-5e4f-4b7f-a994-6e8d38c10c4c" />
      <TestMethod codeBase="/Users/svendaneel/okam/wt-gr-postmark/WebApi.Tests/bin/Debug/net8.0/WebApi.Tests.dll" adapterTypeName="executor://xunit/VsTestRunner2/netcoreapp" className="WebApi.Tests.Growth.GrowthPostmarkEventReaderTests" name="A_body_postmark_would_never_send_is_refused" />
    </UnitTest>
    <UnitTest name="WebApi.Tests.Growth.GrowthPostmarkEventReaderTests.A_classified_bounce_maps_to_its_effect(type: &quot;SpamComplaint&quot;, typeCode: 512, expected: Complained)" storage="/users/svendaneel/okam/wt-gr-postmark/webapi.tests/bin/debug/net8.0/webapi.tests.dll" id="e0600813-cb6b-5957-3d29-ea7ab04bc1d9">
      <Execution id="6f1c10aa-ad7d-4b14-aba4-fd1d9e71281f" />
      <TestMethod codeBase="/Users/svendaneel/okam/wt-gr-postmark/WebApi.Tests/bin/Debug/net8.0/WebApi.Tests.dll" adapterTypeName="executor://xunit/VsTestRunner2/netcoreapp" className="WebApi.Tests.Growth.GrowthPostmarkEventReaderTests" name="A_classified_bounce_maps_to_its_effect" />
    </UnitTest>
    <UnitTest name="WebApi.Tests.Growth.GrowthPostmarkEventReaderTests.An_unclassified_bounce_moves_nothing_rather_than_guessing(type: &quot;SomethingPostmarkAddsLater&quot;, typeCode: 999999)" storage="/users/svendaneel/okam/wt-gr-postmark/webapi.tests/bin/debug/net8.0/webapi.tests.dll" id="bd56a982-ad8b-70db-5e0f-737768557612">
      <Execution id="2f3819c2-30fc-4b0d-8dc9-acb55351e138" />
      <TestMethod codeBase="/Users/svendaneel/okam/wt-gr-postmark/WebApi.Tests/bin/Debug/net8.0/WebApi.Tests.dll" adapterTypeName="executor://xunit/VsTestRunner2/netcoreapp" className="WebApi.Tests.Growth.GrowthPostmarkEventReaderTests" name="An_unclassified_bounce_moves_nothing_rather_than_guessing" />
    </UnitTest>
    <UnitTest name="WebApi.Tests.Growth.GrowthPostmarkEventReaderTests.The_postmark_reader_answers_for_the_provider_key_however_an_operator_typed_it(providerKey: &quot;postmark&quot;)" storage="/users/svendaneel/okam/wt-gr-postmark/webapi.tests/bin/debug/net8.0/webapi.tests.dll" id="50be1d8a-7663-0b7a-7dfb-53b57da74d86">
      <Execution id="9f2da9d6-4778-4cf6-8c28-7f030e722589" />
      <TestMethod codeBase="/Users/svendaneel/okam/wt-gr-postmark/WebApi.Tests/bin/Debug/net8.0/WebApi.Tests.dll" adapterTypeName="executor://xunit/VsTestRunner2/netcoreapp" className="WebApi.Tests.Growth.GrowthPostmarkEventReaderTests" name="The_postmark_reader_answers_for_the_provider_key_however_an_operator_typed_it" />
    </UnitTest>
    <UnitTest name="WebApi.Tests.Wire.GrowthPostmarkWebhookWireTests.The_postmark_shape_is_read_only_for_a_postmark_account" storage="/users/svendaneel/okam/wt-gr-postmark/webapi.tests/bin/debug/net8.0/webapi.tests.dll" id="09c6f771-714e-f8fa-e4c6-22dbbc2dd561">
      <Execution id="c18a9469-f089-4021-8cf5-d07191df2e2b" />
      <TestMethod codeBase="/Users/svendaneel/okam/wt-gr-postmark/WebApi.Tests/bin/Debug/net8.0/WebApi.Tests.dll" adapterTypeName="executor://xunit/VsTestRunner2/netcoreapp" className="WebApi.Tests.Wire.GrowthPostmarkWebhookWireTests" name="The_postmark_shape_is_read_only_for_a_postmark_account" />
    </UnitTest>
    <UnitTest name="WebApi.Tests.Wire.GrowthPostmarkWebhookWireTests.Only_a_subscription_change_the_recipient_originated_suppresses_anyone" storage="/users/svendaneel/okam/wt-gr-postmark/webapi.tests/bin/debug/net8.0/webapi.tests.dll" id="403e5c34-6ae3-8014-f84b-76e0f0eb0c88">
      <Execution id="878e568e-5ddb-49f4-a24b-77321c6ac873" />
      <TestMethod codeBase="/Users/svendaneel/okam/wt-gr-postmark/WebApi.Tests/bin/Debug/net8.0/WebApi.Tests.dll" adapterTypeName="executor://xunit/VsTestRunner2/netcoreapp" className="WebApi.Tests.Wire.GrowthPostmarkWebhookWireTests" name="Only_a_subscription_change_the_recipient_originated_suppresses_anyone" />
    </UnitTest>
    <UnitTest name="WebApi.Tests.Wire.GrowthPostmarkWebhookWireTests.A_postmark_soft_bounce_defers_the_delivery_and_silences_nobody" storage="/users/svendaneel/okam/wt-gr-postmark/webapi.tests/bin/debug/net8.0/webapi.tests.dll" id="62801e3c-e183-8619-8336-acde5f37a19c">
      <Execution id="b54dba11-e72f-4319-add2-310333eb69c7" />
      <TestMethod codeBase="/Users/svendaneel/okam/wt-gr-postmark/WebApi.Tests/bin/Debug/net8.0/WebApi.Tests.dll" adapterTypeName="executor://xunit/VsTestRunner2/netcoreapp" className="WebApi.Tests.Wire.GrowthPostmarkWebhookWireTests" name="A_postmark_soft_bounce_defers_the_delivery_and_silences_nobody" />
    </UnitTest>
    <UnitTest name="WebApi.Tests.Growth.GrowthPostmarkEventReaderTests.An_unclassified_bounce_moves_nothing_rather_than_guessing(type: &quot;Subscribe&quot;, typeCode: 32)" storage="/users/svendaneel/okam/wt-gr-postmark/webapi.tests/bin/debug/net8.0/webapi.tests.dll" id="4ff2ea7c-d0d1-96ec-7ceb-d82b4c47cc4d">
      <Execution id="e2c7f923-5948-4b4c-b64a-7a435958e6ce" />
      <TestMethod codeBase="/Users/svendaneel/okam/wt-gr-postmark/WebApi.Tests/bin/Debug/net8.0/WebApi.Tests.dll" adapterTypeName="executor://xunit/VsTestRunner2/netcoreapp" className="WebApi.Tests.Growth.GrowthPostmarkEventReaderTests" name="An_unclassified_bounce_moves_nothing_rather_than_guessing" />
    </UnitTest>
    <UnitTest name="WebApi.Tests.Growth.GrowthPostmarkEventReaderTests.The_postmark_reader_answers_for_the_provider_key_however_an_operator_typed_it(providerKey: &quot;Postmark&quot;)" storage="/users/svendaneel/okam/wt-gr-postmark/webapi.tests/bin/debug/net8.0/webapi.tests.dll" id="d84f11cd-d311-d5a3-896b-1cfb611da2b9">
      <Execution id="dc6fd329-8a9e-41e3-bf6e-4e0838205c34" />
      <TestMethod codeBase="/Users/svendaneel/okam/wt-gr-postmark/WebApi.Tests/bin/Debug/net8.0/WebApi.Tests.dll" adapterTypeName="executor://xunit/VsTestRunner2/netcoreapp" className="WebApi.Tests.Growth.GrowthPostmarkEventReaderTests" name="The_postmark_reader_answers_for_the_provider_key_however_an_operator_typed_it" />
    </UnitTest>
    <UnitTest name="WebApi.Tests.Growth.GrowthPostmarkEventReaderTests.A_provider_that_is_not_postmark_still_reads_the_canonical_envelope_and_only_that" storage="/users/svendaneel/okam/wt-gr-postmark/webapi.tests/bin/debug/net8.0/webapi.tests.dll" id="0fd6236e-ff60-6277-4e6e-d2f5174b8aa1">
      <Execution id="9ba38e02-2aa5-40fc-bea6-8c8f5e9bc422" />
      <TestMethod codeBase="/Users/svendaneel/okam/wt-gr-postmark/WebApi.Tests/bin/Debug/net8.0/WebApi.Tests.dll" adapterTypeName="executor://xunit/VsTestRunner2/netcoreapp" className="WebApi.Tests.Growth.GrowthPostmarkEventReaderTests" name="A_provider_that_is_not_postmark_still_reads_the_canonical_envelope_and_only_that" />
    </UnitTest>
    <UnitTest name="WebApi.Tests.Growth.GrowthPostmarkEventReaderTests.An_unclassified_bounce_moves_nothing_rather_than_guessing(type: &quot;AutoResponder&quot;, typeCode: 64)" storage="/users/svendaneel/okam/wt-gr-postmark/webapi.tests/bin/debug/net8.0/webapi.tests.dll" id="2324509d-8783-e872-843a-d02de0df4379">
      <Execution id="36cb75b0-73b7-4560-b9d6-5fca3ed748db" />
      <TestMethod codeBase="/Users/svendaneel/okam/wt-gr-postmark/WebApi.Tests/bin/Debug/net8.0/WebApi.Tests.dll" adapterTypeName="executor://xunit/VsTestRunner2/netcoreapp" className="WebApi.Tests.Growth.GrowthPostmarkEventReaderTests" name="An_unclassified_bounce_moves_nothing_rather_than_guessing" />
    </UnitTest>
    <UnitTest name="WebApi.Tests.Growth.GrowthPostmarkEventReaderTests.A_classified_bounce_maps_to_its_effect(type: &quot;SoftBounce&quot;, typeCode: 4096, expected: Deferred)" storage="/users/svendaneel/okam/wt-gr-postmark/webapi.tests/bin/debug/net8.0/webapi.tests.dll" id="96bd3b67-17fb-76a9-70e7-518b72987d04">
      <Execution id="e5d7f12e-b65c-4c25-8fb0-964139c5b5ce" />
      <TestMethod codeBase="/Users/svendaneel/okam/wt-gr-postmark/WebApi.Tests/bin/Debug/net8.0/WebApi.Tests.dll" adapterTypeName="executor://xunit/VsTestRunner2/netcoreapp" className="WebApi.Tests.Growth.GrowthPostmarkEventReaderTests" name="A_classified_bounce_maps_to_its_effect" />
    </UnitTest>
    <UnitTest name="WebApi.Tests.Growth.GrowthPostmarkEventReaderTests.A_subscription_change_nobody_asked_for_is_acknowledged_and_ignored(origin: &quot;Recipient&quot;, suppressSending: True, suppressionReason: &quot;HardBounce&quot;)" storage="/users/svendaneel/okam/wt-gr-postmark/webapi.tests/bin/debug/net8.0/webapi.tests.dll" id="bfb32844-6f05-4802-1642-d894c1baa8db">
      <Execution id="f69b24a2-e980-49fd-99cd-d1c3dc2acfc7" />
      <TestMethod codeBase="/Users/svendaneel/okam/wt-gr-postmark/WebApi.Tests/bin/Debug/net8.0/WebApi.Tests.dll" adapterTypeName="executor://xunit/VsTestRunner2/netcoreapp" className="WebApi.Tests.Growth.GrowthPostmarkEventReaderTests" name="A_subscription_change_nobody_asked_for_is_acknowledged_and_ignored" />
    </UnitTest>
    <UnitTest name="WebApi.Tests.Growth.GrowthPostmarkEventReaderTests.An_unclassified_bounce_moves_nothing_rather_than_guessing(type: &quot;DMARCPolicy&quot;, typeCode: 100009)" storage="/users/svendaneel/okam/wt-gr-postmark/webapi.tests/bin/debug/net8.0/webapi.tests.dll" id="cde2f741-8a00-0940-f791-ff40cfe49e5f">
      <Execution id="c97b0c45-e9a3-4c45-80aa-77b18d9f51a5" />
      <TestMethod codeBase="/Users/svendaneel/okam/wt-gr-postmark/WebApi.Tests/bin/Debug/net8.0/WebApi.Tests.dll" adapterTypeName="executor://xunit/VsTestRunner2/netcoreapp" className="WebApi.Tests.Growth.GrowthPostmarkEventReaderTests" name="An_unclassified_bounce_moves_nothing_rather_than_guessing" />
    </UnitTest>
    <UnitTest name="WebApi.Tests.Wire.GrowthPostmarkWebhookWireTests.A_genuine_postmark_hard_bounce_fails_the_delivery_and_suppresses_the_guest_channel_globally" storage="/users/svendaneel/okam/wt-gr-postmark/webapi.tests/bin/debug/net8.0/webapi.tests.dll" id="ea3072a2-79d2-be3a-fd41-5a9890acd8f9">
      <Execution id="1533188c-d51b-4ba8-be67-3ca1e374e77a" />
      <TestMethod codeBase="/Users/svendaneel/okam/wt-gr-postmark/WebApi.Tests/bin/Debug/net8.0/WebApi.Tests.dll" adapterTypeName="executor://xunit/VsTestRunner2/netcoreapp" className="WebApi.Tests.Wire.GrowthPostmarkWebhookWireTests" name="A_genuine_postmark_hard_bounce_fails_the_delivery_and_suppresses_the_guest_channel_globally" />
    </UnitTest>
    <UnitTest name="WebApi.Tests.Wire.GrowthPostmarkWebhookWireTests.A_genuine_postmark_delivery_payload_moves_the_delivery_to_delivered_and_counts_it_once" storage="/users/svendaneel/okam/wt-gr-postmark/webapi.tests/bin/debug/net8.0/webapi.tests.dll" id="4923f944-9444-83bd-ccd8-01088fe0d514">
      <Execution id="066a7be8-8ddd-4c61-b4a2-bf70f47aca20" />
      <TestMethod codeBase="/Users/svendaneel/okam/wt-gr-postmark/WebApi.Tests/bin/Debug/net8.0/WebApi.Tests.dll" adapterTypeName="executor://xunit/VsTestRunner2/netcoreapp" className="WebApi.Tests.Wire.GrowthPostmarkWebhookWireTests" name="A_genuine_postmark_delivery_payload_moves_the_delivery_to_delivered_and_counts_it_once" />
    </UnitTest>
    <UnitTest name="WebApi.Tests.Growth.GrowthPostmarkEventReaderTests.A_subscription_change_nobody_asked_for_is_acknowledged_and_ignored(origin: &quot;Recipient&quot;, suppressSending: False, suppressionReason: null)" storage="/users/svendaneel/okam/wt-gr-postmark/webapi.tests/bin/debug/net8.0/webapi.tests.dll" id="c2c35fd4-4c25-b15e-0570-92b70dd204cd">
      <Execution id="d096f03c-6197-46f2-8436-e1059a69f905" />
      <TestMethod codeBase="/Users/svendaneel/okam/wt-gr-postmark/WebApi.Tests/bin/Debug/net8.0/WebApi.Tests.dll" adapterTypeName="executor://xunit/VsTestRunner2/netcoreapp" className="WebApi.Tests.Growth.GrowthPostmarkEventReaderTests" name="A_subscription_change_nobody_asked_for_is_acknowledged_and_ignored" />
    </UnitTest>
    <UnitTest name="WebApi.Tests.Growth.GrowthPostmarkEventReaderTests.An_unclassified_bounce_moves_nothing_rather_than_guessing(type: &quot;AddressChange&quot;, typeCode: 128)" storage="/users/svendaneel/okam/wt-gr-postmark/webapi.tests/bin/debug/net8.0/webapi.tests.dll" id="32a82b21-17e7-885a-b2d1-ce1caac7a62c">
      <Execution id="4e8922a2-7e89-469f-9a9c-12d6cd02d8f4" />
      <TestMethod codeBase="/Users/svendaneel/okam/wt-gr-postmark/WebApi.Tests/bin/Debug/net8.0/WebApi.Tests.dll" adapterTypeName="executor://xunit/VsTestRunner2/netcoreapp" className="WebApi.Tests.Growth.GrowthPostmarkEventReaderTests" name="An_unclassified_bounce_moves_nothing_rather_than_guessing" />
    </UnitTest>
    <UnitTest name="WebApi.Tests.Growth.GrowthPostmarkEventReaderTests.A_body_postmark_would_never_send_is_refused(json: &quot;{\&quot;RecordType\&quot;:\&quot;Open\&quot;,\&quot;MessageID\&quot;:\&quot;m1\&quot;}&quot;)" storage="/users/svendaneel/okam/wt-gr-postmark/webapi.tests/bin/debug/net8.0/webapi.tests.dll" id="150a04e9-5a7d-c325-098c-f42cb5fecc12">
      <Execution id="f9bc4282-b76e-457f-b002-b5c79c59f83c" />
      <TestMethod codeBase="/Users/svendaneel/okam/wt-gr-postmark/WebApi.Tests/bin/Debug/net8.0/WebApi.Tests.dll" adapterTypeName="executor://xunit/VsTestRunner2/netcoreapp" className="WebApi.Tests.Growth.GrowthPostmarkEventReaderTests" name="A_body_postmark_would_never_send_is_refused" />
    </UnitTest>
    <UnitTest name="WebApi.Tests.Growth.GrowthPostmarkEventReaderTests.A_record_type_this_module_does_not_measure_is_acknowledged(recordType: &quot;Inbound&quot;)" storage="/users/svendaneel/okam/wt-gr-postmark/webapi.tests/bin/debug/net8.0/webapi.tests.dll" id="29b1a3a5-a27a-1926-8f7e-a811a4db397f">
      <Execution id="5445216f-ef37-43d3-a37d-30b26f2c6870" />
      <TestMethod codeBase="/Users/svendaneel/okam/wt-gr-postmark/WebApi.Tests/bin/Debug/net8.0/WebApi.Tests.dll" adapterTypeName="executor://xunit/VsTestRunner2/netcoreapp" className="WebApi.Tests.Growth.GrowthPostmarkEventReaderTests" name="A_record_type_this_module_does_not_measure_is_acknowledged" />
    </UnitTest>
    <UnitTest name="WebApi.Tests.Growth.GrowthPostmarkEventReaderTests.A_body_postmark_would_never_send_is_refused(json: &quot;[]&quot;)" storage="/users/svendaneel/okam/wt-gr-postmark/webapi.tests/bin/debug/net8.0/webapi.tests.dll" id="266345ea-42cf-44a8-e4cc-c05c21aa57f4">
      <Execution id="725ae0e9-2de9-4920-b487-e736f51f464e" />
      <TestMethod codeBase="/Users/svendaneel/okam/wt-gr-postmark/WebApi.Tests/bin/Debug/net8.0/WebApi.Tests.dll" adapterTypeName="executor://xunit/VsTestRunner2/netcoreapp" className="WebApi.Tests.Growth.GrowthPostmarkEventReaderTests" name="A_body_postmark_would_never_send_is_refused" />
    </UnitTest>
    <UnitTest name="WebApi.Tests.Growth.GrowthPostmarkEventReaderTests.The_derived_event_id_keeps_a_delivery_and_an_open_of_one_message_two_distinct_events" storage="/users/svendaneel/okam/wt-gr-postmark/webapi.tests/bin/debug/net8.0/webapi.tests.dll" id="a7deb329-406d-38ff-5075-363fddc614f5">
      <Execution id="c3ef946c-0cae-42fd-add7-ba366e146b98" />
      <TestMethod codeBase="/Users/svendaneel/okam/wt-gr-postmark/WebApi.Tests/bin/Debug/net8.0/WebApi.Tests.dll" adapterTypeName="executor://xunit/VsTestRunner2/netcoreapp" className="WebApi.Tests.Growth.GrowthPostmarkEventReaderTests" name="The_derived_event_id_keeps_a_delivery_and_an_open_of_one_message_two_distinct_events" />
    </UnitTest>
    <UnitTest name="WebApi.Tests.Growth.GrowthPostmarkEventReaderTests.Two_opens_of_one_message_are_two_events_and_a_redelivered_open_is_one" storage="/users/svendaneel/okam/wt-gr-postmark/webapi.tests/bin/debug/net8.0/webapi.tests.dll" id="5fd98feb-5bd1-6510-5d96-7ed19ba57991">
      <Execution id="3319a20a-6dd8-41cb-bd7a-bc508afe8805" />
      <TestMethod codeBase="/Users/svendaneel/okam/wt-gr-postmark/WebApi.Tests/bin/Debug/net8.0/WebApi.Tests.dll" adapterTypeName="executor://xunit/VsTestRunner2/netcoreapp" className="WebApi.Tests.Growth.GrowthPostmarkEventReaderTests" name="Two_opens_of_one_message_are_two_events_and_a_redelivered_open_is_one" />
    </UnitTest>
    <UnitTest name="WebApi.Tests.Growth.GrowthPostmarkEventReaderTests.A_classified_bounce_maps_to_its_effect(type: &quot;BadEmailAddress&quot;, typeCode: 100000, expected: Bounced)" storage="/users/svendaneel/okam/wt-gr-postmark/webapi.tests/bin/debug/net8.0/webapi.tests.dll" id="0c83f652-c7d9-91bb-bed9-9422130f5857">
      <Execution id="e82b759b-1306-4c13-a407-8df303dbaaaf" />
      <TestMethod codeBase="/Users/svendaneel/okam/wt-gr-postmark/WebApi.Tests/bin/Debug/net8.0/WebApi.Tests.dll" adapterTypeName="executor://xunit/VsTestRunner2/netcoreapp" className="WebApi.Tests.Growth.GrowthPostmarkEventReaderTests" name="A_classified_bounce_maps_to_its_effect" />
    </UnitTest>
    <UnitTest name="WebApi.Tests.Growth.GrowthPostmarkEventReaderTests.A_classified_bounce_maps_to_its_effect(type: &quot;SpamComplaint&quot;, typeCode: 100001, expected: Complained)" storage="/users/svendaneel/okam/wt-gr-postmark/webapi.tests/bin/debug/net8.0/webapi.tests.dll" id="ec60ce87-fcc0-742a-edb0-88ecae30bb70">
      <Execution id="0c7e2a51-8221-48ec-83ab-ca98bcf95d26" />
      <TestMethod codeBase="/Users/svendaneel/okam/wt-gr-postmark/WebApi.Tests/bin/Debug/net8.0/WebApi.Tests.dll" adapterTypeName="executor://xunit/VsTestRunner2/netcoreapp" className="WebApi.Tests.Growth.GrowthPostmarkEventReaderTests" name="A_classified_bounce_maps_to_its_effect" />
    </UnitTest>
    <UnitTest name="WebApi.Tests.Growth.GrowthPostmarkEventReaderTests.A_subscription_change_nobody_asked_for_is_acknowledged_and_ignored(origin: &quot;Recipient&quot;, suppressSending: True, suppressionReason: &quot;SpamComplaint&quot;)" storage="/users/svendaneel/okam/wt-gr-postmark/webapi.tests/bin/debug/net8.0/webapi.tests.dll" id="e30f5e52-c425-4727-6caf-fd7b745c1dcf">
      <Execution id="07de03ca-f0cb-410d-90c4-8e6eae4b9d9f" />
      <TestMethod codeBase="/Users/svendaneel/okam/wt-gr-postmark/WebApi.Tests/bin/Debug/net8.0/WebApi.Tests.dll" adapterTypeName="executor://xunit/VsTestRunner2/netcoreapp" className="WebApi.Tests.Growth.GrowthPostmarkEventReaderTests" name="A_subscription_change_nobody_asked_for_is_acknowledged_and_ignored" />
    </UnitTest>
    <UnitTest name="WebApi.Tests.Growth.GrowthPostmarkEventReaderTests.A_record_type_this_module_does_not_measure_is_acknowledged(recordType: &quot;Click&quot;)" storage="/users/svendaneel/okam/wt-gr-postmark/webapi.tests/bin/debug/net8.0/webapi.tests.dll" id="02523fb5-44e6-9a1e-0e4e-c94874739d98">
      <Execution id="cb338085-f9a6-4d7c-a0cf-0a9650139bcb" />
      <TestMethod codeBase="/Users/svendaneel/okam/wt-gr-postmark/WebApi.Tests/bin/Debug/net8.0/WebApi.Tests.dll" adapterTypeName="executor://xunit/VsTestRunner2/netcoreapp" className="WebApi.Tests.Growth.GrowthPostmarkEventReaderTests" name="A_record_type_this_module_does_not_measure_is_acknowledged" />
    </UnitTest>
    <UnitTest name="WebApi.Tests.Growth.GrowthPostmarkEventReaderTests.The_postmark_reader_answers_for_the_provider_key_however_an_operator_typed_it(providerKey: &quot;  postmark  &quot;)" storage="/users/svendaneel/okam/wt-gr-postmark/webapi.tests/bin/debug/net8.0/webapi.tests.dll" id="4b0cfccc-a22c-7744-4b9c-7e37362ba731">
      <Execution id="2491942f-12fb-463a-b8bd-7197be04b137" />
      <TestMethod codeBase="/Users/svendaneel/okam/wt-gr-postmark/WebApi.Tests/bin/Debug/net8.0/WebApi.Tests.dll" adapterTypeName="executor://xunit/VsTestRunner2/netcoreapp" className="WebApi.Tests.Growth.GrowthPostmarkEventReaderTests" name="The_postmark_reader_answers_for_the_provider_key_however_an_operator_typed_it" />
    </UnitTest>
    <UnitTest name="WebApi.Tests.Growth.GrowthPostmarkEventReaderTests.The_one_subscription_change_no_other_webhook_reports_is_the_recipients_own_withdrawal" storage="/users/svendaneel/okam/wt-gr-postmark/webapi.tests/bin/debug/net8.0/webapi.tests.dll" id="4a706353-2f09-91a9-64c2-1a880efaefd3">
      <Execution id="9d3dc354-5294-4933-af43-f1b3a8f04801" />
      <TestMethod codeBase="/Users/svendaneel/okam/wt-gr-postmark/WebApi.Tests/bin/Debug/net8.0/WebApi.Tests.dll" adapterTypeName="executor://xunit/VsTestRunner2/netcoreapp" className="WebApi.Tests.Growth.GrowthPostmarkEventReaderTests" name="The_one_subscription_change_no_other_webhook_reports_is_the_recipients_own_withdrawal" />
    </UnitTest>
    <UnitTest name="WebApi.Tests.Growth.GrowthPostmarkEventReaderTests.A_body_postmark_would_never_send_is_refused(json: &quot;{\&quot;MessageID\&quot;:\&quot;m1\&quot;}&quot;)" storage="/users/svendaneel/okam/wt-gr-postmark/webapi.tests/bin/debug/net8.0/webapi.tests.dll" id="e02c2316-71dd-df92-b6b6-f766cd164a40">
      <Execution id="f34642e6-578c-41dc-93c3-747958d01e66" />
      <TestMethod codeBase="/Users/svendaneel/okam/wt-gr-postmark/WebApi.Tests/bin/Debug/net8.0/WebApi.Tests.dll" adapterTypeName="executor://xunit/VsTestRunner2/netcoreapp" className="WebApi.Tests.Growth.GrowthPostmarkEventReaderTests" name="A_body_postmark_would_never_send_is_refused" />
    </UnitTest>
    <UnitTest name="WebApi.Tests.Growth.GrowthPostmarkEventReaderTests.A_bounce_is_keyed_on_postmarks_own_id_at_full_width" storage="/users/svendaneel/okam/wt-gr-postmark/webapi.tests/bin/debug/net8.0/webapi.tests.dll" id="38c12c65-24dd-bb74-a40d-2e6c45aa9b12">
      <Execution id="0f95fbd8-a532-4f13-9dac-a66c7e017bcb" />
      <TestMethod codeBase="/Users/svendaneel/okam/wt-gr-postmark/WebApi.Tests/bin/Debug/net8.0/WebApi.Tests.dll" adapterTypeName="executor://xunit/VsTestRunner2/netcoreapp" className="WebApi.Tests.Growth.GrowthPostmarkEventReaderTests" name="A_bounce_is_keyed_on_postmarks_own_id_at_full_width" />
    </UnitTest>
    <UnitTest name="WebApi.Tests.Growth.GrowthPostmarkEventReaderTests.A_body_postmark_would_never_send_is_refused(json: &quot;{\&quot;RecordType\&quot;:\&quot;Delivery\&quot;}&quot;)" storage="/users/svendaneel/okam/wt-gr-postmark/webapi.tests/bin/debug/net8.0/webapi.tests.dll" id="7c2a8f6b-62c4-b5f9-5285-541b386caeec">
      <Execution id="3ed1f26b-8f30-47c1-90b5-85fef91069e7" />
      <TestMethod codeBase="/Users/svendaneel/okam/wt-gr-postmark/WebApi.Tests/bin/Debug/net8.0/WebApi.Tests.dll" adapterTypeName="executor://xunit/VsTestRunner2/netcoreapp" className="WebApi.Tests.Growth.GrowthPostmarkEventReaderTests" name="A_body_postmark_would_never_send_is_refused" />
    </UnitTest>
    <UnitTest name="WebApi.Tests.Growth.GrowthPostmarkEventReaderTests.A_classified_bounce_maps_to_its_effect(type: &quot;DnsError&quot;, typeCode: 256, expected: Deferred)" storage="/users/svendaneel/okam/wt-gr-postmark/webapi.tests/bin/debug/net8.0/webapi.tests.dll" id="eba0d0d2-7286-fce2-a10e-4441c84a27c1">
      <Execution id="1ca114bf-1695-47a2-aa25-bee35ef45cad" />
      <TestMethod codeBase="/Users/svendaneel/okam/wt-gr-postmark/WebApi.Tests/bin/Debug/net8.0/WebApi.Tests.dll" adapterTypeName="executor://xunit/VsTestRunner2/netcoreapp" className="WebApi.Tests.Growth.GrowthPostmarkEventReaderTests" name="A_classified_bounce_maps_to_its_effect" />
    </UnitTest>
    <UnitTest name="WebApi.Tests.Growth.GrowthPostmarkEventReaderTests.A_subscription_change_nobody_asked_for_is_acknowledged_and_ignored(origin: &quot;Customer&quot;, suppressSending: True, suppressionReason: &quot;ManualSuppression&quot;)" storage="/users/svendaneel/okam/wt-gr-postmark/webapi.tests/bin/debug/net8.0/webapi.tests.dll" id="f33ffcb4-ecff-1acf-394b-11da4f22d476">
      <Execution id="9f8ce088-9712-40ea-bfdf-f695ec59beb7" />
      <TestMethod codeBase="/Users/svendaneel/okam/wt-gr-postmark/WebApi.Tests/bin/Debug/net8.0/WebApi.Tests.dll" adapterTypeName="executor://xunit/VsTestRunner2/netcoreapp" className="WebApi.Tests.Growth.GrowthPostmarkEventReaderTests" name="A_subscription_change_nobody_asked_for_is_acknowledged_and_ignored" />
    </UnitTest>
    <UnitTest name="WebApi.Tests.Growth.GrowthPostmarkEventReaderTests.A_classified_bounce_maps_to_its_effect(type: &quot;HardBounce&quot;, typeCode: 1, expected: Bounced)" storage="/users/svendaneel/okam/wt-gr-postmark/webapi.tests/bin/debug/net8.0/webapi.tests.dll" id="29a55bba-84af-1e17-a2f7-d8937e27cb55">
      <Execution id="a1de2d3c-1b50-4cf6-8c9f-fbf01cd89b5c" />
      <TestMethod codeBase="/Users/svendaneel/okam/wt-gr-postmark/WebApi.Tests/bin/Debug/net8.0/WebApi.Tests.dll" adapterTypeName="executor://xunit/VsTestRunner2/netcoreapp" className="WebApi.Tests.Growth.GrowthPostmarkEventReaderTests" name="A_classified_bounce_maps_to_its_effect" />
    </UnitTest>
    <UnitTest name="WebApi.Tests.Growth.GrowthPostmarkEventReaderTests.A_body_postmark_would_never_send_is_refused(json: &quot;this is not json&quot;)" storage="/users/svendaneel/okam/wt-gr-postmark/webapi.tests/bin/debug/net8.0/webapi.tests.dll" id="aaa0c8a8-e8ab-3940-006a-fbb7e5ae120e">
      <Execution id="de82c369-1b62-459a-94a6-667a49f21a6d" />
      <TestMethod codeBase="/Users/svendaneel/okam/wt-gr-postmark/WebApi.Tests/bin/Debug/net8.0/WebApi.Tests.dll" adapterTypeName="executor://xunit/VsTestRunner2/netcoreapp" className="WebApi.Tests.Growth.GrowthPostmarkEventReaderTests" name="A_body_postmark_would_never_send_is_refused" />
    </UnitTest>
    <UnitTest name="WebApi.Tests.Growth.GrowthPostmarkEventReaderTests.An_unclassified_bounce_moves_nothing_rather_than_guessing(type: &quot;ChallengeVerification&quot;, typeCode: 16384)" storage="/users/svendaneel/okam/wt-gr-postmark/webapi.tests/bin/debug/net8.0/webapi.tests.dll" id="9cab507f-2641-dd7f-ef0d-10334d9a3aeb">
      <Execution id="aa39fa8c-e317-4bb7-87e2-7391443aa200" />
      <TestMethod codeBase="/Users/svendaneel/okam/wt-gr-postmark/WebApi.Tests/bin/Debug/net8.0/WebApi.Tests.dll" adapterTypeName="executor://xunit/VsTestRunner2/netcoreapp" className="WebApi.Tests.Growth.GrowthPostmarkEventReaderTests" name="An_unclassified_bounce_moves_nothing_rather_than_guessing" />
    </UnitTest>
    <UnitTest name="WebApi.Tests.Growth.GrowthPostmarkEventReaderTests.A_classified_bounce_maps_to_its_effect(type: &quot;Blocked&quot;, typeCode: 100006, expected: Deferred)" storage="/users/svendaneel/okam/wt-gr-postmark/webapi.tests/bin/debug/net8.0/webapi.tests.dll" id="7235e24e-070d-5ab4-0fd5-4595f163a70d">
      <Execution id="7d7c6232-ac77-4513-9fb3-59e2b6285b1b" />
      <TestMethod codeBase="/Users/svendaneel/okam/wt-gr-postmark/WebApi.Tests/bin/Debug/net8.0/WebApi.Tests.dll" adapterTypeName="executor://xunit/VsTestRunner2/netcoreapp" className="WebApi.Tests.Growth.GrowthPostmarkEventReaderTests" name="A_classified_bounce_maps_to_its_effect" />
    </UnitTest>
    <UnitTest name="WebApi.Tests.Wire.GrowthPostmarkWebhookWireTests.A_genuine_postmark_payload_without_a_credential_is_refused_and_writes_nothing" storage="/users/svendaneel/okam/wt-gr-postmark/webapi.tests/bin/debug/net8.0/webapi.tests.dll" id="d9309865-9717-a5c7-fa96-b965719f567c">
      <Execution id="2ab1a7f7-61e0-481d-a298-7386eedbd728" />
      <TestMethod codeBase="/Users/svendaneel/okam/wt-gr-postmark/WebApi.Tests/bin/Debug/net8.0/WebApi.Tests.dll" adapterTypeName="executor://xunit/VsTestRunner2/netcoreapp" className="WebApi.Tests.Wire.GrowthPostmarkWebhookWireTests" name="A_genuine_postmark_payload_without_a_credential_is_refused_and_writes_nothing" />
    </UnitTest>
    <UnitTest name="WebApi.Tests.Growth.GrowthPostmarkEventReaderTests.A_classified_bounce_maps_to_its_effect(type: &quot;Unsubscribe&quot;, typeCode: 16, expected: Unsubscribed)" storage="/users/svendaneel/okam/wt-gr-postmark/webapi.tests/bin/debug/net8.0/webapi.tests.dll" id="c1a7139e-d815-cbf2-de4f-31588fafe888">
      <Execution id="80dfddd7-1277-49e8-915a-054d279d1829" />
      <TestMethod codeBase="/Users/svendaneel/okam/wt-gr-postmark/WebApi.Tests/bin/Debug/net8.0/WebApi.Tests.dll" adapterTypeName="executor://xunit/VsTestRunner2/netcoreapp" className="WebApi.Tests.Growth.GrowthPostmarkEventReaderTests" name="A_classified_bounce_maps_to_its_effect" />
    </UnitTest>
    <UnitTest name="WebApi.Tests.Growth.GrowthPostmarkEventReaderTests.A_classified_bounce_maps_to_its_effect(type: &quot;SpamNotification&quot;, typeCode: 512, expected: Complained)" storage="/users/svendaneel/okam/wt-gr-postmark/webapi.tests/bin/debug/net8.0/webapi.tests.dll" id="2aa77b8b-ccd8-d28a-2e47-b1b22b965d35">
      <Execution id="8079cf86-1d4c-47ef-a95d-1803f3c3e63e" />
      <TestMethod codeBase="/Users/svendaneel/okam/wt-gr-postmark/WebApi.Tests/bin/Debug/net8.0/WebApi.Tests.dll" adapterTypeName="executor://xunit/VsTestRunner2/netcoreapp" className="WebApi.Tests.Growth.GrowthPostmarkEventReaderTests" name="A_classified_bounce_maps_to_its_effect" />
    </UnitTest>
  </TestDefinitions>
  <TestEntries>
    <TestEntry testId="62801e3c-e183-8619-8336-acde5f37a19c" executionId="b54dba11-e72f-4319-add2-310333eb69c7" testListId="8c84fa94-04c1-424b-9868-57a2d4851a1d" />
    <TestEntry testId="ec60ce87-fcc0-742a-edb0-88ecae30bb70" executionId="0c7e2a51-8221-48ec-83ab-ca98bcf95d26" testListId="8c84fa94-04c1-424b-9868-57a2d4851a1d" />
    <TestEntry testId="cde2f741-8a00-0940-f791-ff40cfe49e5f" executionId="c97b0c45-e9a3-4c45-80aa-77b18d9f51a5" testListId="8c84fa94-04c1-424b-9868-57a2d4851a1d" />
    <TestEntry testId="4923f944-9444-83bd-ccd8-01088fe0d514" executionId="066a7be8-8ddd-4c61-b4a2-bf70f47aca20" testListId="8c84fa94-04c1-424b-9868-57a2d4851a1d" />
    <TestEntry testId="c1a7139e-d815-cbf2-de4f-31588fafe888" executionId="80dfddd7-1277-49e8-915a-054d279d1829" testListId="8c84fa94-04c1-424b-9868-57a2d4851a1d" />
    <TestEntry testId="e02c2316-71dd-df92-b6b6-f766cd164a40" executionId="f34642e6-578c-41dc-93c3-747958d01e66" testListId="8c84fa94-04c1-424b-9868-57a2d4851a1d" />
    <TestEntry testId="38c12c65-24dd-bb74-a40d-2e6c45aa9b12" executionId="0f95fbd8-a532-4f13-9dac-a66c7e017bcb" testListId="8c84fa94-04c1-424b-9868-57a2d4851a1d" />
    <TestEntry testId="bd56a982-ad8b-70db-5e0f-737768557612" executionId="2f3819c2-30fc-4b0d-8dc9-acb55351e138" testListId="8c84fa94-04c1-424b-9868-57a2d4851a1d" />
    <TestEntry testId="eba0d0d2-7286-fce2-a10e-4441c84a27c1" executionId="1ca114bf-1695-47a2-aa25-bee35ef45cad" testListId="8c84fa94-04c1-424b-9868-57a2d4851a1d" />
    <TestEntry testId="9cab507f-2641-dd7f-ef0d-10334d9a3aeb" executionId="aa39fa8c-e317-4bb7-87e2-7391443aa200" testListId="8c84fa94-04c1-424b-9868-57a2d4851a1d" />
    <TestEntry testId="aaa0c8a8-e8ab-3940-006a-fbb7e5ae120e" executionId="de82c369-1b62-459a-94a6-667a49f21a6d" testListId="8c84fa94-04c1-424b-9868-57a2d4851a1d" />
    <TestEntry testId="4ff2ea7c-d0d1-96ec-7ceb-d82b4c47cc4d" executionId="e2c7f923-5948-4b4c-b64a-7a435958e6ce" testListId="8c84fa94-04c1-424b-9868-57a2d4851a1d" />
    <TestEntry testId="f33ffcb4-ecff-1acf-394b-11da4f22d476" executionId="9f8ce088-9712-40ea-bfdf-f695ec59beb7" testListId="8c84fa94-04c1-424b-9868-57a2d4851a1d" />
    <TestEntry testId="32a82b21-17e7-885a-b2d1-ce1caac7a62c" executionId="4e8922a2-7e89-469f-9a9c-12d6cd02d8f4" testListId="8c84fa94-04c1-424b-9868-57a2d4851a1d" />
    <TestEntry testId="4a706353-2f09-91a9-64c2-1a880efaefd3" executionId="9d3dc354-5294-4933-af43-f1b3a8f04801" testListId="8c84fa94-04c1-424b-9868-57a2d4851a1d" />
    <TestEntry testId="7189a059-be6d-de7f-aae1-5180f0c77370" executionId="f7fad490-812f-4c00-8d62-20971289fcf0" testListId="8c84fa94-04c1-424b-9868-57a2d4851a1d" />
    <TestEntry testId="0fd6236e-ff60-6277-4e6e-d2f5174b8aa1" executionId="9ba38e02-2aa5-40fc-bea6-8c8f5e9bc422" testListId="8c84fa94-04c1-424b-9868-57a2d4851a1d" />
    <TestEntry testId="306c8723-6d77-cabe-967f-77970b7b1433" executionId="94d36d01-da1f-4fd1-a746-f82a3b7dac16" testListId="8c84fa94-04c1-424b-9868-57a2d4851a1d" />
    <TestEntry testId="bfb32844-6f05-4802-1642-d894c1baa8db" executionId="f69b24a2-e980-49fd-99cd-d1c3dc2acfc7" testListId="8c84fa94-04c1-424b-9868-57a2d4851a1d" />
    <TestEntry testId="279ddd98-f4cf-318c-4ef5-e1bc00de0359" executionId="9a3a5e01-5a84-4340-8384-e84fee65adac" testListId="8c84fa94-04c1-424b-9868-57a2d4851a1d" />
    <TestEntry testId="f5eda2d3-8238-20c3-0fd7-60eaf7f40ce0" executionId="d16e9434-75a4-43b0-abfa-fc8af27959fb" testListId="8c84fa94-04c1-424b-9868-57a2d4851a1d" />
    <TestEntry testId="7235e24e-070d-5ab4-0fd5-4595f163a70d" executionId="7d7c6232-ac77-4513-9fb3-59e2b6285b1b" testListId="8c84fa94-04c1-424b-9868-57a2d4851a1d" />
    <TestEntry testId="2324509d-8783-e872-843a-d02de0df4379" executionId="36cb75b0-73b7-4560-b9d6-5fca3ed748db" testListId="8c84fa94-04c1-424b-9868-57a2d4851a1d" />
    <TestEntry testId="09c6f771-714e-f8fa-e4c6-22dbbc2dd561" executionId="c18a9469-f089-4021-8cf5-d07191df2e2b" testListId="8c84fa94-04c1-424b-9868-57a2d4851a1d" />
    <TestEntry testId="d9309865-9717-a5c7-fa96-b965719f567c" executionId="2ab1a7f7-61e0-481d-a298-7386eedbd728" testListId="8c84fa94-04c1-424b-9868-57a2d4851a1d" />
    <TestEntry testId="50be1d8a-7663-0b7a-7dfb-53b57da74d86" executionId="9f2da9d6-4778-4cf6-8c28-7f030e722589" testListId="8c84fa94-04c1-424b-9868-57a2d4851a1d" />
    <TestEntry testId="e30f5e52-c425-4727-6caf-fd7b745c1dcf" executionId="07de03ca-f0cb-410d-90c4-8e6eae4b9d9f" testListId="8c84fa94-04c1-424b-9868-57a2d4851a1d" />
    <TestEntry testId="02523fb5-44e6-9a1e-0e4e-c94874739d98" executionId="cb338085-f9a6-4d7c-a0cf-0a9650139bcb" testListId="8c84fa94-04c1-424b-9868-57a2d4851a1d" />
    <TestEntry testId="29b1a3a5-a27a-1926-8f7e-a811a4db397f" executionId="5445216f-ef37-43d3-a37d-30b26f2c6870" testListId="8c84fa94-04c1-424b-9868-57a2d4851a1d" />
    <TestEntry testId="29a55bba-84af-1e17-a2f7-d8937e27cb55" executionId="a1de2d3c-1b50-4cf6-8c9f-fbf01cd89b5c" testListId="8c84fa94-04c1-424b-9868-57a2d4851a1d" />
    <TestEntry testId="403e5c34-6ae3-8014-f84b-76e0f0eb0c88" executionId="878e568e-5ddb-49f4-a24b-77321c6ac873" testListId="8c84fa94-04c1-424b-9868-57a2d4851a1d" />
    <TestEntry testId="d84f11cd-d311-d5a3-896b-1cfb611da2b9" executionId="dc6fd329-8a9e-41e3-bf6e-4e0838205c34" testListId="8c84fa94-04c1-424b-9868-57a2d4851a1d" />
    <TestEntry testId="5fd98feb-5bd1-6510-5d96-7ed19ba57991" executionId="3319a20a-6dd8-41cb-bd7a-bc508afe8805" testListId="8c84fa94-04c1-424b-9868-57a2d4851a1d" />
    <TestEntry testId="4b0cfccc-a22c-7744-4b9c-7e37362ba731" executionId="2491942f-12fb-463a-b8bd-7197be04b137" testListId="8c84fa94-04c1-424b-9868-57a2d4851a1d" />
    <TestEntry testId="67091f87-b24c-a13d-9951-99c5bf7c60fb" executionId="f6d4e979-5e4f-4b7f-a994-6e8d38c10c4c" testListId="8c84fa94-04c1-424b-9868-57a2d4851a1d" />
    <TestEntry testId="7c2a8f6b-62c4-b5f9-5285-541b386caeec" executionId="3ed1f26b-8f30-47c1-90b5-85fef91069e7" testListId="8c84fa94-04c1-424b-9868-57a2d4851a1d" />
    <TestEntry testId="ea3072a2-79d2-be3a-fd41-5a9890acd8f9" executionId="1533188c-d51b-4ba8-be67-3ca1e374e77a" testListId="8c84fa94-04c1-424b-9868-57a2d4851a1d" />
    <TestEntry testId="7b760fde-54b1-5233-e5cc-6863cb9e8c0a" executionId="ead411f4-856f-47c2-8472-d66c069225cd" testListId="8c84fa94-04c1-424b-9868-57a2d4851a1d" />
    <TestEntry testId="e0600813-cb6b-5957-3d29-ea7ab04bc1d9" executionId="6f1c10aa-ad7d-4b14-aba4-fd1d9e71281f" testListId="8c84fa94-04c1-424b-9868-57a2d4851a1d" />
    <TestEntry testId="2aa77b8b-ccd8-d28a-2e47-b1b22b965d35" executionId="8079cf86-1d4c-47ef-a95d-1803f3c3e63e" testListId="8c84fa94-04c1-424b-9868-57a2d4851a1d" />
    <TestEntry testId="96bd3b67-17fb-76a9-70e7-518b72987d04" executionId="e5d7f12e-b65c-4c25-8fb0-964139c5b5ce" testListId="8c84fa94-04c1-424b-9868-57a2d4851a1d" />
    <TestEntry testId="c2c35fd4-4c25-b15e-0570-92b70dd204cd" executionId="d096f03c-6197-46f2-8436-e1059a69f905" testListId="8c84fa94-04c1-424b-9868-57a2d4851a1d" />
    <TestEntry testId="150a04e9-5a7d-c325-098c-f42cb5fecc12" executionId="f9bc4282-b76e-457f-b002-b5c79c59f83c" testListId="8c84fa94-04c1-424b-9868-57a2d4851a1d" />
    <TestEntry testId="0c83f652-c7d9-91bb-bed9-9422130f5857" executionId="e82b759b-1306-4c13-a407-8df303dbaaaf" testListId="8c84fa94-04c1-424b-9868-57a2d4851a1d" />
    <TestEntry testId="266345ea-42cf-44a8-e4cc-c05c21aa57f4" executionId="725ae0e9-2de9-4920-b487-e736f51f464e" testListId="8c84fa94-04c1-424b-9868-57a2d4851a1d" />
    <TestEntry testId="a7deb329-406d-38ff-5075-363fddc614f5" executionId="c3ef946c-0cae-42fd-add7-ba366e146b98" testListId="8c84fa94-04c1-424b-9868-57a2d4851a1d" />
  </TestEntries>
  <TestLists>
    <TestList name="Results Not in a List" id="8c84fa94-04c1-424b-9868-57a2d4851a1d" />
    <TestList name="All Loaded Results" id="19431567-8539-422a-85d7-44ee4e166bda" />
  </TestLists>
  <ResultSummary outcome="Completed">
    <Counters total="46" executed="46" passed="46" failed="0" error="0" timeout="0" aborted="0" inconclusive="0" passedButRunAborted="0" notRunnable="0" notExecuted="0" disconnected="0" warning="0" completed="0" inProgress="0" pending="0" />
    <Output>
      <StdOut>[xUnit.net 00:00:00.00] xUnit.net VSTest Adapter v2.4.5+1caef2f33e (64-bit .NET 8.0.28)
[xUnit.net 00:00:01.96]   Discovering: WebApi.Tests
[xUnit.net 00:00:02.71]   Discovered:  WebApi.Tests
[xUnit.net 00:00:02.71]   Starting:    WebApi.Tests
[xUnit.net 00:00:11.15]   Finished:    WebApi.Tests
</StdOut>
    </Output>
  </ResultSummary>
</TestRun>