<?xml version="1.0" encoding="utf-8"?>
<TestRun id="80f230be-42ce-4350-8188-e8fecaf47466" name="@Svens-MacBook-Pro 2026-08-09 17:53:54" xmlns="http://microsoft.com/schemas/VisualStudio/TeamTest/2010">
  <Times creation="2026-08-09T17:53:54.5227990+02:00" queuing="2026-08-09T17:53:54.5227990+02:00" start="2026-08-09T17:53:52.4770060+02:00" finish="2026-08-09T17:53:54.8267410+02:00" />
  <TestSettings name="default" id="187b4a23-8851-47dd-ae16-edf682ba1daa">
    <Deployment runDeploymentRoot="_Svens-MacBook-Pro_2026-08-09_17_53_54" />
  </TestSettings>
  <Results>
    <UnitTestResult executionId="a57a9076-0b9e-4d2a-844b-f5e4c87dcd48" testId="57cd2892-394f-0ed3-177b-f6b830772e1f" testName="WebApi.Tests.Observability.CapabilityRouteTelemetryTests.A_percent_encoded_route_value_reaches_telemetry_redacted(asWritten: &quot;%2B4791234500&quot;)" computerName="Svens-MacBook-Pro" duration="00:00:00.0001392" startTime="2026-08-09T17:53:54.5085800+02:00" endTime="2026-08-09T17:53:54.5085800+02:00" testType="13cdc9d9-ddb5-4fa4-a97d-d965ccfc6d4b" outcome="Passed" testListId="8c84fa94-04c1-424b-9868-57a2d4851a1d" relativeResultsDirectory="a57a9076-0b9e-4d2a-844b-f5e4c87dcd48" />
    <UnitTestResult executionId="94888a4c-df99-4017-a43a-0bf97ff5e7c7" testId="a3bfa9c4-7130-05b0-6243-5d80dcad4021" testName="WebApi.Tests.Observability.CapabilityRouteTelemetryTests.Anonymous_by_omission_endpoints_exist_in_this_assembly_today" computerName="Svens-MacBook-Pro" duration="00:00:00.2614333" startTime="2026-08-09T17:53:54.7649400+02:00" endTime="2026-08-09T17:53:54.7649410+02:00" testType="13cdc9d9-ddb5-4fa4-a97d-d965ccfc6d4b" outcome="Passed" testListId="8c84fa94-04c1-424b-9868-57a2d4851a1d" relativeResultsDirectory="94888a4c-df99-4017-a43a-0bf97ff5e7c7" />
    <UnitTestResult executionId="3b85ee93-aa9e-42df-897b-90b37e2f49d7" testId="fe9d0d7f-b99a-ec87-6ec6-6967e1ced55b" testName="WebApi.Tests.Observability.CapabilityRouteTelemetryTests.An_unrouted_redaction_still_correlates_two_requests_carrying_one_capability" computerName="Svens-MacBook-Pro" duration="00:00:00.0026133" startTime="2026-08-09T17:53:54.5010820+02:00" endTime="2026-08-09T17:53:54.5010820+02:00" testType="13cdc9d9-ddb5-4fa4-a97d-d965ccfc6d4b" outcome="Passed" testListId="8c84fa94-04c1-424b-9868-57a2d4851a1d" relativeResultsDirectory="3b85ee93-aa9e-42df-897b-90b37e2f49d7" />
    <UnitTestResult executionId="0d8f8911-e4fc-4da6-a2ad-3a468eb8a8dd" testId="0b500ed6-a44d-e7d9-7771-e7a1567c2740" testName="WebApi.Tests.Observability.CapabilityRouteTelemetryTests.An_authorized_endpoint_keeps_the_entity_id_in_its_url" computerName="Svens-MacBook-Pro" duration="00:00:00.0002816" startTime="2026-08-09T17:53:54.5005200+02:00" endTime="2026-08-09T17:53:54.5005200+02:00" testType="13cdc9d9-ddb5-4fa4-a97d-d965ccfc6d4b" outcome="Passed" testListId="8c84fa94-04c1-424b-9868-57a2d4851a1d" relativeResultsDirectory="0d8f8911-e4fc-4da6-a2ad-3a468eb8a8dd" />
    <UnitTestResult executionId="fa4e9018-e023-4453-861d-5996399f476d" testId="09c97d50-d516-15ae-c5a3-83fe44ff44bf" testName="WebApi.Tests.Observability.CapabilityRouteTelemetryTests.A_method_mismatch_reaches_telemetry_without_the_phone_number_in_its_path" computerName="Svens-MacBook-Pro" duration="00:00:00.0001166" startTime="2026-08-09T17:53:54.5014150+02:00" endTime="2026-08-09T17:53:54.5014150+02:00" testType="13cdc9d9-ddb5-4fa4-a97d-d965ccfc6d4b" outcome="Passed" testListId="8c84fa94-04c1-424b-9868-57a2d4851a1d" relativeResultsDirectory="fa4e9018-e023-4453-861d-5996399f476d" />
    <UnitTestResult executionId="4db3ff49-2237-488b-b62e-3219a3df975e" testId="30fbfb66-4d33-eef4-051e-1433654685f3" testName="WebApi.Tests.Observability.CapabilityRouteTelemetryTests.A_value_no_rule_removed_costs_the_url_rather_than_being_published" computerName="Svens-MacBook-Pro" duration="00:00:00.0002841" startTime="2026-08-09T17:53:54.5086940+02:00" endTime="2026-08-09T17:53:54.5086940+02:00" testType="13cdc9d9-ddb5-4fa4-a97d-d965ccfc6d4b" outcome="Passed" testListId="8c84fa94-04c1-424b-9868-57a2d4851a1d" relativeResultsDirectory="4db3ff49-2237-488b-b62e-3219a3df975e" />
    <UnitTestResult executionId="d98ab45a-2a18-4769-b070-1bc307c38614" testId="7a0b47d6-ad6c-f6cf-70f0-12b46416893f" testName="WebApi.Tests.Observability.CapabilityRouteTelemetryTests.A_deposit_link_an_email_client_mangled_reaches_telemetry_without_its_token(glued: &quot;,&quot;)" computerName="Svens-MacBook-Pro" duration="00:00:00.0005046" startTime="2026-08-09T17:53:54.5011580+02:00" endTime="2026-08-09T17:53:54.5011580+02:00" testType="13cdc9d9-ddb5-4fa4-a97d-d965ccfc6d4b" outcome="Passed" testListId="8c84fa94-04c1-424b-9868-57a2d4851a1d" relativeResultsDirectory="d98ab45a-2a18-4769-b070-1bc307c38614" />
    <UnitTestResult executionId="37a3f18d-0f6f-4b15-a33f-3626abf0beb3" testId="dbe8daea-1089-a9de-78c6-922f7d31e2aa" testName="WebApi.Tests.Observability.CapabilityRouteTelemetryTests.A_deposit_link_an_email_client_mangled_reaches_telemetry_without_its_token(glued: &quot;.&quot;)" computerName="Svens-MacBook-Pro" duration="00:00:00.0001048" startTime="2026-08-09T17:53:54.5012080+02:00" endTime="2026-08-09T17:53:54.5012080+02:00" testType="13cdc9d9-ddb5-4fa4-a97d-d965ccfc6d4b" outcome="Passed" testListId="8c84fa94-04c1-424b-9868-57a2d4851a1d" relativeResultsDirectory="37a3f18d-0f6f-4b15-a33f-3626abf0beb3" />
    <UnitTestResult executionId="f4b07944-6a55-4aa2-80d9-969cd181ac16" testId="19de3202-4fc7-4da6-8c31-30336da0056f" testName="WebApi.Tests.Observability.CapabilityRouteTelemetryTests.An_allow_anonymous_action_on_an_authorized_controller_is_anonymous" computerName="Svens-MacBook-Pro" duration="00:00:00.0000579" startTime="2026-08-09T17:53:54.7650620+02:00" endTime="2026-08-09T17:53:54.7650630+02:00" testType="13cdc9d9-ddb5-4fa4-a97d-d965ccfc6d4b" outcome="Passed" testListId="8c84fa94-04c1-424b-9868-57a2d4851a1d" relativeResultsDirectory="f4b07944-6a55-4aa2-80d9-969cd181ac16" />
    <UnitTestResult executionId="4999b26b-11d5-4791-9775-13d4f66b1632" testId="32b08a52-2a47-f118-5358-c37ccb25a414" testName="WebApi.Tests.Observability.CapabilityRouteTelemetryTests.A_deposit_link_an_email_client_mangled_reaches_telemetry_without_its_token(glued: &quot;%5D&quot;)" computerName="Svens-MacBook-Pro" duration="00:00:00.0000601" startTime="2026-08-09T17:53:54.5012620+02:00" endTime="2026-08-09T17:53:54.5012620+02:00" testType="13cdc9d9-ddb5-4fa4-a97d-d965ccfc6d4b" outcome="Passed" testListId="8c84fa94-04c1-424b-9868-57a2d4851a1d" relativeResultsDirectory="4999b26b-11d5-4791-9775-13d4f66b1632" />
    <UnitTestResult executionId="371ca714-a85f-41ac-9304-64c456108d2f" testId="8d8ed74a-b9f9-963d-e4eb-74340c53c61f" testName="WebApi.Tests.Observability.CapabilityRouteTelemetryTests.A_percent_encoded_route_value_reaches_telemetry_redacted(asWritten: &quot;+4791234500&quot;)" computerName="Svens-MacBook-Pro" duration="00:00:00.0000211" startTime="2026-08-09T17:53:54.5086310+02:00" endTime="2026-08-09T17:53:54.5086310+02:00" testType="13cdc9d9-ddb5-4fa4-a97d-d965ccfc6d4b" outcome="Passed" testListId="8c84fa94-04c1-424b-9868-57a2d4851a1d" relativeResultsDirectory="371ca714-a85f-41ac-9304-64c456108d2f" />
    <UnitTestResult executionId="1b78710f-98fe-4821-8c3b-adb5feb77221" testId="15aca1df-c1f9-1dc6-ca20-8c8c42ddd7a3" testName="WebApi.Tests.Observability.CapabilityRouteTelemetryTests.An_endpoint_that_omits_authorization_is_anonymous_for_the_value_shape_trigger" computerName="Svens-MacBook-Pro" duration="00:00:00.0157149" startTime="2026-08-09T17:53:54.4970220+02:00" endTime="2026-08-09T17:53:54.4970480+02:00" testType="13cdc9d9-ddb5-4fa4-a97d-d965ccfc6d4b" outcome="Passed" testListId="8c84fa94-04c1-424b-9868-57a2d4851a1d" relativeResultsDirectory="1b78710f-98fe-4821-8c3b-adb5feb77221" />
    <UnitTestResult executionId="394a6426-1099-4da2-830c-ee311a2c2e10" testId="5007e884-ea3c-1c08-5282-f3f452813a4c" testName="WebApi.Tests.Observability.CapabilityRouteTelemetryTests.A_percent_encoded_route_value_reaches_telemetry_redacted(asWritten: &quot;%2b4791234500&quot;)" computerName="Svens-MacBook-Pro" duration="00:00:00.0019565" startTime="2026-08-09T17:53:54.5085010+02:00" endTime="2026-08-09T17:53:54.5085010+02:00" testType="13cdc9d9-ddb5-4fa4-a97d-d965ccfc6d4b" outcome="Passed" testListId="8c84fa94-04c1-424b-9868-57a2d4851a1d" relativeResultsDirectory="394a6426-1099-4da2-830c-ee311a2c2e10" />
    <UnitTestResult executionId="73f9cb00-ea7a-4736-a785-58624afc0187" testId="f9b2be16-a1eb-7faf-46d0-68bcf8314b17" testName="WebApi.Tests.Observability.CapabilityRouteTelemetryTests.A_deposit_link_an_email_client_mangled_reaches_telemetry_without_its_token(glued: &quot;]&quot;)" computerName="Svens-MacBook-Pro" duration="00:00:00.0000101" startTime="2026-08-09T17:53:54.5013570+02:00" endTime="2026-08-09T17:53:54.5013570+02:00" testType="13cdc9d9-ddb5-4fa4-a97d-d965ccfc6d4b" outcome="Passed" testListId="8c84fa94-04c1-424b-9868-57a2d4851a1d" relativeResultsDirectory="73f9cb00-ea7a-4736-a785-58624afc0187" />
    <UnitTestResult executionId="bb99552f-607b-444e-97f1-4692e3dfe5ce" testId="41a6df79-340e-fae2-94c0-44bd01804a80" testName="WebApi.Tests.Observability.CapabilityRouteTelemetryTests.A_deposit_link_an_email_client_mangled_reaches_telemetry_without_its_token(glued: &quot;&gt;&quot;)" computerName="Svens-MacBook-Pro" duration="00:00:00.0000185" startTime="2026-08-09T17:53:54.5013090+02:00" endTime="2026-08-09T17:53:54.5013090+02:00" testType="13cdc9d9-ddb5-4fa4-a97d-d965ccfc6d4b" outcome="Passed" testListId="8c84fa94-04c1-424b-9868-57a2d4851a1d" relativeResultsDirectory="bb99552f-607b-444e-97f1-4692e3dfe5ce" />
  </Results>
  <TestDefinitions>
    <UnitTest name="WebApi.Tests.Observability.CapabilityRouteTelemetryTests.A_percent_encoded_route_value_reaches_telemetry_redacted(asWritten: &quot;%2b4791234500&quot;)" storage="/users/svendaneel/okam/wt-vippsredact/webapi.tests/bin/debug/net8.0/webapi.tests.dll" id="5007e884-ea3c-1c08-5282-f3f452813a4c">
      <Execution id="394a6426-1099-4da2-830c-ee311a2c2e10" />
      <TestMethod codeBase="/Users/svendaneel/okam/wt-vippsredact/WebApi.Tests/bin/Debug/net8.0/WebApi.Tests.dll" adapterTypeName="executor://xunit/VsTestRunner2/netcoreapp" className="WebApi.Tests.Observability.CapabilityRouteTelemetryTests" name="A_percent_encoded_route_value_reaches_telemetry_redacted" />
    </UnitTest>
    <UnitTest name="WebApi.Tests.Observability.CapabilityRouteTelemetryTests.A_percent_encoded_route_value_reaches_telemetry_redacted(asWritten: &quot;%2B4791234500&quot;)" storage="/users/svendaneel/okam/wt-vippsredact/webapi.tests/bin/debug/net8.0/webapi.tests.dll" id="57cd2892-394f-0ed3-177b-f6b830772e1f">
      <Execution id="a57a9076-0b9e-4d2a-844b-f5e4c87dcd48" />
      <TestMethod codeBase="/Users/svendaneel/okam/wt-vippsredact/WebApi.Tests/bin/Debug/net8.0/WebApi.Tests.dll" adapterTypeName="executor://xunit/VsTestRunner2/netcoreapp" className="WebApi.Tests.Observability.CapabilityRouteTelemetryTests" name="A_percent_encoded_route_value_reaches_telemetry_redacted" />
    </UnitTest>
    <UnitTest name="WebApi.Tests.Observability.CapabilityRouteTelemetryTests.A_percent_encoded_route_value_reaches_telemetry_redacted(asWritten: &quot;+4791234500&quot;)" storage="/users/svendaneel/okam/wt-vippsredact/webapi.tests/bin/debug/net8.0/webapi.tests.dll" id="8d8ed74a-b9f9-963d-e4eb-74340c53c61f">
      <Execution id="371ca714-a85f-41ac-9304-64c456108d2f" />
      <TestMethod codeBase="/Users/svendaneel/okam/wt-vippsredact/WebApi.Tests/bin/Debug/net8.0/WebApi.Tests.dll" adapterTypeName="executor://xunit/VsTestRunner2/netcoreapp" className="WebApi.Tests.Observability.CapabilityRouteTelemetryTests" name="A_percent_encoded_route_value_reaches_telemetry_redacted" />
    </UnitTest>
    <UnitTest name="WebApi.Tests.Observability.CapabilityRouteTelemetryTests.An_unrouted_redaction_still_correlates_two_requests_carrying_one_capability" storage="/users/svendaneel/okam/wt-vippsredact/webapi.tests/bin/debug/net8.0/webapi.tests.dll" id="fe9d0d7f-b99a-ec87-6ec6-6967e1ced55b">
      <Execution id="3b85ee93-aa9e-42df-897b-90b37e2f49d7" />
      <TestMethod codeBase="/Users/svendaneel/okam/wt-vippsredact/WebApi.Tests/bin/Debug/net8.0/WebApi.Tests.dll" adapterTypeName="executor://xunit/VsTestRunner2/netcoreapp" className="WebApi.Tests.Observability.CapabilityRouteTelemetryTests" name="An_unrouted_redaction_still_correlates_two_requests_carrying_one_capability" />
    </UnitTest>
    <UnitTest name="WebApi.Tests.Observability.CapabilityRouteTelemetryTests.An_endpoint_that_omits_authorization_is_anonymous_for_the_value_shape_trigger" storage="/users/svendaneel/okam/wt-vippsredact/webapi.tests/bin/debug/net8.0/webapi.tests.dll" id="15aca1df-c1f9-1dc6-ca20-8c8c42ddd7a3">
      <Execution id="1b78710f-98fe-4821-8c3b-adb5feb77221" />
      <TestMethod codeBase="/Users/svendaneel/okam/wt-vippsredact/WebApi.Tests/bin/Debug/net8.0/WebApi.Tests.dll" adapterTypeName="executor://xunit/VsTestRunner2/netcoreapp" className="WebApi.Tests.Observability.CapabilityRouteTelemetryTests" name="An_endpoint_that_omits_authorization_is_anonymous_for_the_value_shape_trigger" />
    </UnitTest>
    <UnitTest name="WebApi.Tests.Observability.CapabilityRouteTelemetryTests.A_deposit_link_an_email_client_mangled_reaches_telemetry_without_its_token(glued: &quot;]&quot;)" storage="/users/svendaneel/okam/wt-vippsredact/webapi.tests/bin/debug/net8.0/webapi.tests.dll" id="f9b2be16-a1eb-7faf-46d0-68bcf8314b17">
      <Execution id="73f9cb00-ea7a-4736-a785-58624afc0187" />
      <TestMethod codeBase="/Users/svendaneel/okam/wt-vippsredact/WebApi.Tests/bin/Debug/net8.0/WebApi.Tests.dll" adapterTypeName="executor://xunit/VsTestRunner2/netcoreapp" className="WebApi.Tests.Observability.CapabilityRouteTelemetryTests" name="A_deposit_link_an_email_client_mangled_reaches_telemetry_without_its_token" />
    </UnitTest>
    <UnitTest name="WebApi.Tests.Observability.CapabilityRouteTelemetryTests.A_deposit_link_an_email_client_mangled_reaches_telemetry_without_its_token(glued: &quot;&gt;&quot;)" storage="/users/svendaneel/okam/wt-vippsredact/webapi.tests/bin/debug/net8.0/webapi.tests.dll" id="41a6df79-340e-fae2-94c0-44bd01804a80">
      <Execution id="bb99552f-607b-444e-97f1-4692e3dfe5ce" />
      <TestMethod codeBase="/Users/svendaneel/okam/wt-vippsredact/WebApi.Tests/bin/Debug/net8.0/WebApi.Tests.dll" adapterTypeName="executor://xunit/VsTestRunner2/netcoreapp" className="WebApi.Tests.Observability.CapabilityRouteTelemetryTests" name="A_deposit_link_an_email_client_mangled_reaches_telemetry_without_its_token" />
    </UnitTest>
    <UnitTest name="WebApi.Tests.Observability.CapabilityRouteTelemetryTests.A_deposit_link_an_email_client_mangled_reaches_telemetry_without_its_token(glued: &quot;%5D&quot;)" storage="/users/svendaneel/okam/wt-vippsredact/webapi.tests/bin/debug/net8.0/webapi.tests.dll" id="32b08a52-2a47-f118-5358-c37ccb25a414">
      <Execution id="4999b26b-11d5-4791-9775-13d4f66b1632" />
      <TestMethod codeBase="/Users/svendaneel/okam/wt-vippsredact/WebApi.Tests/bin/Debug/net8.0/WebApi.Tests.dll" adapterTypeName="executor://xunit/VsTestRunner2/netcoreapp" className="WebApi.Tests.Observability.CapabilityRouteTelemetryTests" name="A_deposit_link_an_email_client_mangled_reaches_telemetry_without_its_token" />
    </UnitTest>
    <UnitTest name="WebApi.Tests.Observability.CapabilityRouteTelemetryTests.A_deposit_link_an_email_client_mangled_reaches_telemetry_without_its_token(glued: &quot;.&quot;)" storage="/users/svendaneel/okam/wt-vippsredact/webapi.tests/bin/debug/net8.0/webapi.tests.dll" id="dbe8daea-1089-a9de-78c6-922f7d31e2aa">
      <Execution id="37a3f18d-0f6f-4b15-a33f-3626abf0beb3" />
      <TestMethod codeBase="/Users/svendaneel/okam/wt-vippsredact/WebApi.Tests/bin/Debug/net8.0/WebApi.Tests.dll" adapterTypeName="executor://xunit/VsTestRunner2/netcoreapp" className="WebApi.Tests.Observability.CapabilityRouteTelemetryTests" name="A_deposit_link_an_email_client_mangled_reaches_telemetry_without_its_token" />
    </UnitTest>
    <UnitTest name="WebApi.Tests.Observability.CapabilityRouteTelemetryTests.A_method_mismatch_reaches_telemetry_without_the_phone_number_in_its_path" storage="/users/svendaneel/okam/wt-vippsredact/webapi.tests/bin/debug/net8.0/webapi.tests.dll" id="09c97d50-d516-15ae-c5a3-83fe44ff44bf">
      <Execution id="fa4e9018-e023-4453-861d-5996399f476d" />
      <TestMethod codeBase="/Users/svendaneel/okam/wt-vippsredact/WebApi.Tests/bin/Debug/net8.0/WebApi.Tests.dll" adapterTypeName="executor://xunit/VsTestRunner2/netcoreapp" className="WebApi.Tests.Observability.CapabilityRouteTelemetryTests" name="A_method_mismatch_reaches_telemetry_without_the_phone_number_in_its_path" />
    </UnitTest>
    <UnitTest name="WebApi.Tests.Observability.CapabilityRouteTelemetryTests.A_value_no_rule_removed_costs_the_url_rather_than_being_published" storage="/users/svendaneel/okam/wt-vippsredact/webapi.tests/bin/debug/net8.0/webapi.tests.dll" id="30fbfb66-4d33-eef4-051e-1433654685f3">
      <Execution id="4db3ff49-2237-488b-b62e-3219a3df975e" />
      <TestMethod codeBase="/Users/svendaneel/okam/wt-vippsredact/WebApi.Tests/bin/Debug/net8.0/WebApi.Tests.dll" adapterTypeName="executor://xunit/VsTestRunner2/netcoreapp" className="WebApi.Tests.Observability.CapabilityRouteTelemetryTests" name="A_value_no_rule_removed_costs_the_url_rather_than_being_published" />
    </UnitTest>
    <UnitTest name="WebApi.Tests.Observability.CapabilityRouteTelemetryTests.An_allow_anonymous_action_on_an_authorized_controller_is_anonymous" storage="/users/svendaneel/okam/wt-vippsredact/webapi.tests/bin/debug/net8.0/webapi.tests.dll" id="19de3202-4fc7-4da6-8c31-30336da0056f">
      <Execution id="f4b07944-6a55-4aa2-80d9-969cd181ac16" />
      <TestMethod codeBase="/Users/svendaneel/okam/wt-vippsredact/WebApi.Tests/bin/Debug/net8.0/WebApi.Tests.dll" adapterTypeName="executor://xunit/VsTestRunner2/netcoreapp" className="WebApi.Tests.Observability.CapabilityRouteTelemetryTests" name="An_allow_anonymous_action_on_an_authorized_controller_is_anonymous" />
    </UnitTest>
    <UnitTest name="WebApi.Tests.Observability.CapabilityRouteTelemetryTests.A_deposit_link_an_email_client_mangled_reaches_telemetry_without_its_token(glued: &quot;,&quot;)" storage="/users/svendaneel/okam/wt-vippsredact/webapi.tests/bin/debug/net8.0/webapi.tests.dll" id="7a0b47d6-ad6c-f6cf-70f0-12b46416893f">
      <Execution id="d98ab45a-2a18-4769-b070-1bc307c38614" />
      <TestMethod codeBase="/Users/svendaneel/okam/wt-vippsredact/WebApi.Tests/bin/Debug/net8.0/WebApi.Tests.dll" adapterTypeName="executor://xunit/VsTestRunner2/netcoreapp" className="WebApi.Tests.Observability.CapabilityRouteTelemetryTests" name="A_deposit_link_an_email_client_mangled_reaches_telemetry_without_its_token" />
    </UnitTest>
    <UnitTest name="WebApi.Tests.Observability.CapabilityRouteTelemetryTests.An_authorized_endpoint_keeps_the_entity_id_in_its_url" storage="/users/svendaneel/okam/wt-vippsredact/webapi.tests/bin/debug/net8.0/webapi.tests.dll" id="0b500ed6-a44d-e7d9-7771-e7a1567c2740">
      <Execution id="0d8f8911-e4fc-4da6-a2ad-3a468eb8a8dd" />
      <TestMethod codeBase="/Users/svendaneel/okam/wt-vippsredact/WebApi.Tests/bin/Debug/net8.0/WebApi.Tests.dll" adapterTypeName="executor://xunit/VsTestRunner2/netcoreapp" className="WebApi.Tests.Observability.CapabilityRouteTelemetryTests" name="An_authorized_endpoint_keeps_the_entity_id_in_its_url" />
    </UnitTest>
    <UnitTest name="WebApi.Tests.Observability.CapabilityRouteTelemetryTests.Anonymous_by_omission_endpoints_exist_in_this_assembly_today" storage="/users/svendaneel/okam/wt-vippsredact/webapi.tests/bin/debug/net8.0/webapi.tests.dll" id="a3bfa9c4-7130-05b0-6243-5d80dcad4021">
      <Execution id="94888a4c-df99-4017-a43a-0bf97ff5e7c7" />
      <TestMethod codeBase="/Users/svendaneel/okam/wt-vippsredact/WebApi.Tests/bin/Debug/net8.0/WebApi.Tests.dll" adapterTypeName="executor://xunit/VsTestRunner2/netcoreapp" className="WebApi.Tests.Observability.CapabilityRouteTelemetryTests" name="Anonymous_by_omission_endpoints_exist_in_this_assembly_today" />
    </UnitTest>
  </TestDefinitions>
  <TestEntries>
    <TestEntry testId="57cd2892-394f-0ed3-177b-f6b830772e1f" executionId="a57a9076-0b9e-4d2a-844b-f5e4c87dcd48" testListId="8c84fa94-04c1-424b-9868-57a2d4851a1d" />
    <TestEntry testId="a3bfa9c4-7130-05b0-6243-5d80dcad4021" executionId="94888a4c-df99-4017-a43a-0bf97ff5e7c7" testListId="8c84fa94-04c1-424b-9868-57a2d4851a1d" />
    <TestEntry testId="fe9d0d7f-b99a-ec87-6ec6-6967e1ced55b" executionId="3b85ee93-aa9e-42df-897b-90b37e2f49d7" testListId="8c84fa94-04c1-424b-9868-57a2d4851a1d" />
    <TestEntry testId="0b500ed6-a44d-e7d9-7771-e7a1567c2740" executionId="0d8f8911-e4fc-4da6-a2ad-3a468eb8a8dd" testListId="8c84fa94-04c1-424b-9868-57a2d4851a1d" />
    <TestEntry testId="09c97d50-d516-15ae-c5a3-83fe44ff44bf" executionId="fa4e9018-e023-4453-861d-5996399f476d" testListId="8c84fa94-04c1-424b-9868-57a2d4851a1d" />
    <TestEntry testId="30fbfb66-4d33-eef4-051e-1433654685f3" executionId="4db3ff49-2237-488b-b62e-3219a3df975e" testListId="8c84fa94-04c1-424b-9868-57a2d4851a1d" />
    <TestEntry testId="7a0b47d6-ad6c-f6cf-70f0-12b46416893f" executionId="d98ab45a-2a18-4769-b070-1bc307c38614" testListId="8c84fa94-04c1-424b-9868-57a2d4851a1d" />
    <TestEntry testId="dbe8daea-1089-a9de-78c6-922f7d31e2aa" executionId="37a3f18d-0f6f-4b15-a33f-3626abf0beb3" testListId="8c84fa94-04c1-424b-9868-57a2d4851a1d" />
    <TestEntry testId="19de3202-4fc7-4da6-8c31-30336da0056f" executionId="f4b07944-6a55-4aa2-80d9-969cd181ac16" testListId="8c84fa94-04c1-424b-9868-57a2d4851a1d" />
    <TestEntry testId="32b08a52-2a47-f118-5358-c37ccb25a414" executionId="4999b26b-11d5-4791-9775-13d4f66b1632" testListId="8c84fa94-04c1-424b-9868-57a2d4851a1d" />
    <TestEntry testId="8d8ed74a-b9f9-963d-e4eb-74340c53c61f" executionId="371ca714-a85f-41ac-9304-64c456108d2f" testListId="8c84fa94-04c1-424b-9868-57a2d4851a1d" />
    <TestEntry testId="15aca1df-c1f9-1dc6-ca20-8c8c42ddd7a3" executionId="1b78710f-98fe-4821-8c3b-adb5feb77221" testListId="8c84fa94-04c1-424b-9868-57a2d4851a1d" />
    <TestEntry testId="5007e884-ea3c-1c08-5282-f3f452813a4c" executionId="394a6426-1099-4da2-830c-ee311a2c2e10" testListId="8c84fa94-04c1-424b-9868-57a2d4851a1d" />
    <TestEntry testId="f9b2be16-a1eb-7faf-46d0-68bcf8314b17" executionId="73f9cb00-ea7a-4736-a785-58624afc0187" testListId="8c84fa94-04c1-424b-9868-57a2d4851a1d" />
    <TestEntry testId="41a6df79-340e-fae2-94c0-44bd01804a80" executionId="bb99552f-607b-444e-97f1-4692e3dfe5ce" testListId="8c84fa94-04c1-424b-9868-57a2d4851a1d" />
  </TestEntries>
  <TestLists>
    <TestList name="Results Not in a List" id="8c84fa94-04c1-424b-9868-57a2d4851a1d" />
    <TestList name="All Loaded Results" id="19431567-8539-422a-85d7-44ee4e166bda" />
  </TestLists>
  <ResultSummary outcome="Completed">
    <Counters total="15" executed="15" passed="15" failed="0" error="0" timeout="0" aborted="0" inconclusive="0" passedButRunAborted="0" notRunnable="0" notExecuted="0" disconnected="0" warning="0" completed="0" inProgress="0" pending="0" />
    <Output>
      <StdOut>[xUnit.net 00:00:00.00] xUnit.net VSTest Adapter v2.4.5+1caef2f33e (64-bit .NET 8.0.28)
[xUnit.net 00:00:01.16]   Discovering: WebApi.Tests
[xUnit.net 00:00:01.72]   Discovered:  WebApi.Tests
[xUnit.net 00:00:01.72]   Starting:    WebApi.Tests
[xUnit.net 00:00:02.03]   Finished:    WebApi.Tests
</StdOut>
    </Output>
  </ResultSummary>
</TestRun>