<?xml version="1.0" encoding="utf-8"?>
<TestRun id="66ed9724-8add-4c70-a236-cceef5310fb9" name="@Svens-MacBook-Pro 2026-08-09 00:45:02" xmlns="http://microsoft.com/schemas/VisualStudio/TeamTest/2010">
  <Times creation="2026-08-09T00:45:02.4988510+02:00" queuing="2026-08-09T00:45:02.4988510+02:00" start="2026-08-09T00:44:58.6727760+02:00" finish="2026-08-09T00:45:02.7208090+02:00" />
  <TestSettings name="default" id="68295c8d-5014-4626-8fd9-cd4737edcc65">
    <Deployment runDeploymentRoot="_Svens-MacBook-Pro_2026-08-09_00_45_02" />
  </TestSettings>
  <Results>
    <UnitTestResult executionId="d92d54a7-88ab-4c36-8983-53b2825d773d" testId="72da21dc-c119-8a94-ec82-edf29d229eba" testName="WebApi.Tests.OrderCancellationAttributionTests.A_customer_cancelling_their_own_order_is_not_recorded_as_the_store_cancelling_it" computerName="Svens-MacBook-Pro" duration="00:00:00.2054450" startTime="2026-08-09T00:45:02.6885710+02:00" endTime="2026-08-09T00:45:02.6885720+02:00" testType="13cdc9d9-ddb5-4fa4-a97d-d965ccfc6d4b" outcome="Failed" testListId="8c84fa94-04c1-424b-9868-57a2d4851a1d" relativeResultsDirectory="d92d54a7-88ab-4c36-8983-53b2825d773d">
      <Output>
        <ErrorInfo>
          <Message>a customer cancelling their own order must not be attributed to the store
Expected: False
Actual:   True</Message>
          <StackTrace>   at WebApi.Tests.OrderCancellationAttributionTests.A_customer_cancelling_their_own_order_is_not_recorded_as_the_store_cancelling_it() in /Users/svendaneel/okam/wt-cancelattr/WebApi.Tests/OrderCancellationAttributionTests.cs:line 66
   at WebApi.Tests.OrderCancellationAttributionTests.A_customer_cancelling_their_own_order_is_not_recorded_as_the_store_cancelling_it() in /Users/svendaneel/okam/wt-cancelattr/WebApi.Tests/OrderCancellationAttributionTests.cs:line 66
--- End of stack trace from previous location ---</StackTrace>
        </ErrorInfo>
      </Output>
    </UnitTestResult>
    <UnitTestResult executionId="cdc2186a-5ef7-4314-ae71-be85f4f25083" testId="a6ecf56d-dff1-9ea8-7ab7-ae7fc3931bef" testName="WebApi.Tests.OrderCancellationAttributionTests.A_caller_who_is_not_the_orders_customer_is_recorded_as_the_store" computerName="Svens-MacBook-Pro" duration="00:00:02.4763786" startTime="2026-08-09T00:45:02.4842730+02:00" endTime="2026-08-09T00:45:02.4842810+02:00" testType="13cdc9d9-ddb5-4fa4-a97d-d965ccfc6d4b" outcome="Failed" testListId="8c84fa94-04c1-424b-9868-57a2d4851a1d" relativeResultsDirectory="cdc2186a-5ef7-4314-ae71-be85f4f25083">
      <Output>
        <ErrorInfo>
          <Message>a cancellation by anyone other than the order's own customer is the store's
Expected: True
Actual:   False</Message>
          <StackTrace>   at WebApi.Tests.OrderCancellationAttributionTests.A_caller_who_is_not_the_orders_customer_is_recorded_as_the_store() in /Users/svendaneel/okam/wt-cancelattr/WebApi.Tests/OrderCancellationAttributionTests.cs:line 83
   at WebApi.Tests.OrderCancellationAttributionTests.A_caller_who_is_not_the_orders_customer_is_recorded_as_the_store() in /Users/svendaneel/okam/wt-cancelattr/WebApi.Tests/OrderCancellationAttributionTests.cs:line 83
--- End of stack trace from previous location ---</StackTrace>
        </ErrorInfo>
      </Output>
    </UnitTestResult>
  </Results>
  <TestDefinitions>
    <UnitTest name="WebApi.Tests.OrderCancellationAttributionTests.A_customer_cancelling_their_own_order_is_not_recorded_as_the_store_cancelling_it" storage="/users/svendaneel/okam/wt-cancelattr/webapi.tests/bin/debug/net8.0/webapi.tests.dll" id="72da21dc-c119-8a94-ec82-edf29d229eba">
      <Execution id="d92d54a7-88ab-4c36-8983-53b2825d773d" />
      <TestMethod codeBase="/Users/svendaneel/okam/wt-cancelattr/WebApi.Tests/bin/Debug/net8.0/WebApi.Tests.dll" adapterTypeName="executor://xunit/VsTestRunner2/netcoreapp" className="WebApi.Tests.OrderCancellationAttributionTests" name="A_customer_cancelling_their_own_order_is_not_recorded_as_the_store_cancelling_it" />
    </UnitTest>
    <UnitTest name="WebApi.Tests.OrderCancellationAttributionTests.A_caller_who_is_not_the_orders_customer_is_recorded_as_the_store" storage="/users/svendaneel/okam/wt-cancelattr/webapi.tests/bin/debug/net8.0/webapi.tests.dll" id="a6ecf56d-dff1-9ea8-7ab7-ae7fc3931bef">
      <Execution id="cdc2186a-5ef7-4314-ae71-be85f4f25083" />
      <TestMethod codeBase="/Users/svendaneel/okam/wt-cancelattr/WebApi.Tests/bin/Debug/net8.0/WebApi.Tests.dll" adapterTypeName="executor://xunit/VsTestRunner2/netcoreapp" className="WebApi.Tests.OrderCancellationAttributionTests" name="A_caller_who_is_not_the_orders_customer_is_recorded_as_the_store" />
    </UnitTest>
  </TestDefinitions>
  <TestEntries>
    <TestEntry testId="72da21dc-c119-8a94-ec82-edf29d229eba" executionId="d92d54a7-88ab-4c36-8983-53b2825d773d" testListId="8c84fa94-04c1-424b-9868-57a2d4851a1d" />
    <TestEntry testId="a6ecf56d-dff1-9ea8-7ab7-ae7fc3931bef" executionId="cdc2186a-5ef7-4314-ae71-be85f4f25083" testListId="8c84fa94-04c1-424b-9868-57a2d4851a1d" />
  </TestEntries>
  <TestLists>
    <TestList name="Results Not in a List" id="8c84fa94-04c1-424b-9868-57a2d4851a1d" />
    <TestList name="All Loaded Results" id="19431567-8539-422a-85d7-44ee4e166bda" />
  </TestLists>
  <ResultSummary outcome="Failed">
    <Counters total="2" executed="2" passed="0" failed="2" error="0" timeout="0" aborted="0" inconclusive="0" passedButRunAborted="0" notRunnable="0" notExecuted="0" disconnected="0" warning="0" completed="0" inProgress="0" pending="0" />
    <Output>
      <StdOut>[xUnit.net 00:00:00.00] xUnit.net VSTest Adapter v2.4.5+1caef2f33e (64-bit .NET 8.0.28)
[xUnit.net 00:00:00.74]   Discovering: WebApi.Tests
[xUnit.net 00:00:01.12]   Discovered:  WebApi.Tests
[xUnit.net 00:00:01.13]   Starting:    WebApi.Tests
[xUnit.net 00:00:03.62]       a cancellation by anyone other than the order's own customer is the store's
[xUnit.net 00:00:03.62]       Expected: True
[xUnit.net 00:00:03.62]       Actual:   False
[xUnit.net 00:00:03.62]       Stack Trace:
[xUnit.net 00:00:03.62]         /Users/svendaneel/okam/wt-cancelattr/WebApi.Tests/OrderCancellationAttributionTests.cs(83,0): at WebApi.Tests.OrderCancellationAttributionTests.A_caller_who_is_not_the_orders_customer_is_recorded_as_the_store()
[xUnit.net 00:00:03.62]         /Users/svendaneel/okam/wt-cancelattr/WebApi.Tests/OrderCancellationAttributionTests.cs(83,0): at WebApi.Tests.OrderCancellationAttributionTests.A_caller_who_is_not_the_orders_customer_is_recorded_as_the_store()
[xUnit.net 00:00:03.62]         --- End of stack trace from previous location ---
[xUnit.net 00:00:03.83]       a customer cancelling their own order must not be attributed to the store
[xUnit.net 00:00:03.83]       Expected: False
[xUnit.net 00:00:03.83]       Actual:   True
[xUnit.net 00:00:03.83]       Stack Trace:
[xUnit.net 00:00:03.83]         /Users/svendaneel/okam/wt-cancelattr/WebApi.Tests/OrderCancellationAttributionTests.cs(66,0): at WebApi.Tests.OrderCancellationAttributionTests.A_customer_cancelling_their_own_order_is_not_recorded_as_the_store_cancelling_it()
[xUnit.net 00:00:03.83]         /Users/svendaneel/okam/wt-cancelattr/WebApi.Tests/OrderCancellationAttributionTests.cs(66,0): at WebApi.Tests.OrderCancellationAttributionTests.A_customer_cancelling_their_own_order_is_not_recorded_as_the_store_cancelling_it()
[xUnit.net 00:00:03.83]         --- End of stack trace from previous location ---
[xUnit.net 00:00:03.83]   Finished:    WebApi.Tests
</StdOut>
    </Output>
    <RunInfos>
      <RunInfo computerName="Svens-MacBook-Pro" outcome="Error" timestamp="2026-08-09T00:45:02.4835190+02:00">
        <Text>[xUnit.net 00:00:03.62]     WebApi.Tests.OrderCancellationAttributionTests.A_caller_who_is_not_the_orders_customer_is_recorded_as_the_store [FAIL]</Text>
      </RunInfo>
      <RunInfo computerName="Svens-MacBook-Pro" outcome="Error" timestamp="2026-08-09T00:45:02.6886130+02:00">
        <Text>[xUnit.net 00:00:03.83]     WebApi.Tests.OrderCancellationAttributionTests.A_customer_cancelling_their_own_order_is_not_recorded_as_the_store_cancelling_it [FAIL]</Text>
      </RunInfo>
    </RunInfos>
  </ResultSummary>
</TestRun>