<?xml version="1.0" encoding="utf-8"?>
<TestRun id="57949238-dbee-4823-9354-e2ca9ffa8d94" name="@svens-macbook-pro 2026-08-01 21:53:27" xmlns="http://microsoft.com/schemas/VisualStudio/TeamTest/2010">
  <Times creation="2026-08-01T21:53:27.3366680+02:00" queuing="2026-08-01T21:53:27.3366690+02:00" start="2026-08-01T21:53:23.9710750+02:00" finish="2026-08-01T21:53:31.7736880+02:00" />
  <TestSettings name="default" id="10a9e563-6eb9-42b0-a44b-5ed5e6c7f5a8">
    <Deployment runDeploymentRoot="_svens-macbook-pro_2026-08-01_21_53_27" />
  </TestSettings>
  <Results>
    <UnitTestResult executionId="9f69bb59-184a-4d79-a355-467865b54588" testId="093cd5ca-4bdb-b82e-7dd6-7dd42f9f4e20" testName="WebApi.Tests.Events.EventsAttributionRefusalTests.A_draft_edit_that_cannot_name_its_author_leaves_the_draft_untouched(actor: &quot;   &quot;)" computerName="svens-macbook-pro" duration="00:00:00.2167423" startTime="2026-08-01T21:53:29.9294270+02:00" endTime="2026-08-01T21:53:29.9294270+02:00" testType="13cdc9d9-ddb5-4fa4-a97d-d965ccfc6d4b" outcome="Passed" testListId="8c84fa94-04c1-424b-9868-57a2d4851a1d" relativeResultsDirectory="9f69bb59-184a-4d79-a355-467865b54588" />
    <UnitTestResult executionId="96f6a3b4-71c9-4c48-b434-d84a0cde1fee" testId="eee0bead-7a06-6fad-419f-528f8d9ff75d" testName="WebApi.Tests.Events.EventsMoneyPathActorTests.A_pos_link_attached_after_the_event_closed_still_names_who_attached_it" computerName="svens-macbook-pro" duration="00:00:00.0750638" startTime="2026-08-01T21:53:31.6624630+02:00" endTime="2026-08-01T21:53:31.6624630+02:00" testType="13cdc9d9-ddb5-4fa4-a97d-d965ccfc6d4b" outcome="Passed" testListId="8c84fa94-04c1-424b-9868-57a2d4851a1d" relativeResultsDirectory="96f6a3b4-71c9-4c48-b434-d84a0cde1fee" />
    <UnitTestResult executionId="fccb3f8e-b7bf-4d70-91f0-0ed2632096fd" testId="8f0128e3-10b4-0d7f-7534-279611748c5a" testName="WebApi.Tests.Events.EventsSettlementVatTests.A_pos_line_referencing_an_order_rather_than_the_journal_is_withheld" computerName="svens-macbook-pro" duration="00:00:00.0953370" startTime="2026-08-01T21:53:30.2471440+02:00" endTime="2026-08-01T21:53:30.2471440+02:00" testType="13cdc9d9-ddb5-4fa4-a97d-d965ccfc6d4b" outcome="Passed" testListId="8c84fa94-04c1-424b-9868-57a2d4851a1d" relativeResultsDirectory="fccb3f8e-b7bf-4d70-91f0-0ed2632096fd" />
    <UnitTestResult executionId="d8cdf16e-c3aa-4da2-baa6-ec1843924f77" testId="bcbadea3-eab4-425a-e3e7-3cc74d4d99c6" testName="WebApi.Tests.Events.EventsAttributionRefusalTests.A_refund_that_cannot_name_its_author_never_reaches_the_provider(actor: &quot;   &quot;)" computerName="svens-macbook-pro" duration="00:00:00.1558938" startTime="2026-08-01T21:53:27.9762420+02:00" endTime="2026-08-01T21:53:27.9762420+02:00" testType="13cdc9d9-ddb5-4fa4-a97d-d965ccfc6d4b" outcome="Passed" testListId="8c84fa94-04c1-424b-9868-57a2d4851a1d" relativeResultsDirectory="d8cdf16e-c3aa-4da2-baa6-ec1843924f77" />
    <UnitTestResult executionId="a0c93d27-5040-410c-a054-faaaee6ce644" testId="e67fe886-6743-97e1-d168-a61e2d622cd5" testName="WebApi.Tests.Events.EventsAttributionRefusalTests.A_refund_by_a_named_admin_still_moves_the_money" computerName="svens-macbook-pro" duration="00:00:00.2214052" startTime="2026-08-01T21:53:30.1509260+02:00" endTime="2026-08-01T21:53:30.1509260+02:00" testType="13cdc9d9-ddb5-4fa4-a97d-d965ccfc6d4b" outcome="Passed" testListId="8c84fa94-04c1-424b-9868-57a2d4851a1d" relativeResultsDirectory="a0c93d27-5040-410c-a054-faaaee6ce644" />
    <UnitTestResult executionId="55435750-8b7f-4136-a3f7-bfc7ec83a3e9" testId="ced471bd-a973-baed-ec9b-6fc8c0725bd4" testName="WebApi.Tests.Events.EventsMoneyPathActorTests.An_unnameable_refund_is_refused_before_the_provider_is_called(userId: null)" computerName="svens-macbook-pro" duration="00:00:00.0721863" startTime="2026-08-01T21:53:31.3741110+02:00" endTime="2026-08-01T21:53:31.3741110+02:00" testType="13cdc9d9-ddb5-4fa4-a97d-d965ccfc6d4b" outcome="Passed" testListId="8c84fa94-04c1-424b-9868-57a2d4851a1d" relativeResultsDirectory="55435750-8b7f-4136-a3f7-bfc7ec83a3e9" />
    <UnitTestResult executionId="6f320f37-d1f5-4e83-bd4f-fd7e74b3293f" testId="29b4802e-ac34-62fe-9a22-d26befec72a0" testName="WebApi.Tests.Events.EventsSettlementVatTests.A_matched_line_whose_journal_entry_has_no_tax_lines_is_withheld_not_zero_rated" computerName="svens-macbook-pro" duration="00:00:00.0734165" startTime="2026-08-01T21:53:30.5590070+02:00" endTime="2026-08-01T21:53:30.5590070+02:00" testType="13cdc9d9-ddb5-4fa4-a97d-d965ccfc6d4b" outcome="Passed" testListId="8c84fa94-04c1-424b-9868-57a2d4851a1d" relativeResultsDirectory="6f320f37-d1f5-4e83-bd4f-fd7e74b3293f" />
    <UnitTestResult executionId="ddc81249-3820-4cef-8ba1-90c0f1eca253" testId="d0c9c7e1-eee3-9fed-b0c3-d6390f98c99d" testName="WebApi.Tests.Events.EventsAttributionRefusalTests.A_draft_create_that_cannot_name_its_author_stamps_no_version(actor: &quot;   &quot;)" computerName="svens-macbook-pro" duration="00:00:00.1920473" startTime="2026-08-01T21:53:28.8559410+02:00" endTime="2026-08-01T21:53:28.8559410+02:00" testType="13cdc9d9-ddb5-4fa4-a97d-d965ccfc6d4b" outcome="Passed" testListId="8c84fa94-04c1-424b-9868-57a2d4851a1d" relativeResultsDirectory="ddc81249-3820-4cef-8ba1-90c0f1eca253" />
    <UnitTestResult executionId="e612bd51-f2dc-4c96-9f13-33edd93ad405" testId="6f78edc6-bbb4-17c6-ff62-ee44bf45f5fd" testName="WebApi.Tests.Events.EventsMoneyPathActorTests.An_unnameable_refund_is_refused_before_the_provider_is_called(userId: &quot;&quot;)" computerName="svens-macbook-pro" duration="00:00:00.0741199" startTime="2026-08-01T21:53:31.3018380+02:00" endTime="2026-08-01T21:53:31.3018380+02:00" testType="13cdc9d9-ddb5-4fa4-a97d-d965ccfc6d4b" outcome="Passed" testListId="8c84fa94-04c1-424b-9868-57a2d4851a1d" relativeResultsDirectory="e612bd51-f2dc-4c96-9f13-33edd93ad405" />
    <UnitTestResult executionId="783bb58b-1194-40d2-a93e-50b8780951dd" testId="cffa3c59-dad2-4b96-1ae6-053352795537" testName="WebApi.Tests.Events.EventsSettlementVatTests.A_hand_entered_adjustment_is_withheld_because_no_column_can_carry_its_rate" computerName="svens-macbook-pro" duration="00:00:00.0755181" startTime="2026-08-01T21:53:30.3991360+02:00" endTime="2026-08-01T21:53:30.3991360+02:00" testType="13cdc9d9-ddb5-4fa4-a97d-d965ccfc6d4b" outcome="Passed" testListId="8c84fa94-04c1-424b-9868-57a2d4851a1d" relativeResultsDirectory="783bb58b-1194-40d2-a93e-50b8780951dd" />
    <UnitTestResult executionId="4cfbdda9-17ed-46b0-a3e0-5aef21aab7e4" testId="7c5b45f4-1f3e-3311-10a3-598d48dc7697" testName="WebApi.Tests.Events.EventsAttributionRefusalTests.An_adjustment_line_that_cannot_name_its_author_is_never_staged(actor: &quot;   &quot;)" computerName="svens-macbook-pro" duration="00:00:00.1589283" startTime="2026-08-01T21:53:27.6577060+02:00" endTime="2026-08-01T21:53:27.6577060+02:00" testType="13cdc9d9-ddb5-4fa4-a97d-d965ccfc6d4b" outcome="Passed" testListId="8c84fa94-04c1-424b-9868-57a2d4851a1d" relativeResultsDirectory="4cfbdda9-17ed-46b0-a3e0-5aef21aab7e4" />
    <UnitTestResult executionId="f0eb8a75-00fb-4495-a0d1-16b9f6669df8" testId="6ad60ece-131f-fc94-b8b6-f656da26709c" testName="WebApi.Tests.Events.EventsMoneyPathActorTests.An_unnameable_adjustment_stages_no_line(userId: &quot;   &quot;)" computerName="svens-macbook-pro" duration="00:00:00.0764702" startTime="2026-08-01T21:53:31.0068620+02:00" endTime="2026-08-01T21:53:31.0068620+02:00" testType="13cdc9d9-ddb5-4fa4-a97d-d965ccfc6d4b" outcome="Passed" testListId="8c84fa94-04c1-424b-9868-57a2d4851a1d" relativeResultsDirectory="f0eb8a75-00fb-4495-a0d1-16b9f6669df8" />
    <UnitTestResult executionId="1598b44d-a69c-4ec7-8af9-354eb9b2ee83" testId="39b66b68-0d11-18ee-f301-48a6bd01bd0c" testName="WebApi.Tests.Events.EventsAttributionRefusalTests.A_refund_that_cannot_name_its_author_never_reaches_the_provider(actor: &quot;&quot;)" computerName="svens-macbook-pro" duration="00:00:00.1665491" startTime="2026-08-01T21:53:28.1428530+02:00" endTime="2026-08-01T21:53:28.1428530+02:00" testType="13cdc9d9-ddb5-4fa4-a97d-d965ccfc6d4b" outcome="Passed" testListId="8c84fa94-04c1-424b-9868-57a2d4851a1d" relativeResultsDirectory="1598b44d-a69c-4ec7-8af9-354eb9b2ee83" />
    <UnitTestResult executionId="a5c3a78c-7c1d-4161-86c2-3ba650f2bc23" testId="bd515fbb-f923-0862-94e3-34e9d774538a" testName="WebApi.Tests.Events.EventsMoneyPathActorTests.An_unnameable_refund_is_refused_before_the_provider_is_called(userId: &quot;   &quot;)" computerName="svens-macbook-pro" duration="00:00:00.0688767" startTime="2026-08-01T21:53:31.4430370+02:00" endTime="2026-08-01T21:53:31.4430370+02:00" testType="13cdc9d9-ddb5-4fa4-a97d-d965ccfc6d4b" outcome="Passed" testListId="8c84fa94-04c1-424b-9868-57a2d4851a1d" relativeResultsDirectory="a5c3a78c-7c1d-4161-86c2-3ba650f2bc23" />
    <UnitTestResult executionId="bb88e0f8-f04b-4a18-91b1-2cc09f495ecf" testId="b2965453-8b45-a2e9-c443-43d2a2a3d705" testName="WebApi.Tests.Events.EventsMoneyPathActorTests.A_hand_entered_adjustment_names_who_typed_it" computerName="svens-macbook-pro" duration="00:00:00.0720653" startTime="2026-08-01T21:53:31.1538080+02:00" endTime="2026-08-01T21:53:31.1538080+02:00" testType="13cdc9d9-ddb5-4fa4-a97d-d965ccfc6d4b" outcome="Passed" testListId="8c84fa94-04c1-424b-9868-57a2d4851a1d" relativeResultsDirectory="bb88e0f8-f04b-4a18-91b1-2cc09f495ecf" />
    <UnitTestResult executionId="5242ddb8-6535-43ad-953c-267f1a267124" testId="acb5d753-9715-e698-d8c3-5aa2a3405ff4" testName="WebApi.Tests.Events.EventsAttributionRefusalTests.A_draft_create_that_cannot_name_its_author_stamps_no_version(actor: null)" computerName="svens-macbook-pro" duration="00:00:00.2219488" startTime="2026-08-01T21:53:29.2494630+02:00" endTime="2026-08-01T21:53:29.2494630+02:00" testType="13cdc9d9-ddb5-4fa4-a97d-d965ccfc6d4b" outcome="Passed" testListId="8c84fa94-04c1-424b-9868-57a2d4851a1d" relativeResultsDirectory="5242ddb8-6535-43ad-953c-267f1a267124" />
    <UnitTestResult executionId="84d6135b-4eb3-4dac-b87b-1cb5b1363d2b" testId="f1df01c1-c707-406b-3109-1af61b0dd373" testName="WebApi.Tests.Events.EventsMoneyPathActorTests.An_admin_receipt_that_names_nobody_is_refused(actorUserId: &quot;&quot;)" computerName="svens-macbook-pro" duration="00:00:00.0000816" startTime="2026-08-01T21:53:30.7691050+02:00" endTime="2026-08-01T21:53:30.7691050+02:00" testType="13cdc9d9-ddb5-4fa4-a97d-d965ccfc6d4b" outcome="Passed" testListId="8c84fa94-04c1-424b-9868-57a2d4851a1d" relativeResultsDirectory="84d6135b-4eb3-4dac-b87b-1cb5b1363d2b" />
    <UnitTestResult executionId="498fc062-b3f3-4a93-abf6-13974b352b00" testId="ce8aa8d2-f2c6-de44-d73e-3dd2714e25a5" testName="WebApi.Tests.Events.EventsSettlementVatTests.A_statement_of_matched_pos_checks_alone_publishes_a_real_vat_total" computerName="svens-macbook-pro" duration="00:00:00.0763298" startTime="2026-08-01T21:53:30.3235410+02:00" endTime="2026-08-01T21:53:30.3235410+02:00" testType="13cdc9d9-ddb5-4fa4-a97d-d965ccfc6d4b" outcome="Passed" testListId="8c84fa94-04c1-424b-9868-57a2d4851a1d" relativeResultsDirectory="498fc062-b3f3-4a93-abf6-13974b352b00" />
    <UnitTestResult executionId="041d8f53-07aa-46ae-8024-ac9a37334d18" testId="b156591b-3313-c7b3-8820-0f584a38dcf3" testName="WebApi.Tests.Events.EventsAttributionRefusalTests.A_reconcile_that_cannot_name_its_author_leaves_the_settlement_unreconciled(actor: &quot;&quot;)" computerName="svens-macbook-pro" duration="00:00:00.1665741" startTime="2026-08-01T21:53:28.4786490+02:00" endTime="2026-08-01T21:53:28.4786490+02:00" testType="13cdc9d9-ddb5-4fa4-a97d-d965ccfc6d4b" outcome="Passed" testListId="8c84fa94-04c1-424b-9868-57a2d4851a1d" relativeResultsDirectory="041d8f53-07aa-46ae-8024-ac9a37334d18" />
    <UnitTestResult executionId="9942f939-0698-4df6-ab7b-d8c944e2f516" testId="42a252cb-835b-7f4c-4724-88b11d7079b8" testName="WebApi.Tests.Events.EventsMoneyPathActorTests.A_forfeited_deposit_names_the_staff_member_who_kept_the_money" computerName="svens-macbook-pro" duration="00:00:00.0773886" startTime="2026-08-01T21:53:31.7399430+02:00" endTime="2026-08-01T21:53:31.7399430+02:00" testType="13cdc9d9-ddb5-4fa4-a97d-d965ccfc6d4b" outcome="Passed" testListId="8c84fa94-04c1-424b-9868-57a2d4851a1d" relativeResultsDirectory="9942f939-0698-4df6-ab7b-d8c944e2f516" />
    <UnitTestResult executionId="92891a35-5d00-4ca0-bb47-ec6a4c501154" testId="e5b31271-15ee-e3c0-b1e9-93009f497f8a" testName="WebApi.Tests.Events.EventsMoneyPathActorTests.An_admin_receipt_that_names_nobody_is_refused(actorUserId: null)" computerName="svens-macbook-pro" duration="00:00:00.0003796" startTime="2026-08-01T21:53:30.7690080+02:00" endTime="2026-08-01T21:53:30.7690080+02:00" testType="13cdc9d9-ddb5-4fa4-a97d-d965ccfc6d4b" outcome="Passed" testListId="8c84fa94-04c1-424b-9868-57a2d4851a1d" relativeResultsDirectory="92891a35-5d00-4ca0-bb47-ec6a4c501154" />
    <UnitTestResult executionId="f45d913f-7b64-4df2-921e-bc979ba37423" testId="de29598b-d1ab-d85d-f3e4-add72c7dfdc3" testName="WebApi.Tests.Events.EventsMoneyPathActorTests.A_non_admin_receipt_carrying_an_actor_is_refused(kind: Guest, actorUserId: &quot;   &quot;)" computerName="svens-macbook-pro" duration="00:00:00.0001261" startTime="2026-08-01T21:53:31.1550990+02:00" endTime="2026-08-01T21:53:31.1550990+02:00" testType="13cdc9d9-ddb5-4fa4-a97d-d965ccfc6d4b" outcome="Passed" testListId="8c84fa94-04c1-424b-9868-57a2d4851a1d" relativeResultsDirectory="f45d913f-7b64-4df2-921e-bc979ba37423" />
    <UnitTestResult executionId="a6f8b975-222d-4edb-9370-e37a21eaa773" testId="99668d20-1a2a-4de8-aef6-51bad685b352" testName="WebApi.Tests.Events.EventsMoneyPathActorTests.An_admin_receipt_that_names_nobody_is_refused(actorUserId: &quot;   &quot;)" computerName="svens-macbook-pro" duration="00:00:00.0000174" startTime="2026-08-01T21:53:30.7691360+02:00" endTime="2026-08-01T21:53:30.7691360+02:00" testType="13cdc9d9-ddb5-4fa4-a97d-d965ccfc6d4b" outcome="Passed" testListId="8c84fa94-04c1-424b-9868-57a2d4851a1d" relativeResultsDirectory="a6f8b975-222d-4edb-9370-e37a21eaa773" />
    <UnitTestResult executionId="938fa670-36ef-41af-8297-dcd0db4b9371" testId="55b672ec-7320-b322-4525-f8c7bc7b5fa4" testName="WebApi.Tests.Events.EventsAttributionRefusalTests.An_adjustment_line_that_cannot_name_its_author_is_never_staged(actor: &quot;&quot;)" computerName="svens-macbook-pro" duration="00:00:02.2629214" startTime="2026-08-01T21:53:27.3186470+02:00" endTime="2026-08-01T21:53:27.3186580+02:00" testType="13cdc9d9-ddb5-4fa4-a97d-d965ccfc6d4b" outcome="Passed" testListId="8c84fa94-04c1-424b-9868-57a2d4851a1d" relativeResultsDirectory="938fa670-36ef-41af-8297-dcd0db4b9371" />
    <UnitTestResult executionId="550f22f3-d288-4a7c-903c-e1a7b623b2e6" testId="02ac1dcd-08a0-af53-8067-d5bbac781e19" testName="WebApi.Tests.Events.EventsSettlementVatTests.An_unreconciled_journal_line_is_withheld_even_though_its_breakdown_is_readable" computerName="svens-macbook-pro" duration="00:00:00.1017607" startTime="2026-08-01T21:53:30.7684700+02:00" endTime="2026-08-01T21:53:30.7684700+02:00" testType="13cdc9d9-ddb5-4fa4-a97d-d965ccfc6d4b" outcome="Passed" testListId="8c84fa94-04c1-424b-9868-57a2d4851a1d" relativeResultsDirectory="550f22f3-d288-4a7c-903c-e1a7b623b2e6" />
    <UnitTestResult executionId="5bc18860-d0ed-40d1-bf20-aed37dadd45d" testId="55a4d09e-af2c-64cc-ccb8-53554901ce8e" testName="WebApi.Tests.Events.EventsMoneyPathActorTests.A_non_admin_receipt_carrying_an_actor_is_refused(kind: Guest, actorUserId: &quot;someone&quot;)" computerName="svens-macbook-pro" duration="00:00:00.0011106" startTime="2026-08-01T21:53:31.1549600+02:00" endTime="2026-08-01T21:53:31.1549600+02:00" testType="13cdc9d9-ddb5-4fa4-a97d-d965ccfc6d4b" outcome="Passed" testListId="8c84fa94-04c1-424b-9868-57a2d4851a1d" relativeResultsDirectory="5bc18860-d0ed-40d1-bf20-aed37dadd45d" />
    <UnitTestResult executionId="4f0c23d0-2bf8-4153-9feb-9496b06aa1c5" testId="7618c77b-ac0f-08c1-3736-e65a6bb86164" testName="WebApi.Tests.Events.EventsAttributionRefusalTests.A_draft_edit_that_cannot_name_its_author_leaves_the_draft_untouched(actor: null)" computerName="svens-macbook-pro" duration="00:00:00.2151364" startTime="2026-08-01T21:53:29.7126180+02:00" endTime="2026-08-01T21:53:29.7126180+02:00" testType="13cdc9d9-ddb5-4fa4-a97d-d965ccfc6d4b" outcome="Passed" testListId="8c84fa94-04c1-424b-9868-57a2d4851a1d" relativeResultsDirectory="4f0c23d0-2bf8-4153-9feb-9496b06aa1c5" />
    <UnitTestResult executionId="2ee938db-7e0e-4b21-8237-17f3cb355c4d" testId="ae69d67f-915c-5f90-fd20-638d85837bec" testName="WebApi.Tests.Events.EventsAttributionRefusalTests.A_draft_create_that_cannot_name_its_author_stamps_no_version(actor: &quot;&quot;)" computerName="svens-macbook-pro" duration="00:00:00.1714500" startTime="2026-08-01T21:53:29.0274510+02:00" endTime="2026-08-01T21:53:29.0274510+02:00" testType="13cdc9d9-ddb5-4fa4-a97d-d965ccfc6d4b" outcome="Passed" testListId="8c84fa94-04c1-424b-9868-57a2d4851a1d" relativeResultsDirectory="2ee938db-7e0e-4b21-8237-17f3cb355c4d" />
    <UnitTestResult executionId="1634409b-e570-428d-adae-aba3eba70c3c" testId="f0900f7b-485f-a778-f58f-94514c0c2107" testName="WebApi.Tests.Events.EventsAttributionRefusalTests.A_reconcile_that_cannot_name_its_author_leaves_the_settlement_unreconciled(actor: &quot;   &quot;)" computerName="svens-macbook-pro" duration="00:00:00.1690758" startTime="2026-08-01T21:53:28.3120180+02:00" endTime="2026-08-01T21:53:28.3120180+02:00" testType="13cdc9d9-ddb5-4fa4-a97d-d965ccfc6d4b" outcome="Passed" testListId="8c84fa94-04c1-424b-9868-57a2d4851a1d" relativeResultsDirectory="1634409b-e570-428d-adae-aba3eba70c3c" />
    <UnitTestResult executionId="7c73bafc-388e-4cab-9328-966c36265be5" testId="98c179c0-a490-f772-4185-a1c0701377c6" testName="WebApi.Tests.Events.EventsMoneyPathActorTests.A_non_admin_receipt_carrying_an_actor_is_refused(kind: System, actorUserId: &quot;&quot;)" computerName="svens-macbook-pro" duration="00:00:00.0000171" startTime="2026-08-01T21:53:31.1551560+02:00" endTime="2026-08-01T21:53:31.1551560+02:00" testType="13cdc9d9-ddb5-4fa4-a97d-d965ccfc6d4b" outcome="Passed" testListId="8c84fa94-04c1-424b-9868-57a2d4851a1d" relativeResultsDirectory="7c73bafc-388e-4cab-9328-966c36265be5" />
    <UnitTestResult executionId="0ad6b463-e22e-4370-a99e-a928a5c062a2" testId="12855501-0452-13f1-b4d5-52ce0b8f3403" testName="WebApi.Tests.Events.EventsMoneyPathActorTests.An_unnameable_adjustment_stages_no_line(userId: null)" computerName="svens-macbook-pro" duration="00:00:00.0747526" startTime="2026-08-01T21:53:31.0816470+02:00" endTime="2026-08-01T21:53:31.0816470+02:00" testType="13cdc9d9-ddb5-4fa4-a97d-d965ccfc6d4b" outcome="Passed" testListId="8c84fa94-04c1-424b-9868-57a2d4851a1d" relativeResultsDirectory="0ad6b463-e22e-4370-a99e-a928a5c062a2" />
    <UnitTestResult executionId="94814bfd-865d-4a5f-8fb0-6f3f522beb57" testId="57390d25-d95c-978d-a124-9521d8572c37" testName="WebApi.Tests.Events.EventsMoneyPathActorTests.A_refund_names_the_admin_who_authorised_it_on_both_receipts" computerName="svens-macbook-pro" duration="00:00:00.0718327" startTime="2026-08-01T21:53:31.5873080+02:00" endTime="2026-08-01T21:53:31.5873080+02:00" testType="13cdc9d9-ddb5-4fa4-a97d-d965ccfc6d4b" outcome="Passed" testListId="8c84fa94-04c1-424b-9868-57a2d4851a1d" relativeResultsDirectory="94814bfd-865d-4a5f-8fb0-6f3f522beb57" />
    <UnitTestResult executionId="abaaf746-02b8-4486-8a7f-80b2eacf7d48" testId="1c7ce858-644e-e3cf-0254-56d6e7095d3d" testName="WebApi.Tests.Events.EventsMoneyPathActorTests.A_generated_deposit_line_names_nobody_because_nobody_entered_it" computerName="svens-macbook-pro" duration="00:00:00.0724178" startTime="2026-08-01T21:53:31.2276290+02:00" endTime="2026-08-01T21:53:31.2276290+02:00" testType="13cdc9d9-ddb5-4fa4-a97d-d965ccfc6d4b" outcome="Passed" testListId="8c84fa94-04c1-424b-9868-57a2d4851a1d" relativeResultsDirectory="abaaf746-02b8-4486-8a7f-80b2eacf7d48" />
    <UnitTestResult executionId="26f3f9ca-1851-46d9-bb4c-25af7b5a47ed" testId="22739b10-3fa6-e6a0-9365-eaae9ce3692f" testName="WebApi.Tests.Events.EventsAttributionRefusalTests.A_draft_edit_that_cannot_name_its_author_leaves_the_draft_untouched(actor: &quot;&quot;)" computerName="svens-macbook-pro" duration="00:00:00.2478535" startTime="2026-08-01T21:53:29.4974140+02:00" endTime="2026-08-01T21:53:29.4974140+02:00" testType="13cdc9d9-ddb5-4fa4-a97d-d965ccfc6d4b" outcome="Passed" testListId="8c84fa94-04c1-424b-9868-57a2d4851a1d" relativeResultsDirectory="26f3f9ca-1851-46d9-bb4c-25af7b5a47ed" />
    <UnitTestResult executionId="2c3684e7-8c54-4592-b416-738d4ab6dc65" testId="8d88dc22-41b7-2c8a-d3ee-01431863f075" testName="WebApi.Tests.Events.EventsAttributionRefusalTests.An_adjustment_line_that_cannot_name_its_author_is_never_staged(actor: null)" computerName="svens-macbook-pro" duration="00:00:00.1803708" startTime="2026-08-01T21:53:27.4987200+02:00" endTime="2026-08-01T21:53:27.4987200+02:00" testType="13cdc9d9-ddb5-4fa4-a97d-d965ccfc6d4b" outcome="Passed" testListId="8c84fa94-04c1-424b-9868-57a2d4851a1d" relativeResultsDirectory="2c3684e7-8c54-4592-b416-738d4ab6dc65" />
    <UnitTestResult executionId="30a201e7-6c3c-4fba-b86b-ad5e68451880" testId="2bc71212-f7f5-3d7c-a2f2-2ba12b4c2496" testName="WebApi.Tests.Events.EventsAttributionRefusalTests.A_reconcile_that_cannot_name_its_author_leaves_the_settlement_unreconciled(actor: null)" computerName="svens-macbook-pro" duration="00:00:00.1851227" startTime="2026-08-01T21:53:28.6638270+02:00" endTime="2026-08-01T21:53:28.6638270+02:00" testType="13cdc9d9-ddb5-4fa4-a97d-d965ccfc6d4b" outcome="Passed" testListId="8c84fa94-04c1-424b-9868-57a2d4851a1d" relativeResultsDirectory="30a201e7-6c3c-4fba-b86b-ad5e68451880" />
    <UnitTestResult executionId="ed9b626c-6ae9-4475-a0f1-3f17a2994795" testId="3e0104dd-753b-e626-6576-2601370562f4" testName="WebApi.Tests.Events.EventsAttributionRefusalTests.A_refund_that_cannot_name_its_author_never_reaches_the_provider(actor: null)" computerName="svens-macbook-pro" duration="00:00:00.1623996" startTime="2026-08-01T21:53:27.8202860+02:00" endTime="2026-08-01T21:53:27.8202860+02:00" testType="13cdc9d9-ddb5-4fa4-a97d-d965ccfc6d4b" outcome="Passed" testListId="8c84fa94-04c1-424b-9868-57a2d4851a1d" relativeResultsDirectory="ed9b626c-6ae9-4475-a0f1-3f17a2994795" />
    <UnitTestResult executionId="9d9bcf04-793f-4893-ae4d-0655204cff94" testId="91714d13-14ff-ff48-2692-a6511645f3c7" testName="WebApi.Tests.Events.EventsMoneyPathActorTests.A_provider_confirmation_records_System_with_an_exactly_null_actor" computerName="svens-macbook-pro" duration="00:00:00.0825230" startTime="2026-08-01T21:53:30.8517100+02:00" endTime="2026-08-01T21:53:30.8517100+02:00" testType="13cdc9d9-ddb5-4fa4-a97d-d965ccfc6d4b" outcome="Passed" testListId="8c84fa94-04c1-424b-9868-57a2d4851a1d" relativeResultsDirectory="9d9bcf04-793f-4893-ae4d-0655204cff94" />
    <UnitTestResult executionId="401d08e9-d859-49b5-91db-168689f204a6" testId="4b646c77-1d3f-aa91-e4ed-e4046518cce5" testName="WebApi.Tests.Events.EventsMoneyPathActorTests.An_unnameable_adjustment_stages_no_line(userId: &quot;&quot;)" computerName="svens-macbook-pro" duration="00:00:00.0785117" startTime="2026-08-01T21:53:30.9303620+02:00" endTime="2026-08-01T21:53:30.9303620+02:00" testType="13cdc9d9-ddb5-4fa4-a97d-d965ccfc6d4b" outcome="Passed" testListId="8c84fa94-04c1-424b-9868-57a2d4851a1d" relativeResultsDirectory="401d08e9-d859-49b5-91db-168689f204a6" />
    <UnitTestResult executionId="a355d96f-b16e-4e3d-b425-9837a9acc80a" testId="04a9f1fc-deaa-6714-d968-1fbd2258d77a" testName="WebApi.Tests.Events.EventsSettlementVatTests.A_statement_carrying_a_deposit_reports_the_pos_rates_but_publishes_no_vat_total" computerName="svens-macbook-pro" duration="00:00:00.0863194" startTime="2026-08-01T21:53:30.4855190+02:00" endTime="2026-08-01T21:53:30.4855190+02:00" testType="13cdc9d9-ddb5-4fa4-a97d-d965ccfc6d4b" outcome="Passed" testListId="8c84fa94-04c1-424b-9868-57a2d4851a1d" relativeResultsDirectory="a355d96f-b16e-4e3d-b425-9837a9acc80a" />
    <UnitTestResult executionId="0d8cc3ce-243d-48db-892d-b7f45e6461e2" testId="122544b8-7658-42c8-f668-4bdf2c3867af" testName="WebApi.Tests.Events.EventsSettlementVatTests.The_pos_truth_adapter_copies_the_journal_tax_lines_and_gives_nothing_for_other_sources" computerName="svens-macbook-pro" duration="00:00:00.1075585" startTime="2026-08-01T21:53:30.6666340+02:00" endTime="2026-08-01T21:53:30.6666340+02:00" testType="13cdc9d9-ddb5-4fa4-a97d-d965ccfc6d4b" outcome="Passed" testListId="8c84fa94-04c1-424b-9868-57a2d4851a1d" relativeResultsDirectory="0d8cc3ce-243d-48db-892d-b7f45e6461e2" />
    <UnitTestResult executionId="39a89657-536a-4b3e-88e0-cc3d26414044" testId="6c889aca-c5d5-c8ea-0924-a04b36db611c" testName="WebApi.Tests.Events.EventsMoneyPathActorTests.A_non_admin_receipt_carrying_an_actor_is_refused(kind: System, actorUserId: &quot;someone&quot;)" computerName="svens-macbook-pro" duration="00:00:00.0000220" startTime="2026-08-01T21:53:31.1551250+02:00" endTime="2026-08-01T21:53:31.1551250+02:00" testType="13cdc9d9-ddb5-4fa4-a97d-d965ccfc6d4b" outcome="Passed" testListId="8c84fa94-04c1-424b-9868-57a2d4851a1d" relativeResultsDirectory="39a89657-536a-4b3e-88e0-cc3d26414044" />
    <UnitTestResult executionId="77f178eb-69fd-4539-b13a-ecfc08ddc2f9" testId="f68ac244-eddc-0327-ad1d-898b9c148e7a" testName="WebApi.Tests.Events.EventsMoneyPathActorTests.An_unnameable_cancel_forfeits_nothing" computerName="svens-macbook-pro" duration="00:00:00.0722884" startTime="2026-08-01T21:53:31.5154300+02:00" endTime="2026-08-01T21:53:31.5154300+02:00" testType="13cdc9d9-ddb5-4fa4-a97d-d965ccfc6d4b" outcome="Passed" testListId="8c84fa94-04c1-424b-9868-57a2d4851a1d" relativeResultsDirectory="77f178eb-69fd-4539-b13a-ecfc08ddc2f9" />
  </Results>
  <TestDefinitions>
    <UnitTest name="WebApi.Tests.Events.EventsAttributionRefusalTests.A_reconcile_that_cannot_name_its_author_leaves_the_settlement_unreconciled(actor: null)" storage="/users/svendaneel/okam/wt-evrefund/webapi.tests/bin/debug/net8.0/webapi.tests.dll" id="2bc71212-f7f5-3d7c-a2f2-2ba12b4c2496">
      <Execution id="30a201e7-6c3c-4fba-b86b-ad5e68451880" />
      <TestMethod codeBase="/Users/svendaneel/okam/wt-evrefund/WebApi.Tests/bin/Debug/net8.0/WebApi.Tests.dll" adapterTypeName="executor://xunit/VsTestRunner2/netcoreapp" className="WebApi.Tests.Events.EventsAttributionRefusalTests" name="A_reconcile_that_cannot_name_its_author_leaves_the_settlement_unreconciled" />
    </UnitTest>
    <UnitTest name="WebApi.Tests.Events.EventsSettlementVatTests.The_pos_truth_adapter_copies_the_journal_tax_lines_and_gives_nothing_for_other_sources" storage="/users/svendaneel/okam/wt-evrefund/webapi.tests/bin/debug/net8.0/webapi.tests.dll" id="122544b8-7658-42c8-f668-4bdf2c3867af">
      <Execution id="0d8cc3ce-243d-48db-892d-b7f45e6461e2" />
      <TestMethod codeBase="/Users/svendaneel/okam/wt-evrefund/WebApi.Tests/bin/Debug/net8.0/WebApi.Tests.dll" adapterTypeName="executor://xunit/VsTestRunner2/netcoreapp" className="WebApi.Tests.Events.EventsSettlementVatTests" name="The_pos_truth_adapter_copies_the_journal_tax_lines_and_gives_nothing_for_other_sources" />
    </UnitTest>
    <UnitTest name="WebApi.Tests.Events.EventsMoneyPathActorTests.An_admin_receipt_that_names_nobody_is_refused(actorUserId: null)" storage="/users/svendaneel/okam/wt-evrefund/webapi.tests/bin/debug/net8.0/webapi.tests.dll" id="e5b31271-15ee-e3c0-b1e9-93009f497f8a">
      <Execution id="92891a35-5d00-4ca0-bb47-ec6a4c501154" />
      <TestMethod codeBase="/Users/svendaneel/okam/wt-evrefund/WebApi.Tests/bin/Debug/net8.0/WebApi.Tests.dll" adapterTypeName="executor://xunit/VsTestRunner2/netcoreapp" className="WebApi.Tests.Events.EventsMoneyPathActorTests" name="An_admin_receipt_that_names_nobody_is_refused" />
    </UnitTest>
    <UnitTest name="WebApi.Tests.Events.EventsMoneyPathActorTests.A_non_admin_receipt_carrying_an_actor_is_refused(kind: Guest, actorUserId: &quot;   &quot;)" storage="/users/svendaneel/okam/wt-evrefund/webapi.tests/bin/debug/net8.0/webapi.tests.dll" id="de29598b-d1ab-d85d-f3e4-add72c7dfdc3">
      <Execution id="f45d913f-7b64-4df2-921e-bc979ba37423" />
      <TestMethod codeBase="/Users/svendaneel/okam/wt-evrefund/WebApi.Tests/bin/Debug/net8.0/WebApi.Tests.dll" adapterTypeName="executor://xunit/VsTestRunner2/netcoreapp" className="WebApi.Tests.Events.EventsMoneyPathActorTests" name="A_non_admin_receipt_carrying_an_actor_is_refused" />
    </UnitTest>
    <UnitTest name="WebApi.Tests.Events.EventsMoneyPathActorTests.An_unnameable_refund_is_refused_before_the_provider_is_called(userId: &quot;   &quot;)" storage="/users/svendaneel/okam/wt-evrefund/webapi.tests/bin/debug/net8.0/webapi.tests.dll" id="bd515fbb-f923-0862-94e3-34e9d774538a">
      <Execution id="a5c3a78c-7c1d-4161-86c2-3ba650f2bc23" />
      <TestMethod codeBase="/Users/svendaneel/okam/wt-evrefund/WebApi.Tests/bin/Debug/net8.0/WebApi.Tests.dll" adapterTypeName="executor://xunit/VsTestRunner2/netcoreapp" className="WebApi.Tests.Events.EventsMoneyPathActorTests" name="An_unnameable_refund_is_refused_before_the_provider_is_called" />
    </UnitTest>
    <UnitTest name="WebApi.Tests.Events.EventsAttributionRefusalTests.A_reconcile_that_cannot_name_its_author_leaves_the_settlement_unreconciled(actor: &quot;&quot;)" storage="/users/svendaneel/okam/wt-evrefund/webapi.tests/bin/debug/net8.0/webapi.tests.dll" id="b156591b-3313-c7b3-8820-0f584a38dcf3">
      <Execution id="041d8f53-07aa-46ae-8024-ac9a37334d18" />
      <TestMethod codeBase="/Users/svendaneel/okam/wt-evrefund/WebApi.Tests/bin/Debug/net8.0/WebApi.Tests.dll" adapterTypeName="executor://xunit/VsTestRunner2/netcoreapp" className="WebApi.Tests.Events.EventsAttributionRefusalTests" name="A_reconcile_that_cannot_name_its_author_leaves_the_settlement_unreconciled" />
    </UnitTest>
    <UnitTest name="WebApi.Tests.Events.EventsSettlementVatTests.An_unreconciled_journal_line_is_withheld_even_though_its_breakdown_is_readable" storage="/users/svendaneel/okam/wt-evrefund/webapi.tests/bin/debug/net8.0/webapi.tests.dll" id="02ac1dcd-08a0-af53-8067-d5bbac781e19">
      <Execution id="550f22f3-d288-4a7c-903c-e1a7b623b2e6" />
      <TestMethod codeBase="/Users/svendaneel/okam/wt-evrefund/WebApi.Tests/bin/Debug/net8.0/WebApi.Tests.dll" adapterTypeName="executor://xunit/VsTestRunner2/netcoreapp" className="WebApi.Tests.Events.EventsSettlementVatTests" name="An_unreconciled_journal_line_is_withheld_even_though_its_breakdown_is_readable" />
    </UnitTest>
    <UnitTest name="WebApi.Tests.Events.EventsMoneyPathActorTests.A_provider_confirmation_records_System_with_an_exactly_null_actor" storage="/users/svendaneel/okam/wt-evrefund/webapi.tests/bin/debug/net8.0/webapi.tests.dll" id="91714d13-14ff-ff48-2692-a6511645f3c7">
      <Execution id="9d9bcf04-793f-4893-ae4d-0655204cff94" />
      <TestMethod codeBase="/Users/svendaneel/okam/wt-evrefund/WebApi.Tests/bin/Debug/net8.0/WebApi.Tests.dll" adapterTypeName="executor://xunit/VsTestRunner2/netcoreapp" className="WebApi.Tests.Events.EventsMoneyPathActorTests" name="A_provider_confirmation_records_System_with_an_exactly_null_actor" />
    </UnitTest>
    <UnitTest name="WebApi.Tests.Events.EventsMoneyPathActorTests.An_admin_receipt_that_names_nobody_is_refused(actorUserId: &quot;   &quot;)" storage="/users/svendaneel/okam/wt-evrefund/webapi.tests/bin/debug/net8.0/webapi.tests.dll" id="99668d20-1a2a-4de8-aef6-51bad685b352">
      <Execution id="a6f8b975-222d-4edb-9370-e37a21eaa773" />
      <TestMethod codeBase="/Users/svendaneel/okam/wt-evrefund/WebApi.Tests/bin/Debug/net8.0/WebApi.Tests.dll" adapterTypeName="executor://xunit/VsTestRunner2/netcoreapp" className="WebApi.Tests.Events.EventsMoneyPathActorTests" name="An_admin_receipt_that_names_nobody_is_refused" />
    </UnitTest>
    <UnitTest name="WebApi.Tests.Events.EventsAttributionRefusalTests.A_draft_create_that_cannot_name_its_author_stamps_no_version(actor: &quot;&quot;)" storage="/users/svendaneel/okam/wt-evrefund/webapi.tests/bin/debug/net8.0/webapi.tests.dll" id="ae69d67f-915c-5f90-fd20-638d85837bec">
      <Execution id="2ee938db-7e0e-4b21-8237-17f3cb355c4d" />
      <TestMethod codeBase="/Users/svendaneel/okam/wt-evrefund/WebApi.Tests/bin/Debug/net8.0/WebApi.Tests.dll" adapterTypeName="executor://xunit/VsTestRunner2/netcoreapp" className="WebApi.Tests.Events.EventsAttributionRefusalTests" name="A_draft_create_that_cannot_name_its_author_stamps_no_version" />
    </UnitTest>
    <UnitTest name="WebApi.Tests.Events.EventsSettlementVatTests.A_matched_line_whose_journal_entry_has_no_tax_lines_is_withheld_not_zero_rated" storage="/users/svendaneel/okam/wt-evrefund/webapi.tests/bin/debug/net8.0/webapi.tests.dll" id="29b4802e-ac34-62fe-9a22-d26befec72a0">
      <Execution id="6f320f37-d1f5-4e83-bd4f-fd7e74b3293f" />
      <TestMethod codeBase="/Users/svendaneel/okam/wt-evrefund/WebApi.Tests/bin/Debug/net8.0/WebApi.Tests.dll" adapterTypeName="executor://xunit/VsTestRunner2/netcoreapp" className="WebApi.Tests.Events.EventsSettlementVatTests" name="A_matched_line_whose_journal_entry_has_no_tax_lines_is_withheld_not_zero_rated" />
    </UnitTest>
    <UnitTest name="WebApi.Tests.Events.EventsMoneyPathActorTests.An_unnameable_cancel_forfeits_nothing" storage="/users/svendaneel/okam/wt-evrefund/webapi.tests/bin/debug/net8.0/webapi.tests.dll" id="f68ac244-eddc-0327-ad1d-898b9c148e7a">
      <Execution id="77f178eb-69fd-4539-b13a-ecfc08ddc2f9" />
      <TestMethod codeBase="/Users/svendaneel/okam/wt-evrefund/WebApi.Tests/bin/Debug/net8.0/WebApi.Tests.dll" adapterTypeName="executor://xunit/VsTestRunner2/netcoreapp" className="WebApi.Tests.Events.EventsMoneyPathActorTests" name="An_unnameable_cancel_forfeits_nothing" />
    </UnitTest>
    <UnitTest name="WebApi.Tests.Events.EventsMoneyPathActorTests.An_unnameable_adjustment_stages_no_line(userId: null)" storage="/users/svendaneel/okam/wt-evrefund/webapi.tests/bin/debug/net8.0/webapi.tests.dll" id="12855501-0452-13f1-b4d5-52ce0b8f3403">
      <Execution id="0ad6b463-e22e-4370-a99e-a928a5c062a2" />
      <TestMethod codeBase="/Users/svendaneel/okam/wt-evrefund/WebApi.Tests/bin/Debug/net8.0/WebApi.Tests.dll" adapterTypeName="executor://xunit/VsTestRunner2/netcoreapp" className="WebApi.Tests.Events.EventsMoneyPathActorTests" name="An_unnameable_adjustment_stages_no_line" />
    </UnitTest>
    <UnitTest name="WebApi.Tests.Events.EventsMoneyPathActorTests.A_forfeited_deposit_names_the_staff_member_who_kept_the_money" storage="/users/svendaneel/okam/wt-evrefund/webapi.tests/bin/debug/net8.0/webapi.tests.dll" id="42a252cb-835b-7f4c-4724-88b11d7079b8">
      <Execution id="9942f939-0698-4df6-ab7b-d8c944e2f516" />
      <TestMethod codeBase="/Users/svendaneel/okam/wt-evrefund/WebApi.Tests/bin/Debug/net8.0/WebApi.Tests.dll" adapterTypeName="executor://xunit/VsTestRunner2/netcoreapp" className="WebApi.Tests.Events.EventsMoneyPathActorTests" name="A_forfeited_deposit_names_the_staff_member_who_kept_the_money" />
    </UnitTest>
    <UnitTest name="WebApi.Tests.Events.EventsAttributionRefusalTests.A_reconcile_that_cannot_name_its_author_leaves_the_settlement_unreconciled(actor: &quot;   &quot;)" storage="/users/svendaneel/okam/wt-evrefund/webapi.tests/bin/debug/net8.0/webapi.tests.dll" id="f0900f7b-485f-a778-f58f-94514c0c2107">
      <Execution id="1634409b-e570-428d-adae-aba3eba70c3c" />
      <TestMethod codeBase="/Users/svendaneel/okam/wt-evrefund/WebApi.Tests/bin/Debug/net8.0/WebApi.Tests.dll" adapterTypeName="executor://xunit/VsTestRunner2/netcoreapp" className="WebApi.Tests.Events.EventsAttributionRefusalTests" name="A_reconcile_that_cannot_name_its_author_leaves_the_settlement_unreconciled" />
    </UnitTest>
    <UnitTest name="WebApi.Tests.Events.EventsAttributionRefusalTests.A_refund_that_cannot_name_its_author_never_reaches_the_provider(actor: &quot;   &quot;)" storage="/users/svendaneel/okam/wt-evrefund/webapi.tests/bin/debug/net8.0/webapi.tests.dll" id="bcbadea3-eab4-425a-e3e7-3cc74d4d99c6">
      <Execution id="d8cdf16e-c3aa-4da2-baa6-ec1843924f77" />
      <TestMethod codeBase="/Users/svendaneel/okam/wt-evrefund/WebApi.Tests/bin/Debug/net8.0/WebApi.Tests.dll" adapterTypeName="executor://xunit/VsTestRunner2/netcoreapp" className="WebApi.Tests.Events.EventsAttributionRefusalTests" name="A_refund_that_cannot_name_its_author_never_reaches_the_provider" />
    </UnitTest>
    <UnitTest name="WebApi.Tests.Events.EventsAttributionRefusalTests.A_draft_create_that_cannot_name_its_author_stamps_no_version(actor: null)" storage="/users/svendaneel/okam/wt-evrefund/webapi.tests/bin/debug/net8.0/webapi.tests.dll" id="acb5d753-9715-e698-d8c3-5aa2a3405ff4">
      <Execution id="5242ddb8-6535-43ad-953c-267f1a267124" />
      <TestMethod codeBase="/Users/svendaneel/okam/wt-evrefund/WebApi.Tests/bin/Debug/net8.0/WebApi.Tests.dll" adapterTypeName="executor://xunit/VsTestRunner2/netcoreapp" className="WebApi.Tests.Events.EventsAttributionRefusalTests" name="A_draft_create_that_cannot_name_its_author_stamps_no_version" />
    </UnitTest>
    <UnitTest name="WebApi.Tests.Events.EventsMoneyPathActorTests.A_non_admin_receipt_carrying_an_actor_is_refused(kind: Guest, actorUserId: &quot;someone&quot;)" storage="/users/svendaneel/okam/wt-evrefund/webapi.tests/bin/debug/net8.0/webapi.tests.dll" id="55a4d09e-af2c-64cc-ccb8-53554901ce8e">
      <Execution id="5bc18860-d0ed-40d1-bf20-aed37dadd45d" />
      <TestMethod codeBase="/Users/svendaneel/okam/wt-evrefund/WebApi.Tests/bin/Debug/net8.0/WebApi.Tests.dll" adapterTypeName="executor://xunit/VsTestRunner2/netcoreapp" className="WebApi.Tests.Events.EventsMoneyPathActorTests" name="A_non_admin_receipt_carrying_an_actor_is_refused" />
    </UnitTest>
    <UnitTest name="WebApi.Tests.Events.EventsSettlementVatTests.A_pos_line_referencing_an_order_rather_than_the_journal_is_withheld" storage="/users/svendaneel/okam/wt-evrefund/webapi.tests/bin/debug/net8.0/webapi.tests.dll" id="8f0128e3-10b4-0d7f-7534-279611748c5a">
      <Execution id="fccb3f8e-b7bf-4d70-91f0-0ed2632096fd" />
      <TestMethod codeBase="/Users/svendaneel/okam/wt-evrefund/WebApi.Tests/bin/Debug/net8.0/WebApi.Tests.dll" adapterTypeName="executor://xunit/VsTestRunner2/netcoreapp" className="WebApi.Tests.Events.EventsSettlementVatTests" name="A_pos_line_referencing_an_order_rather_than_the_journal_is_withheld" />
    </UnitTest>
    <UnitTest name="WebApi.Tests.Events.EventsAttributionRefusalTests.A_draft_edit_that_cannot_name_its_author_leaves_the_draft_untouched(actor: &quot;&quot;)" storage="/users/svendaneel/okam/wt-evrefund/webapi.tests/bin/debug/net8.0/webapi.tests.dll" id="22739b10-3fa6-e6a0-9365-eaae9ce3692f">
      <Execution id="26f3f9ca-1851-46d9-bb4c-25af7b5a47ed" />
      <TestMethod codeBase="/Users/svendaneel/okam/wt-evrefund/WebApi.Tests/bin/Debug/net8.0/WebApi.Tests.dll" adapterTypeName="executor://xunit/VsTestRunner2/netcoreapp" className="WebApi.Tests.Events.EventsAttributionRefusalTests" name="A_draft_edit_that_cannot_name_its_author_leaves_the_draft_untouched" />
    </UnitTest>
    <UnitTest name="WebApi.Tests.Events.EventsMoneyPathActorTests.An_unnameable_adjustment_stages_no_line(userId: &quot;   &quot;)" storage="/users/svendaneel/okam/wt-evrefund/webapi.tests/bin/debug/net8.0/webapi.tests.dll" id="6ad60ece-131f-fc94-b8b6-f656da26709c">
      <Execution id="f0eb8a75-00fb-4495-a0d1-16b9f6669df8" />
      <TestMethod codeBase="/Users/svendaneel/okam/wt-evrefund/WebApi.Tests/bin/Debug/net8.0/WebApi.Tests.dll" adapterTypeName="executor://xunit/VsTestRunner2/netcoreapp" className="WebApi.Tests.Events.EventsMoneyPathActorTests" name="An_unnameable_adjustment_stages_no_line" />
    </UnitTest>
    <UnitTest name="WebApi.Tests.Events.EventsMoneyPathActorTests.An_unnameable_refund_is_refused_before_the_provider_is_called(userId: &quot;&quot;)" storage="/users/svendaneel/okam/wt-evrefund/webapi.tests/bin/debug/net8.0/webapi.tests.dll" id="6f78edc6-bbb4-17c6-ff62-ee44bf45f5fd">
      <Execution id="e612bd51-f2dc-4c96-9f13-33edd93ad405" />
      <TestMethod codeBase="/Users/svendaneel/okam/wt-evrefund/WebApi.Tests/bin/Debug/net8.0/WebApi.Tests.dll" adapterTypeName="executor://xunit/VsTestRunner2/netcoreapp" className="WebApi.Tests.Events.EventsMoneyPathActorTests" name="An_unnameable_refund_is_refused_before_the_provider_is_called" />
    </UnitTest>
    <UnitTest name="WebApi.Tests.Events.EventsAttributionRefusalTests.An_adjustment_line_that_cannot_name_its_author_is_never_staged(actor: null)" storage="/users/svendaneel/okam/wt-evrefund/webapi.tests/bin/debug/net8.0/webapi.tests.dll" id="8d88dc22-41b7-2c8a-d3ee-01431863f075">
      <Execution id="2c3684e7-8c54-4592-b416-738d4ab6dc65" />
      <TestMethod codeBase="/Users/svendaneel/okam/wt-evrefund/WebApi.Tests/bin/Debug/net8.0/WebApi.Tests.dll" adapterTypeName="executor://xunit/VsTestRunner2/netcoreapp" className="WebApi.Tests.Events.EventsAttributionRefusalTests" name="An_adjustment_line_that_cannot_name_its_author_is_never_staged" />
    </UnitTest>
    <UnitTest name="WebApi.Tests.Events.EventsMoneyPathActorTests.A_non_admin_receipt_carrying_an_actor_is_refused(kind: System, actorUserId: &quot;&quot;)" storage="/users/svendaneel/okam/wt-evrefund/webapi.tests/bin/debug/net8.0/webapi.tests.dll" id="98c179c0-a490-f772-4185-a1c0701377c6">
      <Execution id="7c73bafc-388e-4cab-9328-966c36265be5" />
      <TestMethod codeBase="/Users/svendaneel/okam/wt-evrefund/WebApi.Tests/bin/Debug/net8.0/WebApi.Tests.dll" adapterTypeName="executor://xunit/VsTestRunner2/netcoreapp" className="WebApi.Tests.Events.EventsMoneyPathActorTests" name="A_non_admin_receipt_carrying_an_actor_is_refused" />
    </UnitTest>
    <UnitTest name="WebApi.Tests.Events.EventsAttributionRefusalTests.A_draft_edit_that_cannot_name_its_author_leaves_the_draft_untouched(actor: &quot;   &quot;)" storage="/users/svendaneel/okam/wt-evrefund/webapi.tests/bin/debug/net8.0/webapi.tests.dll" id="093cd5ca-4bdb-b82e-7dd6-7dd42f9f4e20">
      <Execution id="9f69bb59-184a-4d79-a355-467865b54588" />
      <TestMethod codeBase="/Users/svendaneel/okam/wt-evrefund/WebApi.Tests/bin/Debug/net8.0/WebApi.Tests.dll" adapterTypeName="executor://xunit/VsTestRunner2/netcoreapp" className="WebApi.Tests.Events.EventsAttributionRefusalTests" name="A_draft_edit_that_cannot_name_its_author_leaves_the_draft_untouched" />
    </UnitTest>
    <UnitTest name="WebApi.Tests.Events.EventsMoneyPathActorTests.An_unnameable_adjustment_stages_no_line(userId: &quot;&quot;)" storage="/users/svendaneel/okam/wt-evrefund/webapi.tests/bin/debug/net8.0/webapi.tests.dll" id="4b646c77-1d3f-aa91-e4ed-e4046518cce5">
      <Execution id="401d08e9-d859-49b5-91db-168689f204a6" />
      <TestMethod codeBase="/Users/svendaneel/okam/wt-evrefund/WebApi.Tests/bin/Debug/net8.0/WebApi.Tests.dll" adapterTypeName="executor://xunit/VsTestRunner2/netcoreapp" className="WebApi.Tests.Events.EventsMoneyPathActorTests" name="An_unnameable_adjustment_stages_no_line" />
    </UnitTest>
    <UnitTest name="WebApi.Tests.Events.EventsSettlementVatTests.A_hand_entered_adjustment_is_withheld_because_no_column_can_carry_its_rate" storage="/users/svendaneel/okam/wt-evrefund/webapi.tests/bin/debug/net8.0/webapi.tests.dll" id="cffa3c59-dad2-4b96-1ae6-053352795537">
      <Execution id="783bb58b-1194-40d2-a93e-50b8780951dd" />
      <TestMethod codeBase="/Users/svendaneel/okam/wt-evrefund/WebApi.Tests/bin/Debug/net8.0/WebApi.Tests.dll" adapterTypeName="executor://xunit/VsTestRunner2/netcoreapp" className="WebApi.Tests.Events.EventsSettlementVatTests" name="A_hand_entered_adjustment_is_withheld_because_no_column_can_carry_its_rate" />
    </UnitTest>
    <UnitTest name="WebApi.Tests.Events.EventsAttributionRefusalTests.A_refund_by_a_named_admin_still_moves_the_money" storage="/users/svendaneel/okam/wt-evrefund/webapi.tests/bin/debug/net8.0/webapi.tests.dll" id="e67fe886-6743-97e1-d168-a61e2d622cd5">
      <Execution id="a0c93d27-5040-410c-a054-faaaee6ce644" />
      <TestMethod codeBase="/Users/svendaneel/okam/wt-evrefund/WebApi.Tests/bin/Debug/net8.0/WebApi.Tests.dll" adapterTypeName="executor://xunit/VsTestRunner2/netcoreapp" className="WebApi.Tests.Events.EventsAttributionRefusalTests" name="A_refund_by_a_named_admin_still_moves_the_money" />
    </UnitTest>
    <UnitTest name="WebApi.Tests.Events.EventsMoneyPathActorTests.An_admin_receipt_that_names_nobody_is_refused(actorUserId: &quot;&quot;)" storage="/users/svendaneel/okam/wt-evrefund/webapi.tests/bin/debug/net8.0/webapi.tests.dll" id="f1df01c1-c707-406b-3109-1af61b0dd373">
      <Execution id="84d6135b-4eb3-4dac-b87b-1cb5b1363d2b" />
      <TestMethod codeBase="/Users/svendaneel/okam/wt-evrefund/WebApi.Tests/bin/Debug/net8.0/WebApi.Tests.dll" adapterTypeName="executor://xunit/VsTestRunner2/netcoreapp" className="WebApi.Tests.Events.EventsMoneyPathActorTests" name="An_admin_receipt_that_names_nobody_is_refused" />
    </UnitTest>
    <UnitTest name="WebApi.Tests.Events.EventsSettlementVatTests.A_statement_of_matched_pos_checks_alone_publishes_a_real_vat_total" storage="/users/svendaneel/okam/wt-evrefund/webapi.tests/bin/debug/net8.0/webapi.tests.dll" id="ce8aa8d2-f2c6-de44-d73e-3dd2714e25a5">
      <Execution id="498fc062-b3f3-4a93-abf6-13974b352b00" />
      <TestMethod codeBase="/Users/svendaneel/okam/wt-evrefund/WebApi.Tests/bin/Debug/net8.0/WebApi.Tests.dll" adapterTypeName="executor://xunit/VsTestRunner2/netcoreapp" className="WebApi.Tests.Events.EventsSettlementVatTests" name="A_statement_of_matched_pos_checks_alone_publishes_a_real_vat_total" />
    </UnitTest>
    <UnitTest name="WebApi.Tests.Events.EventsMoneyPathActorTests.A_generated_deposit_line_names_nobody_because_nobody_entered_it" storage="/users/svendaneel/okam/wt-evrefund/webapi.tests/bin/debug/net8.0/webapi.tests.dll" id="1c7ce858-644e-e3cf-0254-56d6e7095d3d">
      <Execution id="abaaf746-02b8-4486-8a7f-80b2eacf7d48" />
      <TestMethod codeBase="/Users/svendaneel/okam/wt-evrefund/WebApi.Tests/bin/Debug/net8.0/WebApi.Tests.dll" adapterTypeName="executor://xunit/VsTestRunner2/netcoreapp" className="WebApi.Tests.Events.EventsMoneyPathActorTests" name="A_generated_deposit_line_names_nobody_because_nobody_entered_it" />
    </UnitTest>
    <UnitTest name="WebApi.Tests.Events.EventsAttributionRefusalTests.An_adjustment_line_that_cannot_name_its_author_is_never_staged(actor: &quot;&quot;)" storage="/users/svendaneel/okam/wt-evrefund/webapi.tests/bin/debug/net8.0/webapi.tests.dll" id="55b672ec-7320-b322-4525-f8c7bc7b5fa4">
      <Execution id="938fa670-36ef-41af-8297-dcd0db4b9371" />
      <TestMethod codeBase="/Users/svendaneel/okam/wt-evrefund/WebApi.Tests/bin/Debug/net8.0/WebApi.Tests.dll" adapterTypeName="executor://xunit/VsTestRunner2/netcoreapp" className="WebApi.Tests.Events.EventsAttributionRefusalTests" name="An_adjustment_line_that_cannot_name_its_author_is_never_staged" />
    </UnitTest>
    <UnitTest name="WebApi.Tests.Events.EventsMoneyPathActorTests.A_refund_names_the_admin_who_authorised_it_on_both_receipts" storage="/users/svendaneel/okam/wt-evrefund/webapi.tests/bin/debug/net8.0/webapi.tests.dll" id="57390d25-d95c-978d-a124-9521d8572c37">
      <Execution id="94814bfd-865d-4a5f-8fb0-6f3f522beb57" />
      <TestMethod codeBase="/Users/svendaneel/okam/wt-evrefund/WebApi.Tests/bin/Debug/net8.0/WebApi.Tests.dll" adapterTypeName="executor://xunit/VsTestRunner2/netcoreapp" className="WebApi.Tests.Events.EventsMoneyPathActorTests" name="A_refund_names_the_admin_who_authorised_it_on_both_receipts" />
    </UnitTest>
    <UnitTest name="WebApi.Tests.Events.EventsAttributionRefusalTests.An_adjustment_line_that_cannot_name_its_author_is_never_staged(actor: &quot;   &quot;)" storage="/users/svendaneel/okam/wt-evrefund/webapi.tests/bin/debug/net8.0/webapi.tests.dll" id="7c5b45f4-1f3e-3311-10a3-598d48dc7697">
      <Execution id="4cfbdda9-17ed-46b0-a3e0-5aef21aab7e4" />
      <TestMethod codeBase="/Users/svendaneel/okam/wt-evrefund/WebApi.Tests/bin/Debug/net8.0/WebApi.Tests.dll" adapterTypeName="executor://xunit/VsTestRunner2/netcoreapp" className="WebApi.Tests.Events.EventsAttributionRefusalTests" name="An_adjustment_line_that_cannot_name_its_author_is_never_staged" />
    </UnitTest>
    <UnitTest name="WebApi.Tests.Events.EventsMoneyPathActorTests.A_non_admin_receipt_carrying_an_actor_is_refused(kind: System, actorUserId: &quot;someone&quot;)" storage="/users/svendaneel/okam/wt-evrefund/webapi.tests/bin/debug/net8.0/webapi.tests.dll" id="6c889aca-c5d5-c8ea-0924-a04b36db611c">
      <Execution id="39a89657-536a-4b3e-88e0-cc3d26414044" />
      <TestMethod codeBase="/Users/svendaneel/okam/wt-evrefund/WebApi.Tests/bin/Debug/net8.0/WebApi.Tests.dll" adapterTypeName="executor://xunit/VsTestRunner2/netcoreapp" className="WebApi.Tests.Events.EventsMoneyPathActorTests" name="A_non_admin_receipt_carrying_an_actor_is_refused" />
    </UnitTest>
    <UnitTest name="WebApi.Tests.Events.EventsAttributionRefusalTests.A_refund_that_cannot_name_its_author_never_reaches_the_provider(actor: &quot;&quot;)" storage="/users/svendaneel/okam/wt-evrefund/webapi.tests/bin/debug/net8.0/webapi.tests.dll" id="39b66b68-0d11-18ee-f301-48a6bd01bd0c">
      <Execution id="1598b44d-a69c-4ec7-8af9-354eb9b2ee83" />
      <TestMethod codeBase="/Users/svendaneel/okam/wt-evrefund/WebApi.Tests/bin/Debug/net8.0/WebApi.Tests.dll" adapterTypeName="executor://xunit/VsTestRunner2/netcoreapp" className="WebApi.Tests.Events.EventsAttributionRefusalTests" name="A_refund_that_cannot_name_its_author_never_reaches_the_provider" />
    </UnitTest>
    <UnitTest name="WebApi.Tests.Events.EventsAttributionRefusalTests.A_refund_that_cannot_name_its_author_never_reaches_the_provider(actor: null)" storage="/users/svendaneel/okam/wt-evrefund/webapi.tests/bin/debug/net8.0/webapi.tests.dll" id="3e0104dd-753b-e626-6576-2601370562f4">
      <Execution id="ed9b626c-6ae9-4475-a0f1-3f17a2994795" />
      <TestMethod codeBase="/Users/svendaneel/okam/wt-evrefund/WebApi.Tests/bin/Debug/net8.0/WebApi.Tests.dll" adapterTypeName="executor://xunit/VsTestRunner2/netcoreapp" className="WebApi.Tests.Events.EventsAttributionRefusalTests" name="A_refund_that_cannot_name_its_author_never_reaches_the_provider" />
    </UnitTest>
    <UnitTest name="WebApi.Tests.Events.EventsAttributionRefusalTests.A_draft_edit_that_cannot_name_its_author_leaves_the_draft_untouched(actor: null)" storage="/users/svendaneel/okam/wt-evrefund/webapi.tests/bin/debug/net8.0/webapi.tests.dll" id="7618c77b-ac0f-08c1-3736-e65a6bb86164">
      <Execution id="4f0c23d0-2bf8-4153-9feb-9496b06aa1c5" />
      <TestMethod codeBase="/Users/svendaneel/okam/wt-evrefund/WebApi.Tests/bin/Debug/net8.0/WebApi.Tests.dll" adapterTypeName="executor://xunit/VsTestRunner2/netcoreapp" className="WebApi.Tests.Events.EventsAttributionRefusalTests" name="A_draft_edit_that_cannot_name_its_author_leaves_the_draft_untouched" />
    </UnitTest>
    <UnitTest name="WebApi.Tests.Events.EventsAttributionRefusalTests.A_draft_create_that_cannot_name_its_author_stamps_no_version(actor: &quot;   &quot;)" storage="/users/svendaneel/okam/wt-evrefund/webapi.tests/bin/debug/net8.0/webapi.tests.dll" id="d0c9c7e1-eee3-9fed-b0c3-d6390f98c99d">
      <Execution id="ddc81249-3820-4cef-8ba1-90c0f1eca253" />
      <TestMethod codeBase="/Users/svendaneel/okam/wt-evrefund/WebApi.Tests/bin/Debug/net8.0/WebApi.Tests.dll" adapterTypeName="executor://xunit/VsTestRunner2/netcoreapp" className="WebApi.Tests.Events.EventsAttributionRefusalTests" name="A_draft_create_that_cannot_name_its_author_stamps_no_version" />
    </UnitTest>
    <UnitTest name="WebApi.Tests.Events.EventsMoneyPathActorTests.A_pos_link_attached_after_the_event_closed_still_names_who_attached_it" storage="/users/svendaneel/okam/wt-evrefund/webapi.tests/bin/debug/net8.0/webapi.tests.dll" id="eee0bead-7a06-6fad-419f-528f8d9ff75d">
      <Execution id="96f6a3b4-71c9-4c48-b434-d84a0cde1fee" />
      <TestMethod codeBase="/Users/svendaneel/okam/wt-evrefund/WebApi.Tests/bin/Debug/net8.0/WebApi.Tests.dll" adapterTypeName="executor://xunit/VsTestRunner2/netcoreapp" className="WebApi.Tests.Events.EventsMoneyPathActorTests" name="A_pos_link_attached_after_the_event_closed_still_names_who_attached_it" />
    </UnitTest>
    <UnitTest name="WebApi.Tests.Events.EventsMoneyPathActorTests.An_unnameable_refund_is_refused_before_the_provider_is_called(userId: null)" storage="/users/svendaneel/okam/wt-evrefund/webapi.tests/bin/debug/net8.0/webapi.tests.dll" id="ced471bd-a973-baed-ec9b-6fc8c0725bd4">
      <Execution id="55435750-8b7f-4136-a3f7-bfc7ec83a3e9" />
      <TestMethod codeBase="/Users/svendaneel/okam/wt-evrefund/WebApi.Tests/bin/Debug/net8.0/WebApi.Tests.dll" adapterTypeName="executor://xunit/VsTestRunner2/netcoreapp" className="WebApi.Tests.Events.EventsMoneyPathActorTests" name="An_unnameable_refund_is_refused_before_the_provider_is_called" />
    </UnitTest>
    <UnitTest name="WebApi.Tests.Events.EventsMoneyPathActorTests.A_hand_entered_adjustment_names_who_typed_it" storage="/users/svendaneel/okam/wt-evrefund/webapi.tests/bin/debug/net8.0/webapi.tests.dll" id="b2965453-8b45-a2e9-c443-43d2a2a3d705">
      <Execution id="bb88e0f8-f04b-4a18-91b1-2cc09f495ecf" />
      <TestMethod codeBase="/Users/svendaneel/okam/wt-evrefund/WebApi.Tests/bin/Debug/net8.0/WebApi.Tests.dll" adapterTypeName="executor://xunit/VsTestRunner2/netcoreapp" className="WebApi.Tests.Events.EventsMoneyPathActorTests" name="A_hand_entered_adjustment_names_who_typed_it" />
    </UnitTest>
    <UnitTest name="WebApi.Tests.Events.EventsSettlementVatTests.A_statement_carrying_a_deposit_reports_the_pos_rates_but_publishes_no_vat_total" storage="/users/svendaneel/okam/wt-evrefund/webapi.tests/bin/debug/net8.0/webapi.tests.dll" id="04a9f1fc-deaa-6714-d968-1fbd2258d77a">
      <Execution id="a355d96f-b16e-4e3d-b425-9837a9acc80a" />
      <TestMethod codeBase="/Users/svendaneel/okam/wt-evrefund/WebApi.Tests/bin/Debug/net8.0/WebApi.Tests.dll" adapterTypeName="executor://xunit/VsTestRunner2/netcoreapp" className="WebApi.Tests.Events.EventsSettlementVatTests" name="A_statement_carrying_a_deposit_reports_the_pos_rates_but_publishes_no_vat_total" />
    </UnitTest>
  </TestDefinitions>
  <TestEntries>
    <TestEntry testId="093cd5ca-4bdb-b82e-7dd6-7dd42f9f4e20" executionId="9f69bb59-184a-4d79-a355-467865b54588" testListId="8c84fa94-04c1-424b-9868-57a2d4851a1d" />
    <TestEntry testId="eee0bead-7a06-6fad-419f-528f8d9ff75d" executionId="96f6a3b4-71c9-4c48-b434-d84a0cde1fee" testListId="8c84fa94-04c1-424b-9868-57a2d4851a1d" />
    <TestEntry testId="8f0128e3-10b4-0d7f-7534-279611748c5a" executionId="fccb3f8e-b7bf-4d70-91f0-0ed2632096fd" testListId="8c84fa94-04c1-424b-9868-57a2d4851a1d" />
    <TestEntry testId="bcbadea3-eab4-425a-e3e7-3cc74d4d99c6" executionId="d8cdf16e-c3aa-4da2-baa6-ec1843924f77" testListId="8c84fa94-04c1-424b-9868-57a2d4851a1d" />
    <TestEntry testId="e67fe886-6743-97e1-d168-a61e2d622cd5" executionId="a0c93d27-5040-410c-a054-faaaee6ce644" testListId="8c84fa94-04c1-424b-9868-57a2d4851a1d" />
    <TestEntry testId="ced471bd-a973-baed-ec9b-6fc8c0725bd4" executionId="55435750-8b7f-4136-a3f7-bfc7ec83a3e9" testListId="8c84fa94-04c1-424b-9868-57a2d4851a1d" />
    <TestEntry testId="29b4802e-ac34-62fe-9a22-d26befec72a0" executionId="6f320f37-d1f5-4e83-bd4f-fd7e74b3293f" testListId="8c84fa94-04c1-424b-9868-57a2d4851a1d" />
    <TestEntry testId="d0c9c7e1-eee3-9fed-b0c3-d6390f98c99d" executionId="ddc81249-3820-4cef-8ba1-90c0f1eca253" testListId="8c84fa94-04c1-424b-9868-57a2d4851a1d" />
    <TestEntry testId="6f78edc6-bbb4-17c6-ff62-ee44bf45f5fd" executionId="e612bd51-f2dc-4c96-9f13-33edd93ad405" testListId="8c84fa94-04c1-424b-9868-57a2d4851a1d" />
    <TestEntry testId="cffa3c59-dad2-4b96-1ae6-053352795537" executionId="783bb58b-1194-40d2-a93e-50b8780951dd" testListId="8c84fa94-04c1-424b-9868-57a2d4851a1d" />
    <TestEntry testId="7c5b45f4-1f3e-3311-10a3-598d48dc7697" executionId="4cfbdda9-17ed-46b0-a3e0-5aef21aab7e4" testListId="8c84fa94-04c1-424b-9868-57a2d4851a1d" />
    <TestEntry testId="6ad60ece-131f-fc94-b8b6-f656da26709c" executionId="f0eb8a75-00fb-4495-a0d1-16b9f6669df8" testListId="8c84fa94-04c1-424b-9868-57a2d4851a1d" />
    <TestEntry testId="39b66b68-0d11-18ee-f301-48a6bd01bd0c" executionId="1598b44d-a69c-4ec7-8af9-354eb9b2ee83" testListId="8c84fa94-04c1-424b-9868-57a2d4851a1d" />
    <TestEntry testId="bd515fbb-f923-0862-94e3-34e9d774538a" executionId="a5c3a78c-7c1d-4161-86c2-3ba650f2bc23" testListId="8c84fa94-04c1-424b-9868-57a2d4851a1d" />
    <TestEntry testId="b2965453-8b45-a2e9-c443-43d2a2a3d705" executionId="bb88e0f8-f04b-4a18-91b1-2cc09f495ecf" testListId="8c84fa94-04c1-424b-9868-57a2d4851a1d" />
    <TestEntry testId="acb5d753-9715-e698-d8c3-5aa2a3405ff4" executionId="5242ddb8-6535-43ad-953c-267f1a267124" testListId="8c84fa94-04c1-424b-9868-57a2d4851a1d" />
    <TestEntry testId="f1df01c1-c707-406b-3109-1af61b0dd373" executionId="84d6135b-4eb3-4dac-b87b-1cb5b1363d2b" testListId="8c84fa94-04c1-424b-9868-57a2d4851a1d" />
    <TestEntry testId="ce8aa8d2-f2c6-de44-d73e-3dd2714e25a5" executionId="498fc062-b3f3-4a93-abf6-13974b352b00" testListId="8c84fa94-04c1-424b-9868-57a2d4851a1d" />
    <TestEntry testId="b156591b-3313-c7b3-8820-0f584a38dcf3" executionId="041d8f53-07aa-46ae-8024-ac9a37334d18" testListId="8c84fa94-04c1-424b-9868-57a2d4851a1d" />
    <TestEntry testId="42a252cb-835b-7f4c-4724-88b11d7079b8" executionId="9942f939-0698-4df6-ab7b-d8c944e2f516" testListId="8c84fa94-04c1-424b-9868-57a2d4851a1d" />
    <TestEntry testId="e5b31271-15ee-e3c0-b1e9-93009f497f8a" executionId="92891a35-5d00-4ca0-bb47-ec6a4c501154" testListId="8c84fa94-04c1-424b-9868-57a2d4851a1d" />
    <TestEntry testId="de29598b-d1ab-d85d-f3e4-add72c7dfdc3" executionId="f45d913f-7b64-4df2-921e-bc979ba37423" testListId="8c84fa94-04c1-424b-9868-57a2d4851a1d" />
    <TestEntry testId="99668d20-1a2a-4de8-aef6-51bad685b352" executionId="a6f8b975-222d-4edb-9370-e37a21eaa773" testListId="8c84fa94-04c1-424b-9868-57a2d4851a1d" />
    <TestEntry testId="55b672ec-7320-b322-4525-f8c7bc7b5fa4" executionId="938fa670-36ef-41af-8297-dcd0db4b9371" testListId="8c84fa94-04c1-424b-9868-57a2d4851a1d" />
    <TestEntry testId="02ac1dcd-08a0-af53-8067-d5bbac781e19" executionId="550f22f3-d288-4a7c-903c-e1a7b623b2e6" testListId="8c84fa94-04c1-424b-9868-57a2d4851a1d" />
    <TestEntry testId="55a4d09e-af2c-64cc-ccb8-53554901ce8e" executionId="5bc18860-d0ed-40d1-bf20-aed37dadd45d" testListId="8c84fa94-04c1-424b-9868-57a2d4851a1d" />
    <TestEntry testId="7618c77b-ac0f-08c1-3736-e65a6bb86164" executionId="4f0c23d0-2bf8-4153-9feb-9496b06aa1c5" testListId="8c84fa94-04c1-424b-9868-57a2d4851a1d" />
    <TestEntry testId="ae69d67f-915c-5f90-fd20-638d85837bec" executionId="2ee938db-7e0e-4b21-8237-17f3cb355c4d" testListId="8c84fa94-04c1-424b-9868-57a2d4851a1d" />
    <TestEntry testId="f0900f7b-485f-a778-f58f-94514c0c2107" executionId="1634409b-e570-428d-adae-aba3eba70c3c" testListId="8c84fa94-04c1-424b-9868-57a2d4851a1d" />
    <TestEntry testId="98c179c0-a490-f772-4185-a1c0701377c6" executionId="7c73bafc-388e-4cab-9328-966c36265be5" testListId="8c84fa94-04c1-424b-9868-57a2d4851a1d" />
    <TestEntry testId="12855501-0452-13f1-b4d5-52ce0b8f3403" executionId="0ad6b463-e22e-4370-a99e-a928a5c062a2" testListId="8c84fa94-04c1-424b-9868-57a2d4851a1d" />
    <TestEntry testId="57390d25-d95c-978d-a124-9521d8572c37" executionId="94814bfd-865d-4a5f-8fb0-6f3f522beb57" testListId="8c84fa94-04c1-424b-9868-57a2d4851a1d" />
    <TestEntry testId="1c7ce858-644e-e3cf-0254-56d6e7095d3d" executionId="abaaf746-02b8-4486-8a7f-80b2eacf7d48" testListId="8c84fa94-04c1-424b-9868-57a2d4851a1d" />
    <TestEntry testId="22739b10-3fa6-e6a0-9365-eaae9ce3692f" executionId="26f3f9ca-1851-46d9-bb4c-25af7b5a47ed" testListId="8c84fa94-04c1-424b-9868-57a2d4851a1d" />
    <TestEntry testId="8d88dc22-41b7-2c8a-d3ee-01431863f075" executionId="2c3684e7-8c54-4592-b416-738d4ab6dc65" testListId="8c84fa94-04c1-424b-9868-57a2d4851a1d" />
    <TestEntry testId="2bc71212-f7f5-3d7c-a2f2-2ba12b4c2496" executionId="30a201e7-6c3c-4fba-b86b-ad5e68451880" testListId="8c84fa94-04c1-424b-9868-57a2d4851a1d" />
    <TestEntry testId="3e0104dd-753b-e626-6576-2601370562f4" executionId="ed9b626c-6ae9-4475-a0f1-3f17a2994795" testListId="8c84fa94-04c1-424b-9868-57a2d4851a1d" />
    <TestEntry testId="91714d13-14ff-ff48-2692-a6511645f3c7" executionId="9d9bcf04-793f-4893-ae4d-0655204cff94" testListId="8c84fa94-04c1-424b-9868-57a2d4851a1d" />
    <TestEntry testId="4b646c77-1d3f-aa91-e4ed-e4046518cce5" executionId="401d08e9-d859-49b5-91db-168689f204a6" testListId="8c84fa94-04c1-424b-9868-57a2d4851a1d" />
    <TestEntry testId="04a9f1fc-deaa-6714-d968-1fbd2258d77a" executionId="a355d96f-b16e-4e3d-b425-9837a9acc80a" testListId="8c84fa94-04c1-424b-9868-57a2d4851a1d" />
    <TestEntry testId="122544b8-7658-42c8-f668-4bdf2c3867af" executionId="0d8cc3ce-243d-48db-892d-b7f45e6461e2" testListId="8c84fa94-04c1-424b-9868-57a2d4851a1d" />
    <TestEntry testId="6c889aca-c5d5-c8ea-0924-a04b36db611c" executionId="39a89657-536a-4b3e-88e0-cc3d26414044" testListId="8c84fa94-04c1-424b-9868-57a2d4851a1d" />
    <TestEntry testId="f68ac244-eddc-0327-ad1d-898b9c148e7a" executionId="77f178eb-69fd-4539-b13a-ecfc08ddc2f9" testListId="8c84fa94-04c1-424b-9868-57a2d4851a1d" />
  </TestEntries>
  <TestLists>
    <TestList name="Results Not in a List" id="8c84fa94-04c1-424b-9868-57a2d4851a1d" />
    <TestList name="All Loaded Results" id="19431567-8539-422a-85d7-44ee4e166bda" />
  </TestLists>
  <ResultSummary outcome="Completed">
    <Counters total="43" executed="43" passed="43" failed="0" error="0" timeout="0" aborted="0" inconclusive="0" passedButRunAborted="0" notRunnable="0" notExecuted="0" disconnected="0" warning="0" completed="0" inProgress="0" pending="0" />
    <Output>
      <StdOut>[xUnit.net 00:00:00.00] xUnit.net VSTest Adapter v2.4.5+1caef2f33e (64-bit .NET 8.0.28)
[xUnit.net 00:00:00.68]   Discovering: WebApi.Tests
[xUnit.net 00:00:00.89]   Discovered:  WebApi.Tests
[xUnit.net 00:00:00.89]   Starting:    WebApi.Tests
[xUnit.net 00:00:07.59]   Finished:    WebApi.Tests
</StdOut>
    </Output>
  </ResultSummary>
</TestRun>