<?xml version="1.0" encoding="utf-8"?>
<TestRun id="e39133d6-60aa-4d02-b184-4815d2d31255" name="@Svens-MacBook-Pro 2026-08-09 17:42:21" xmlns="http://microsoft.com/schemas/VisualStudio/TeamTest/2010">
  <Times creation="2026-08-09T17:42:21.1248320+02:00" queuing="2026-08-09T17:42:21.1248320+02:00" start="2026-08-09T17:42:15.6577820+02:00" finish="2026-08-09T17:42:26.1486390+02:00" />
  <TestSettings name="default" id="0e9dfc77-43ff-4288-b15b-00aa6915da96">
    <Deployment runDeploymentRoot="_Svens-MacBook-Pro_2026-08-09_17_42_21" />
  </TestSettings>
  <Results>
    <UnitTestResult executionId="99d3ea42-d5dd-46b3-be5b-617fd56fb483" testId="40a53e11-c1e6-f284-9ba6-45366f52a60c" testName="WebApi.Tests.Workforce.WorkforceOperatorImportTests.Import_creates_a_person_and_engagement_linked_by_operator_id" computerName="Svens-MacBook-Pro" duration="00:00:00.1893749" startTime="2026-08-09T17:42:22.4679640+02:00" endTime="2026-08-09T17:42:22.4679640+02:00" testType="13cdc9d9-ddb5-4fa4-a97d-d965ccfc6d4b" outcome="Passed" testListId="8c84fa94-04c1-424b-9868-57a2d4851a1d" relativeResultsDirectory="99d3ea42-d5dd-46b3-be5b-617fd56fb483" />
    <UnitTestResult executionId="cb993f9c-ef14-46cb-b410-9be81b44363a" testId="051a445e-b695-d344-c43c-7c362107dfb1" testName="WebApi.Tests.Workforce.WorkforceInvitationTests.Attach_is_refused_when_the_duplicate_person_carries_a_second_engagement" computerName="Svens-MacBook-Pro" duration="00:00:00.1016116" startTime="2026-08-09T17:42:24.7734270+02:00" endTime="2026-08-09T17:42:24.7734270+02:00" testType="13cdc9d9-ddb5-4fa4-a97d-d965ccfc6d4b" outcome="Passed" testListId="8c84fa94-04c1-424b-9868-57a2d4851a1d" relativeResultsDirectory="cb993f9c-ef14-46cb-b410-9be81b44363a" />
    <UnitTestResult executionId="baf13767-f0d0-4e86-8ede-ad2fa98d8a6f" testId="6c883406-27fe-c6bd-5c61-25e5778bea91" testName="WebApi.Tests.Workforce.WorkforceOperatorImportTests.An_operator_outside_the_route_store_is_opaque_not_found" computerName="Svens-MacBook-Pro" duration="00:00:03.3950491" startTime="2026-08-09T17:42:21.1077550+02:00" endTime="2026-08-09T17:42:21.1077630+02:00" testType="13cdc9d9-ddb5-4fa4-a97d-d965ccfc6d4b" outcome="Passed" testListId="8c84fa94-04c1-424b-9868-57a2d4851a1d" relativeResultsDirectory="baf13767-f0d0-4e86-8ede-ad2fa98d8a6f" />
    <UnitTestResult executionId="f68e10bd-71cc-461e-b7af-cb8a9d8f3733" testId="f599cdce-b1c8-82fc-7636-51b91b85a078" testName="WebApi.Tests.Workforce.WorkforceInvitationTests.An_issue_refused_at_the_commit_replays_its_refusal_to_a_retry_of_the_SAME_key" computerName="Svens-MacBook-Pro" duration="00:00:00.0644224" startTime="2026-08-09T17:42:26.0439090+02:00" endTime="2026-08-09T17:42:26.0439090+02:00" testType="13cdc9d9-ddb5-4fa4-a97d-d965ccfc6d4b" outcome="Passed" testListId="8c84fa94-04c1-424b-9868-57a2d4851a1d" relativeResultsDirectory="f68e10bd-71cc-461e-b7af-cb8a9d8f3733" />
    <UnitTestResult executionId="23aea1e0-2ffa-4809-99c0-701cc7653f7f" testId="38eaeb2e-e9f8-c3ac-cfaf-55e527ae5fc9" testName="WebApi.Tests.Workforce.WorkforceInvitationTests.Claim_by_an_already_linked_login_attaches_the_engagement_and_archives_the_duplicate" computerName="Svens-MacBook-Pro" duration="00:00:00.2301341" startTime="2026-08-09T17:42:23.5575590+02:00" endTime="2026-08-09T17:42:23.5575590+02:00" testType="13cdc9d9-ddb5-4fa4-a97d-d965ccfc6d4b" outcome="Passed" testListId="8c84fa94-04c1-424b-9868-57a2d4851a1d" relativeResultsDirectory="23aea1e0-2ffa-4809-99c0-701cc7653f7f" />
    <UnitTestResult executionId="0c2c9bff-f3b2-40f8-b6f4-1a5835fc6509" testId="af24e850-56d8-202b-b1ea-0d6a5f960d7c" testName="WebApi.Tests.Workforce.WorkforceInvitationTests.Attach_is_refused_when_the_callers_own_person_is_archived" computerName="Svens-MacBook-Pro" duration="00:00:00.0800869" startTime="2026-08-09T17:42:25.0015280+02:00" endTime="2026-08-09T17:42:25.0015280+02:00" testType="13cdc9d9-ddb5-4fa4-a97d-d965ccfc6d4b" outcome="Passed" testListId="8c84fa94-04c1-424b-9868-57a2d4851a1d" relativeResultsDirectory="0c2c9bff-f3b2-40f8-b6f4-1a5835fc6509" />
    <UnitTestResult executionId="088f480c-25cb-4a67-bb87-3a8a42de96f1" testId="cbb7520c-59aa-01c7-b60a-8f96b62c0e44" testName="WebApi.Tests.Workforce.WorkforceInvitationTests.Claim_of_an_expired_token_is_the_opaque_failure" computerName="Svens-MacBook-Pro" duration="00:00:00.0648544" startTime="2026-08-09T17:42:25.2148020+02:00" endTime="2026-08-09T17:42:25.2148020+02:00" testType="13cdc9d9-ddb5-4fa4-a97d-d965ccfc6d4b" outcome="Passed" testListId="8c84fa94-04c1-424b-9868-57a2d4851a1d" relativeResultsDirectory="088f480c-25cb-4a67-bb87-3a8a42de96f1" />
    <UnitTestResult executionId="a42a51bf-1871-4bdc-917b-6ff3eb230543" testId="22449db1-3cdd-6c46-dfc3-1ddecf9591be" testName="WebApi.Tests.Workforce.WorkforceInvitationTests.Attach_is_refused_when_the_duplicate_person_is_no_longer_invited" computerName="Svens-MacBook-Pro" duration="00:00:00.2592352" startTime="2026-08-09T17:42:23.3273560+02:00" endTime="2026-08-09T17:42:23.3273560+02:00" testType="13cdc9d9-ddb5-4fa4-a97d-d965ccfc6d4b" outcome="Passed" testListId="8c84fa94-04c1-424b-9868-57a2d4851a1d" relativeResultsDirectory="a42a51bf-1871-4bdc-917b-6ff3eb230543" />
    <UnitTestResult executionId="097e430a-8acf-48c3-8d1e-77a2cdd0083d" testId="5c2834d5-8969-3feb-a48f-79d6ee21699b" testName="WebApi.Tests.Workforce.WorkforceInvitationTests.Attach_is_refused_when_the_duplicate_person_carries_a_person_scoped_training_assignment" computerName="Svens-MacBook-Pro" duration="00:00:00.2510070" startTime="2026-08-09T17:42:24.0482460+02:00" endTime="2026-08-09T17:42:24.0482460+02:00" testType="13cdc9d9-ddb5-4fa4-a97d-d965ccfc6d4b" outcome="Passed" testListId="8c84fa94-04c1-424b-9868-57a2d4851a1d" relativeResultsDirectory="097e430a-8acf-48c3-8d1e-77a2cdd0083d" />
    <UnitTestResult executionId="ab51218f-9365-4433-ba72-01dfd716d949" testId="48df0696-f845-f1ce-b6f0-ff569c629e93" testName="WebApi.Tests.Workforce.WorkforceInvitationTests.Issue_returns_a_raw_token_once_and_stores_only_the_hash" computerName="Svens-MacBook-Pro" duration="00:00:00.0731627" startTime="2026-08-09T17:42:24.8466510+02:00" endTime="2026-08-09T17:42:24.8466510+02:00" testType="13cdc9d9-ddb5-4fa4-a97d-d965ccfc6d4b" outcome="Passed" testListId="8c84fa94-04c1-424b-9868-57a2d4851a1d" relativeResultsDirectory="ab51218f-9365-4433-ba72-01dfd716d949" />
    <UnitTestResult executionId="a758461c-aa91-4f6f-8560-8e3aa9652631" testId="da626836-0616-9876-d2ae-bffc72fc20f4" testName="WebApi.Tests.Workforce.WorkforceOperatorImportTests.An_import_refused_by_the_D1_race_backstop_replays_its_refusal_to_a_retry_of_the_SAME_key" computerName="Svens-MacBook-Pro" duration="00:00:00.2278417" startTime="2026-08-09T17:42:21.9272340+02:00" endTime="2026-08-09T17:42:21.9272340+02:00" testType="13cdc9d9-ddb5-4fa4-a97d-d965ccfc6d4b" outcome="Passed" testListId="8c84fa94-04c1-424b-9868-57a2d4851a1d" relativeResultsDirectory="a758461c-aa91-4f6f-8560-8e3aa9652631" />
    <UnitTestResult executionId="90c84bdb-fda4-480e-be4e-5406715c9e23" testId="6d957a95-6542-c2f2-d614-101749cc8fc8" testName="WebApi.Tests.Workforce.WorkforceInvitationTests.Invalid_expired_and_used_tokens_are_indistinguishable_anti_oracle" computerName="Svens-MacBook-Pro" duration="00:00:00.0715034" startTime="2026-08-09T17:42:25.3540070+02:00" endTime="2026-08-09T17:42:25.3540070+02:00" testType="13cdc9d9-ddb5-4fa4-a97d-d965ccfc6d4b" outcome="Passed" testListId="8c84fa94-04c1-424b-9868-57a2d4851a1d" relativeResultsDirectory="90c84bdb-fda4-480e-be4e-5406715c9e23" />
    <UnitTestResult executionId="567aff66-61d0-472a-a870-cd33e5053f2b" testId="22a2d289-bc2b-4ca9-2ed8-e8ce905659d4" testName="WebApi.Tests.Workforce.WorkforceInvitationTests.Issue_without_an_idempotency_key_is_a_400" computerName="Svens-MacBook-Pro" duration="00:00:00.1936518" startTime="2026-08-09T17:42:24.6717520+02:00" endTime="2026-08-09T17:42:24.6717520+02:00" testType="13cdc9d9-ddb5-4fa4-a97d-d965ccfc6d4b" outcome="Passed" testListId="8c84fa94-04c1-424b-9868-57a2d4851a1d" relativeResultsDirectory="567aff66-61d0-472a-a870-cd33e5053f2b" />
    <UnitTestResult executionId="7f25fb62-7225-4e1d-a8dd-74370051e097" testId="8e69219f-9546-4e62-bf44-2cbb4fda446f" testName="WebApi.Tests.Workforce.WorkforceInvitationTests.Attach_is_refused_when_the_duplicate_person_carries_a_training_completion" computerName="Svens-MacBook-Pro" duration="00:00:00.2395464" startTime="2026-08-09T17:42:23.7971710+02:00" endTime="2026-08-09T17:42:23.7971710+02:00" testType="13cdc9d9-ddb5-4fa4-a97d-d965ccfc6d4b" outcome="Passed" testListId="8c84fa94-04c1-424b-9868-57a2d4851a1d" relativeResultsDirectory="7f25fb62-7225-4e1d-a8dd-74370051e097" />
    <UnitTestResult executionId="d0dba4e3-2c74-4576-9c58-668490b05a72" testId="0c22f40e-3b88-2995-d3d6-2f8278f6c086" testName="WebApi.Tests.Workforce.WorkforceInvitationTests.Claim_never_revives_an_archived_person_and_the_refusal_is_the_opaque_failure" computerName="Svens-MacBook-Pro" duration="00:00:00.0672478" startTime="2026-08-09T17:42:25.8565830+02:00" endTime="2026-08-09T17:42:25.8565830+02:00" testType="13cdc9d9-ddb5-4fa4-a97d-d965ccfc6d4b" outcome="Passed" testListId="8c84fa94-04c1-424b-9868-57a2d4851a1d" relativeResultsDirectory="d0dba4e3-2c74-4576-9c58-668490b05a72" />
    <UnitTestResult executionId="ad363169-5c89-4944-a64a-bd340af5d3b4" testId="07b9cf22-e978-2ac9-2844-877f9eab4605" testName="WebApi.Tests.Workforce.WorkforceOperatorImportTests.Operator_whose_person_is_engaged_in_a_hidden_store_is_an_opaque_conflict" computerName="Svens-MacBook-Pro" duration="00:00:00.1979905" startTime="2026-08-09T17:42:21.6993480+02:00" endTime="2026-08-09T17:42:21.6993480+02:00" testType="13cdc9d9-ddb5-4fa4-a97d-d965ccfc6d4b" outcome="Passed" testListId="8c84fa94-04c1-424b-9868-57a2d4851a1d" relativeResultsDirectory="ad363169-5c89-4944-a64a-bd340af5d3b4" />
    <UnitTestResult executionId="0c2d97b2-2b88-485d-8806-e7e3d264d6ea" testId="aab11658-7cee-f0f1-7c60-0b2f9aaa694c" testName="WebApi.Tests.Workforce.WorkforceInvitationTests.Claim_requires_an_idempotency_key_and_authentication" computerName="Svens-MacBook-Pro" duration="00:00:00.0893320" startTime="2026-08-09T17:42:25.5126670+02:00" endTime="2026-08-09T17:42:25.5126670+02:00" testType="13cdc9d9-ddb5-4fa4-a97d-d965ccfc6d4b" outcome="Passed" testListId="8c84fa94-04c1-424b-9868-57a2d4851a1d" relativeResultsDirectory="0c2d97b2-2b88-485d-8806-e7e3d264d6ea" />
    <UnitTestResult executionId="695c0c32-eb3f-4bb2-ab0f-d4ae16093055" testId="c64db1eb-5872-1d49-2060-27a94286a4bf" testName="WebApi.Tests.Workforce.WorkforceInvitationTests.Claim_by_a_blank_but_not_empty_subject_is_forbidden_and_stamps_nothing" computerName="Svens-MacBook-Pro" duration="00:00:00.2102088" startTime="2026-08-09T17:42:24.4780380+02:00" endTime="2026-08-09T17:42:24.4780380+02:00" testType="13cdc9d9-ddb5-4fa4-a97d-d965ccfc6d4b" outcome="Passed" testListId="8c84fa94-04c1-424b-9868-57a2d4851a1d" relativeResultsDirectory="695c0c32-eb3f-4bb2-ab0f-d4ae16093055" />
    <UnitTestResult executionId="fd47c0c8-8ed4-4804-95fb-ded38445a21f" testId="06964b5a-29fc-6e83-1f6b-a70a67fd7915" testName="WebApi.Tests.Workforce.WorkforceInvitationTests.Claim_never_adds_capability_no_self_escalation" computerName="Svens-MacBook-Pro" duration="00:00:00.0628049" startTime="2026-08-09T17:42:25.9194520+02:00" endTime="2026-08-09T17:42:25.9194520+02:00" testType="13cdc9d9-ddb5-4fa4-a97d-d965ccfc6d4b" outcome="Passed" testListId="8c84fa94-04c1-424b-9868-57a2d4851a1d" relativeResultsDirectory="fd47c0c8-8ed4-4804-95fb-ded38445a21f" />
    <UnitTestResult executionId="792acd58-2866-40c9-89cf-167b7d8d9af1" testId="8c0bb7ac-0047-8ba1-e519-40eb3288c50f" testName="WebApi.Tests.Workforce.WorkforceOperatorImportTests.Operator_whose_person_is_already_engaged_here_is_a_visible_conflict" computerName="Svens-MacBook-Pro" duration="00:00:00.2220213" startTime="2026-08-09T17:42:23.0670200+02:00" endTime="2026-08-09T17:42:23.0670200+02:00" testType="13cdc9d9-ddb5-4fa4-a97d-d965ccfc6d4b" outcome="Passed" testListId="8c84fa94-04c1-424b-9868-57a2d4851a1d" relativeResultsDirectory="792acd58-2866-40c9-89cf-167b7d8d9af1" />
    <UnitTestResult executionId="22ebcbfb-d6d6-4802-bb59-71b49d6ea8d7" testId="90d237bd-8cfd-ff02-598b-b686d9701416" testName="WebApi.Tests.Workforce.WorkforceInvitationTests.Attach_is_refused_when_the_duplicate_person_carries_a_clock_session" computerName="Svens-MacBook-Pro" duration="00:00:00.0757073" startTime="2026-08-09T17:42:25.1498760+02:00" endTime="2026-08-09T17:42:25.1498760+02:00" testType="13cdc9d9-ddb5-4fa4-a97d-d965ccfc6d4b" outcome="Passed" testListId="8c84fa94-04c1-424b-9868-57a2d4851a1d" relativeResultsDirectory="22ebcbfb-d6d6-4802-bb59-71b49d6ea8d7" />
    <UnitTestResult executionId="ad5768ba-befc-4ade-977e-440e11f4e273" testId="9577e674-5cdf-09ea-a90e-504109d1c4f6" testName="WebApi.Tests.Workforce.WorkforceInvitationTests.Issue_requires_manager_and_a_scheduler_is_forbidden" computerName="Svens-MacBook-Pro" duration="00:00:00.0741197" startTime="2026-08-09T17:42:25.5868690+02:00" endTime="2026-08-09T17:42:25.5868690+02:00" testType="13cdc9d9-ddb5-4fa4-a97d-d965ccfc6d4b" outcome="Passed" testListId="8c84fa94-04c1-424b-9868-57a2d4851a1d" relativeResultsDirectory="ad5768ba-befc-4ade-977e-440e11f4e273" />
    <UnitTestResult executionId="f0122d3d-3147-49ed-acb8-56acc2372fae" testId="c4efa1c6-fc11-11cc-466b-95843051bad2" testName="WebApi.Tests.Workforce.WorkforceOperatorImportTests.Import_without_a_body_is_a_400" computerName="Svens-MacBook-Pro" duration="00:00:00.1908892" startTime="2026-08-09T17:42:22.8449040+02:00" endTime="2026-08-09T17:42:22.8449040+02:00" testType="13cdc9d9-ddb5-4fa4-a97d-d965ccfc6d4b" outcome="Passed" testListId="8c84fa94-04c1-424b-9868-57a2d4851a1d" relativeResultsDirectory="f0122d3d-3147-49ed-acb8-56acc2372fae" />
    <UnitTestResult executionId="f4d417d3-20bd-4837-ad6d-ae131a6379ff" testId="fe06c2fd-8a5d-7ef1-0594-d6b8252c8bcc" testName="WebApi.Tests.Workforce.WorkforceInvitationTests.Attach_is_refused_when_it_would_double_engage_one_legal_employer" computerName="Svens-MacBook-Pro" duration="00:00:00.0676189" startTime="2026-08-09T17:42:25.6545900+02:00" endTime="2026-08-09T17:42:25.6545900+02:00" testType="13cdc9d9-ddb5-4fa4-a97d-d965ccfc6d4b" outcome="Passed" testListId="8c84fa94-04c1-424b-9868-57a2d4851a1d" relativeResultsDirectory="f4d417d3-20bd-4837-ad6d-ae131a6379ff" />
    <UnitTestResult executionId="e44ae356-f6da-4fa0-b7b2-fe628bb60e36" testId="8e5f76a5-65eb-1931-19e8-c0073778e204" testName="WebApi.Tests.Workforce.WorkforceInvitationTests.Reissue_supersedes_the_old_token_and_keeps_exactly_one_pending" computerName="Svens-MacBook-Pro" duration="00:00:00.0725216" startTime="2026-08-09T17:42:25.0741130+02:00" endTime="2026-08-09T17:42:25.0741130+02:00" testType="13cdc9d9-ddb5-4fa4-a97d-d965ccfc6d4b" outcome="Passed" testListId="8c84fa94-04c1-424b-9868-57a2d4851a1d" relativeResultsDirectory="e44ae356-f6da-4fa0-b7b2-fe628bb60e36" />
    <UnitTestResult executionId="6f052c52-c58a-443d-b70c-e74809aa100e" testId="e22bb2d7-a629-d3e4-5732-1bb05d317282" testName="WebApi.Tests.Workforce.WorkforceInvitationTests.Attach_is_refused_when_the_duplicate_person_carries_a_training_certificate" computerName="Svens-MacBook-Pro" duration="00:00:00.0736417" startTime="2026-08-09T17:42:26.1176180+02:00" endTime="2026-08-09T17:42:26.1176180+02:00" testType="13cdc9d9-ddb5-4fa4-a97d-d965ccfc6d4b" outcome="Passed" testListId="8c84fa94-04c1-424b-9868-57a2d4851a1d" relativeResultsDirectory="6f052c52-c58a-443d-b70c-e74809aa100e" />
    <UnitTestResult executionId="e55c2787-bf87-4088-af4c-94d59f06b3b4" testId="b095049e-de19-0f30-3053-390de8a2deea" testName="WebApi.Tests.Workforce.WorkforceInvitationTests.A_claim_refused_at_the_commit_replays_its_refusal_to_a_retry_of_the_SAME_key" computerName="Svens-MacBook-Pro" duration="00:00:00.0697296" startTime="2026-08-09T17:42:25.7243830+02:00" endTime="2026-08-09T17:42:25.7243830+02:00" testType="13cdc9d9-ddb5-4fa4-a97d-d965ccfc6d4b" outcome="Passed" testListId="8c84fa94-04c1-424b-9868-57a2d4851a1d" relativeResultsDirectory="e55c2787-bf87-4088-af4c-94d59f06b3b4" />
    <UnitTestResult executionId="acf1bbf6-2f57-416b-8481-4a4414b6b40c" testId="e2f2cdcb-c09a-89ce-589f-cfb6d188116a" testName="WebApi.Tests.Workforce.WorkforceInvitationTests.A_login_slot_lost_at_the_commit_is_the_retryable_409_not_a_500" computerName="Svens-MacBook-Pro" duration="00:00:00.2194325" startTime="2026-08-09T17:42:24.2677520+02:00" endTime="2026-08-09T17:42:24.2677520+02:00" testType="13cdc9d9-ddb5-4fa4-a97d-d965ccfc6d4b" outcome="Passed" testListId="8c84fa94-04c1-424b-9868-57a2d4851a1d" relativeResultsDirectory="acf1bbf6-2f57-416b-8481-4a4414b6b40c" />
    <UnitTestResult executionId="1b993473-7412-4fe7-942d-5d9f06b25751" testId="e9075aa4-de99-67b4-66d1-23657bc0dd91" testName="WebApi.Tests.Workforce.WorkforceInvitationTests.A_second_engagement_on_the_SAME_person_still_claims_the_supported_multi_store_path" computerName="Svens-MacBook-Pro" duration="00:00:00.0691967" startTime="2026-08-09T17:42:25.4232680+02:00" endTime="2026-08-09T17:42:25.4232680+02:00" testType="13cdc9d9-ddb5-4fa4-a97d-d965ccfc6d4b" outcome="Passed" testListId="8c84fa94-04c1-424b-9868-57a2d4851a1d" relativeResultsDirectory="1b993473-7412-4fe7-942d-5d9f06b25751" />
    <UnitTestResult executionId="f6b69424-ca32-44c2-953f-f6f29e089d20" testId="796638ac-2720-7633-6ee7-81c328411565" testName="WebApi.Tests.Workforce.WorkforceOperatorImportTests.Import_requires_manager_a_scheduler_is_forbidden" computerName="Svens-MacBook-Pro" duration="00:00:00.1792560" startTime="2026-08-09T17:42:21.5012320+02:00" endTime="2026-08-09T17:42:21.5012320+02:00" testType="13cdc9d9-ddb5-4fa4-a97d-d965ccfc6d4b" outcome="Passed" testListId="8c84fa94-04c1-424b-9868-57a2d4851a1d" relativeResultsDirectory="f6b69424-ca32-44c2-953f-f6f29e089d20" />
    <UnitTestResult executionId="e3683d51-3c6e-4193-88d6-dbf33d42d029" testId="19e2c440-7a0f-1c32-afb0-b49103c56ef4" testName="WebApi.Tests.Workforce.WorkforceOperatorImportTests.A_mixed_batch_reports_per_item_outcomes_not_all_or_nothing" computerName="Svens-MacBook-Pro" duration="00:00:00.1739815" startTime="2026-08-09T17:42:22.1013040+02:00" endTime="2026-08-09T17:42:22.1013040+02:00" testType="13cdc9d9-ddb5-4fa4-a97d-d965ccfc6d4b" outcome="Passed" testListId="8c84fa94-04c1-424b-9868-57a2d4851a1d" relativeResultsDirectory="e3683d51-3c6e-4193-88d6-dbf33d42d029" />
    <UnitTestResult executionId="12905ad6-111a-432a-a6aa-491c05eced44" testId="3bb4d6d1-29ad-d7e8-d94a-021aa3fdec7a" testName="WebApi.Tests.Workforce.WorkforceInvitationTests.Issue_replay_returns_no_token_and_does_not_create_a_second_pending" computerName="Svens-MacBook-Pro" duration="00:00:00.0675673" startTime="2026-08-09T17:42:25.2824500+02:00" endTime="2026-08-09T17:42:25.2824500+02:00" testType="13cdc9d9-ddb5-4fa4-a97d-d965ccfc6d4b" outcome="Passed" testListId="8c84fa94-04c1-424b-9868-57a2d4851a1d" relativeResultsDirectory="12905ad6-111a-432a-a6aa-491c05eced44" />
    <UnitTestResult executionId="eed5fadc-4a62-4172-aca1-e24e2b5524f1" testId="eaaf6ded-a10e-e234-aa25-355a9383ef91" testName="WebApi.Tests.Workforce.WorkforceOperatorImportTests.Rerun_imports_nothing_new_per_operator_idempotence_even_with_a_new_key" computerName="Svens-MacBook-Pro" duration="00:00:00.2143138" startTime="2026-08-09T17:42:21.3219290+02:00" endTime="2026-08-09T17:42:21.3219290+02:00" testType="13cdc9d9-ddb5-4fa4-a97d-d965ccfc6d4b" outcome="Passed" testListId="8c84fa94-04c1-424b-9868-57a2d4851a1d" relativeResultsDirectory="eed5fadc-4a62-4172-aca1-e24e2b5524f1" />
    <UnitTestResult executionId="25cc4b4a-b3dd-4796-9cb8-59e8b9c627ab" testId="52661105-f938-e7b9-8d05-c230cffb62fd" testName="WebApi.Tests.Workforce.WorkforceOperatorImportTests.StoreAdmin_operator_is_never_auto_imported" computerName="Svens-MacBook-Pro" duration="00:00:00.1858769" startTime="2026-08-09T17:42:22.6539330+02:00" endTime="2026-08-09T17:42:22.6539330+02:00" testType="13cdc9d9-ddb5-4fa4-a97d-d965ccfc6d4b" outcome="Passed" testListId="8c84fa94-04c1-424b-9868-57a2d4851a1d" relativeResultsDirectory="25cc4b4a-b3dd-4796-9cb8-59e8b9c627ab" />
    <UnitTestResult executionId="a762406d-3cda-44bf-9da6-38702aa35469" testId="d94d7866-959b-92f4-9deb-011eed3c8e2a" testName="WebApi.Tests.Workforce.WorkforceInvitationTests.Claim_links_the_user_moves_the_person_to_claimed_and_is_one_use" computerName="Svens-MacBook-Pro" duration="00:00:00.0648338" startTime="2026-08-09T17:42:25.7892640+02:00" endTime="2026-08-09T17:42:25.7892640+02:00" testType="13cdc9d9-ddb5-4fa4-a97d-d965ccfc6d4b" outcome="Passed" testListId="8c84fa94-04c1-424b-9868-57a2d4851a1d" relativeResultsDirectory="a762406d-3cda-44bf-9da6-38702aa35469" />
    <UnitTestResult executionId="d4e7a32a-f05f-4d85-9948-3795e290cddc" testId="71871cb5-fb7a-3974-593e-541ec504fb90" testName="WebApi.Tests.Workforce.WorkforceInvitationTests.Issue_for_an_absent_staff_member_is_the_opaque_404" computerName="Svens-MacBook-Pro" duration="00:00:00.0599192" startTime="2026-08-09T17:42:25.9794250+02:00" endTime="2026-08-09T17:42:25.9794250+02:00" testType="13cdc9d9-ddb5-4fa4-a97d-d965ccfc6d4b" outcome="Passed" testListId="8c84fa94-04c1-424b-9868-57a2d4851a1d" relativeResultsDirectory="d4e7a32a-f05f-4d85-9948-3795e290cddc" />
    <UnitTestResult executionId="e120cc13-3888-45e4-8401-d795a9f904ae" testId="75b62ee1-3c97-2c02-43a8-6ec02f60e9c1" testName="WebApi.Tests.Workforce.WorkforceInvitationTests.Claim_idempotency_key_is_scoped_per_user_so_a_shared_key_cannot_collide" computerName="Svens-MacBook-Pro" duration="00:00:00.0745553" startTime="2026-08-09T17:42:24.9213320+02:00" endTime="2026-08-09T17:42:24.9213320+02:00" testType="13cdc9d9-ddb5-4fa4-a97d-d965ccfc6d4b" outcome="Passed" testListId="8c84fa94-04c1-424b-9868-57a2d4851a1d" relativeResultsDirectory="e120cc13-3888-45e4-8401-d795a9f904ae" />
    <UnitTestResult executionId="850ad111-57a7-4fc7-b461-d60029d63fee" testId="1afd82b7-84df-c73b-4151-49bfa47988ce" testName="WebApi.Tests.Workforce.WorkforceOperatorImportTests.Import_without_an_idempotency_key_is_a_400" computerName="Svens-MacBook-Pro" duration="00:00:00.1771446" startTime="2026-08-09T17:42:22.2785160+02:00" endTime="2026-08-09T17:42:22.2785160+02:00" testType="13cdc9d9-ddb5-4fa4-a97d-d965ccfc6d4b" outcome="Passed" testListId="8c84fa94-04c1-424b-9868-57a2d4851a1d" relativeResultsDirectory="850ad111-57a7-4fc7-b461-d60029d63fee" />
  </Results>
  <TestDefinitions>
    <UnitTest name="WebApi.Tests.Workforce.WorkforceInvitationTests.Attach_is_refused_when_the_duplicate_person_carries_a_second_engagement" storage="/users/svendaneel/okam/okamapi-wfrefusalrest/webapi.tests/bin/debug/net8.0/webapi.tests.dll" id="051a445e-b695-d344-c43c-7c362107dfb1">
      <Execution id="cb993f9c-ef14-46cb-b410-9be81b44363a" />
      <TestMethod codeBase="/Users/svendaneel/okam/OkamAPI-wfrefusalrest/WebApi.Tests/bin/Debug/net8.0/WebApi.Tests.dll" adapterTypeName="executor://xunit/VsTestRunner2/netcoreapp" className="WebApi.Tests.Workforce.WorkforceInvitationTests" name="Attach_is_refused_when_the_duplicate_person_carries_a_second_engagement" />
    </UnitTest>
    <UnitTest name="WebApi.Tests.Workforce.WorkforceOperatorImportTests.Operator_whose_person_is_already_engaged_here_is_a_visible_conflict" storage="/users/svendaneel/okam/okamapi-wfrefusalrest/webapi.tests/bin/debug/net8.0/webapi.tests.dll" id="8c0bb7ac-0047-8ba1-e519-40eb3288c50f">
      <Execution id="792acd58-2866-40c9-89cf-167b7d8d9af1" />
      <TestMethod codeBase="/Users/svendaneel/okam/OkamAPI-wfrefusalrest/WebApi.Tests/bin/Debug/net8.0/WebApi.Tests.dll" adapterTypeName="executor://xunit/VsTestRunner2/netcoreapp" className="WebApi.Tests.Workforce.WorkforceOperatorImportTests" name="Operator_whose_person_is_already_engaged_here_is_a_visible_conflict" />
    </UnitTest>
    <UnitTest name="WebApi.Tests.Workforce.WorkforceOperatorImportTests.An_import_refused_by_the_D1_race_backstop_replays_its_refusal_to_a_retry_of_the_SAME_key" storage="/users/svendaneel/okam/okamapi-wfrefusalrest/webapi.tests/bin/debug/net8.0/webapi.tests.dll" id="da626836-0616-9876-d2ae-bffc72fc20f4">
      <Execution id="a758461c-aa91-4f6f-8560-8e3aa9652631" />
      <TestMethod codeBase="/Users/svendaneel/okam/OkamAPI-wfrefusalrest/WebApi.Tests/bin/Debug/net8.0/WebApi.Tests.dll" adapterTypeName="executor://xunit/VsTestRunner2/netcoreapp" className="WebApi.Tests.Workforce.WorkforceOperatorImportTests" name="An_import_refused_by_the_D1_race_backstop_replays_its_refusal_to_a_retry_of_the_SAME_key" />
    </UnitTest>
    <UnitTest name="WebApi.Tests.Workforce.WorkforceInvitationTests.Attach_is_refused_when_the_callers_own_person_is_archived" storage="/users/svendaneel/okam/okamapi-wfrefusalrest/webapi.tests/bin/debug/net8.0/webapi.tests.dll" id="af24e850-56d8-202b-b1ea-0d6a5f960d7c">
      <Execution id="0c2c9bff-f3b2-40f8-b6f4-1a5835fc6509" />
      <TestMethod codeBase="/Users/svendaneel/okam/OkamAPI-wfrefusalrest/WebApi.Tests/bin/Debug/net8.0/WebApi.Tests.dll" adapterTypeName="executor://xunit/VsTestRunner2/netcoreapp" className="WebApi.Tests.Workforce.WorkforceInvitationTests" name="Attach_is_refused_when_the_callers_own_person_is_archived" />
    </UnitTest>
    <UnitTest name="WebApi.Tests.Workforce.WorkforceInvitationTests.Issue_requires_manager_and_a_scheduler_is_forbidden" storage="/users/svendaneel/okam/okamapi-wfrefusalrest/webapi.tests/bin/debug/net8.0/webapi.tests.dll" id="9577e674-5cdf-09ea-a90e-504109d1c4f6">
      <Execution id="ad5768ba-befc-4ade-977e-440e11f4e273" />
      <TestMethod codeBase="/Users/svendaneel/okam/OkamAPI-wfrefusalrest/WebApi.Tests/bin/Debug/net8.0/WebApi.Tests.dll" adapterTypeName="executor://xunit/VsTestRunner2/netcoreapp" className="WebApi.Tests.Workforce.WorkforceInvitationTests" name="Issue_requires_manager_and_a_scheduler_is_forbidden" />
    </UnitTest>
    <UnitTest name="WebApi.Tests.Workforce.WorkforceInvitationTests.Attach_is_refused_when_the_duplicate_person_is_no_longer_invited" storage="/users/svendaneel/okam/okamapi-wfrefusalrest/webapi.tests/bin/debug/net8.0/webapi.tests.dll" id="22449db1-3cdd-6c46-dfc3-1ddecf9591be">
      <Execution id="a42a51bf-1871-4bdc-917b-6ff3eb230543" />
      <TestMethod codeBase="/Users/svendaneel/okam/OkamAPI-wfrefusalrest/WebApi.Tests/bin/Debug/net8.0/WebApi.Tests.dll" adapterTypeName="executor://xunit/VsTestRunner2/netcoreapp" className="WebApi.Tests.Workforce.WorkforceInvitationTests" name="Attach_is_refused_when_the_duplicate_person_is_no_longer_invited" />
    </UnitTest>
    <UnitTest name="WebApi.Tests.Workforce.WorkforceOperatorImportTests.StoreAdmin_operator_is_never_auto_imported" storage="/users/svendaneel/okam/okamapi-wfrefusalrest/webapi.tests/bin/debug/net8.0/webapi.tests.dll" id="52661105-f938-e7b9-8d05-c230cffb62fd">
      <Execution id="25cc4b4a-b3dd-4796-9cb8-59e8b9c627ab" />
      <TestMethod codeBase="/Users/svendaneel/okam/OkamAPI-wfrefusalrest/WebApi.Tests/bin/Debug/net8.0/WebApi.Tests.dll" adapterTypeName="executor://xunit/VsTestRunner2/netcoreapp" className="WebApi.Tests.Workforce.WorkforceOperatorImportTests" name="StoreAdmin_operator_is_never_auto_imported" />
    </UnitTest>
    <UnitTest name="WebApi.Tests.Workforce.WorkforceOperatorImportTests.Rerun_imports_nothing_new_per_operator_idempotence_even_with_a_new_key" storage="/users/svendaneel/okam/okamapi-wfrefusalrest/webapi.tests/bin/debug/net8.0/webapi.tests.dll" id="eaaf6ded-a10e-e234-aa25-355a9383ef91">
      <Execution id="eed5fadc-4a62-4172-aca1-e24e2b5524f1" />
      <TestMethod codeBase="/Users/svendaneel/okam/OkamAPI-wfrefusalrest/WebApi.Tests/bin/Debug/net8.0/WebApi.Tests.dll" adapterTypeName="executor://xunit/VsTestRunner2/netcoreapp" className="WebApi.Tests.Workforce.WorkforceOperatorImportTests" name="Rerun_imports_nothing_new_per_operator_idempotence_even_with_a_new_key" />
    </UnitTest>
    <UnitTest name="WebApi.Tests.Workforce.WorkforceInvitationTests.Claim_never_revives_an_archived_person_and_the_refusal_is_the_opaque_failure" storage="/users/svendaneel/okam/okamapi-wfrefusalrest/webapi.tests/bin/debug/net8.0/webapi.tests.dll" id="0c22f40e-3b88-2995-d3d6-2f8278f6c086">
      <Execution id="d0dba4e3-2c74-4576-9c58-668490b05a72" />
      <TestMethod codeBase="/Users/svendaneel/okam/OkamAPI-wfrefusalrest/WebApi.Tests/bin/Debug/net8.0/WebApi.Tests.dll" adapterTypeName="executor://xunit/VsTestRunner2/netcoreapp" className="WebApi.Tests.Workforce.WorkforceInvitationTests" name="Claim_never_revives_an_archived_person_and_the_refusal_is_the_opaque_failure" />
    </UnitTest>
    <UnitTest name="WebApi.Tests.Workforce.WorkforceOperatorImportTests.Operator_whose_person_is_engaged_in_a_hidden_store_is_an_opaque_conflict" storage="/users/svendaneel/okam/okamapi-wfrefusalrest/webapi.tests/bin/debug/net8.0/webapi.tests.dll" id="07b9cf22-e978-2ac9-2844-877f9eab4605">
      <Execution id="ad363169-5c89-4944-a64a-bd340af5d3b4" />
      <TestMethod codeBase="/Users/svendaneel/okam/OkamAPI-wfrefusalrest/WebApi.Tests/bin/Debug/net8.0/WebApi.Tests.dll" adapterTypeName="executor://xunit/VsTestRunner2/netcoreapp" className="WebApi.Tests.Workforce.WorkforceOperatorImportTests" name="Operator_whose_person_is_engaged_in_a_hidden_store_is_an_opaque_conflict" />
    </UnitTest>
    <UnitTest name="WebApi.Tests.Workforce.WorkforceInvitationTests.A_second_engagement_on_the_SAME_person_still_claims_the_supported_multi_store_path" storage="/users/svendaneel/okam/okamapi-wfrefusalrest/webapi.tests/bin/debug/net8.0/webapi.tests.dll" id="e9075aa4-de99-67b4-66d1-23657bc0dd91">
      <Execution id="1b993473-7412-4fe7-942d-5d9f06b25751" />
      <TestMethod codeBase="/Users/svendaneel/okam/OkamAPI-wfrefusalrest/WebApi.Tests/bin/Debug/net8.0/WebApi.Tests.dll" adapterTypeName="executor://xunit/VsTestRunner2/netcoreapp" className="WebApi.Tests.Workforce.WorkforceInvitationTests" name="A_second_engagement_on_the_SAME_person_still_claims_the_supported_multi_store_path" />
    </UnitTest>
    <UnitTest name="WebApi.Tests.Workforce.WorkforceInvitationTests.Attach_is_refused_when_the_duplicate_person_carries_a_clock_session" storage="/users/svendaneel/okam/okamapi-wfrefusalrest/webapi.tests/bin/debug/net8.0/webapi.tests.dll" id="90d237bd-8cfd-ff02-598b-b686d9701416">
      <Execution id="22ebcbfb-d6d6-4802-bb59-71b49d6ea8d7" />
      <TestMethod codeBase="/Users/svendaneel/okam/OkamAPI-wfrefusalrest/WebApi.Tests/bin/Debug/net8.0/WebApi.Tests.dll" adapterTypeName="executor://xunit/VsTestRunner2/netcoreapp" className="WebApi.Tests.Workforce.WorkforceInvitationTests" name="Attach_is_refused_when_the_duplicate_person_carries_a_clock_session" />
    </UnitTest>
    <UnitTest name="WebApi.Tests.Workforce.WorkforceOperatorImportTests.An_operator_outside_the_route_store_is_opaque_not_found" storage="/users/svendaneel/okam/okamapi-wfrefusalrest/webapi.tests/bin/debug/net8.0/webapi.tests.dll" id="6c883406-27fe-c6bd-5c61-25e5778bea91">
      <Execution id="baf13767-f0d0-4e86-8ede-ad2fa98d8a6f" />
      <TestMethod codeBase="/Users/svendaneel/okam/OkamAPI-wfrefusalrest/WebApi.Tests/bin/Debug/net8.0/WebApi.Tests.dll" adapterTypeName="executor://xunit/VsTestRunner2/netcoreapp" className="WebApi.Tests.Workforce.WorkforceOperatorImportTests" name="An_operator_outside_the_route_store_is_opaque_not_found" />
    </UnitTest>
    <UnitTest name="WebApi.Tests.Workforce.WorkforceInvitationTests.Issue_replay_returns_no_token_and_does_not_create_a_second_pending" storage="/users/svendaneel/okam/okamapi-wfrefusalrest/webapi.tests/bin/debug/net8.0/webapi.tests.dll" id="3bb4d6d1-29ad-d7e8-d94a-021aa3fdec7a">
      <Execution id="12905ad6-111a-432a-a6aa-491c05eced44" />
      <TestMethod codeBase="/Users/svendaneel/okam/OkamAPI-wfrefusalrest/WebApi.Tests/bin/Debug/net8.0/WebApi.Tests.dll" adapterTypeName="executor://xunit/VsTestRunner2/netcoreapp" className="WebApi.Tests.Workforce.WorkforceInvitationTests" name="Issue_replay_returns_no_token_and_does_not_create_a_second_pending" />
    </UnitTest>
    <UnitTest name="WebApi.Tests.Workforce.WorkforceInvitationTests.Claim_requires_an_idempotency_key_and_authentication" storage="/users/svendaneel/okam/okamapi-wfrefusalrest/webapi.tests/bin/debug/net8.0/webapi.tests.dll" id="aab11658-7cee-f0f1-7c60-0b2f9aaa694c">
      <Execution id="0c2d97b2-2b88-485d-8806-e7e3d264d6ea" />
      <TestMethod codeBase="/Users/svendaneel/okam/OkamAPI-wfrefusalrest/WebApi.Tests/bin/Debug/net8.0/WebApi.Tests.dll" adapterTypeName="executor://xunit/VsTestRunner2/netcoreapp" className="WebApi.Tests.Workforce.WorkforceInvitationTests" name="Claim_requires_an_idempotency_key_and_authentication" />
    </UnitTest>
    <UnitTest name="WebApi.Tests.Workforce.WorkforceInvitationTests.Attach_is_refused_when_it_would_double_engage_one_legal_employer" storage="/users/svendaneel/okam/okamapi-wfrefusalrest/webapi.tests/bin/debug/net8.0/webapi.tests.dll" id="fe06c2fd-8a5d-7ef1-0594-d6b8252c8bcc">
      <Execution id="f4d417d3-20bd-4837-ad6d-ae131a6379ff" />
      <TestMethod codeBase="/Users/svendaneel/okam/OkamAPI-wfrefusalrest/WebApi.Tests/bin/Debug/net8.0/WebApi.Tests.dll" adapterTypeName="executor://xunit/VsTestRunner2/netcoreapp" className="WebApi.Tests.Workforce.WorkforceInvitationTests" name="Attach_is_refused_when_it_would_double_engage_one_legal_employer" />
    </UnitTest>
    <UnitTest name="WebApi.Tests.Workforce.WorkforceInvitationTests.Claim_by_a_blank_but_not_empty_subject_is_forbidden_and_stamps_nothing" storage="/users/svendaneel/okam/okamapi-wfrefusalrest/webapi.tests/bin/debug/net8.0/webapi.tests.dll" id="c64db1eb-5872-1d49-2060-27a94286a4bf">
      <Execution id="695c0c32-eb3f-4bb2-ab0f-d4ae16093055" />
      <TestMethod codeBase="/Users/svendaneel/okam/OkamAPI-wfrefusalrest/WebApi.Tests/bin/Debug/net8.0/WebApi.Tests.dll" adapterTypeName="executor://xunit/VsTestRunner2/netcoreapp" className="WebApi.Tests.Workforce.WorkforceInvitationTests" name="Claim_by_a_blank_but_not_empty_subject_is_forbidden_and_stamps_nothing" />
    </UnitTest>
    <UnitTest name="WebApi.Tests.Workforce.WorkforceInvitationTests.A_claim_refused_at_the_commit_replays_its_refusal_to_a_retry_of_the_SAME_key" storage="/users/svendaneel/okam/okamapi-wfrefusalrest/webapi.tests/bin/debug/net8.0/webapi.tests.dll" id="b095049e-de19-0f30-3053-390de8a2deea">
      <Execution id="e55c2787-bf87-4088-af4c-94d59f06b3b4" />
      <TestMethod codeBase="/Users/svendaneel/okam/OkamAPI-wfrefusalrest/WebApi.Tests/bin/Debug/net8.0/WebApi.Tests.dll" adapterTypeName="executor://xunit/VsTestRunner2/netcoreapp" className="WebApi.Tests.Workforce.WorkforceInvitationTests" name="A_claim_refused_at_the_commit_replays_its_refusal_to_a_retry_of_the_SAME_key" />
    </UnitTest>
    <UnitTest name="WebApi.Tests.Workforce.WorkforceInvitationTests.Claim_idempotency_key_is_scoped_per_user_so_a_shared_key_cannot_collide" storage="/users/svendaneel/okam/okamapi-wfrefusalrest/webapi.tests/bin/debug/net8.0/webapi.tests.dll" id="75b62ee1-3c97-2c02-43a8-6ec02f60e9c1">
      <Execution id="e120cc13-3888-45e4-8401-d795a9f904ae" />
      <TestMethod codeBase="/Users/svendaneel/okam/OkamAPI-wfrefusalrest/WebApi.Tests/bin/Debug/net8.0/WebApi.Tests.dll" adapterTypeName="executor://xunit/VsTestRunner2/netcoreapp" className="WebApi.Tests.Workforce.WorkforceInvitationTests" name="Claim_idempotency_key_is_scoped_per_user_so_a_shared_key_cannot_collide" />
    </UnitTest>
    <UnitTest name="WebApi.Tests.Workforce.WorkforceInvitationTests.Reissue_supersedes_the_old_token_and_keeps_exactly_one_pending" storage="/users/svendaneel/okam/okamapi-wfrefusalrest/webapi.tests/bin/debug/net8.0/webapi.tests.dll" id="8e5f76a5-65eb-1931-19e8-c0073778e204">
      <Execution id="e44ae356-f6da-4fa0-b7b2-fe628bb60e36" />
      <TestMethod codeBase="/Users/svendaneel/okam/OkamAPI-wfrefusalrest/WebApi.Tests/bin/Debug/net8.0/WebApi.Tests.dll" adapterTypeName="executor://xunit/VsTestRunner2/netcoreapp" className="WebApi.Tests.Workforce.WorkforceInvitationTests" name="Reissue_supersedes_the_old_token_and_keeps_exactly_one_pending" />
    </UnitTest>
    <UnitTest name="WebApi.Tests.Workforce.WorkforceOperatorImportTests.Import_without_a_body_is_a_400" storage="/users/svendaneel/okam/okamapi-wfrefusalrest/webapi.tests/bin/debug/net8.0/webapi.tests.dll" id="c4efa1c6-fc11-11cc-466b-95843051bad2">
      <Execution id="f0122d3d-3147-49ed-acb8-56acc2372fae" />
      <TestMethod codeBase="/Users/svendaneel/okam/OkamAPI-wfrefusalrest/WebApi.Tests/bin/Debug/net8.0/WebApi.Tests.dll" adapterTypeName="executor://xunit/VsTestRunner2/netcoreapp" className="WebApi.Tests.Workforce.WorkforceOperatorImportTests" name="Import_without_a_body_is_a_400" />
    </UnitTest>
    <UnitTest name="WebApi.Tests.Workforce.WorkforceInvitationTests.Claim_of_an_expired_token_is_the_opaque_failure" storage="/users/svendaneel/okam/okamapi-wfrefusalrest/webapi.tests/bin/debug/net8.0/webapi.tests.dll" id="cbb7520c-59aa-01c7-b60a-8f96b62c0e44">
      <Execution id="088f480c-25cb-4a67-bb87-3a8a42de96f1" />
      <TestMethod codeBase="/Users/svendaneel/okam/OkamAPI-wfrefusalrest/WebApi.Tests/bin/Debug/net8.0/WebApi.Tests.dll" adapterTypeName="executor://xunit/VsTestRunner2/netcoreapp" className="WebApi.Tests.Workforce.WorkforceInvitationTests" name="Claim_of_an_expired_token_is_the_opaque_failure" />
    </UnitTest>
    <UnitTest name="WebApi.Tests.Workforce.WorkforceInvitationTests.Claim_never_adds_capability_no_self_escalation" storage="/users/svendaneel/okam/okamapi-wfrefusalrest/webapi.tests/bin/debug/net8.0/webapi.tests.dll" id="06964b5a-29fc-6e83-1f6b-a70a67fd7915">
      <Execution id="fd47c0c8-8ed4-4804-95fb-ded38445a21f" />
      <TestMethod codeBase="/Users/svendaneel/okam/OkamAPI-wfrefusalrest/WebApi.Tests/bin/Debug/net8.0/WebApi.Tests.dll" adapterTypeName="executor://xunit/VsTestRunner2/netcoreapp" className="WebApi.Tests.Workforce.WorkforceInvitationTests" name="Claim_never_adds_capability_no_self_escalation" />
    </UnitTest>
    <UnitTest name="WebApi.Tests.Workforce.WorkforceInvitationTests.Issue_without_an_idempotency_key_is_a_400" storage="/users/svendaneel/okam/okamapi-wfrefusalrest/webapi.tests/bin/debug/net8.0/webapi.tests.dll" id="22a2d289-bc2b-4ca9-2ed8-e8ce905659d4">
      <Execution id="567aff66-61d0-472a-a870-cd33e5053f2b" />
      <TestMethod codeBase="/Users/svendaneel/okam/OkamAPI-wfrefusalrest/WebApi.Tests/bin/Debug/net8.0/WebApi.Tests.dll" adapterTypeName="executor://xunit/VsTestRunner2/netcoreapp" className="WebApi.Tests.Workforce.WorkforceInvitationTests" name="Issue_without_an_idempotency_key_is_a_400" />
    </UnitTest>
    <UnitTest name="WebApi.Tests.Workforce.WorkforceInvitationTests.An_issue_refused_at_the_commit_replays_its_refusal_to_a_retry_of_the_SAME_key" storage="/users/svendaneel/okam/okamapi-wfrefusalrest/webapi.tests/bin/debug/net8.0/webapi.tests.dll" id="f599cdce-b1c8-82fc-7636-51b91b85a078">
      <Execution id="f68e10bd-71cc-461e-b7af-cb8a9d8f3733" />
      <TestMethod codeBase="/Users/svendaneel/okam/OkamAPI-wfrefusalrest/WebApi.Tests/bin/Debug/net8.0/WebApi.Tests.dll" adapterTypeName="executor://xunit/VsTestRunner2/netcoreapp" className="WebApi.Tests.Workforce.WorkforceInvitationTests" name="An_issue_refused_at_the_commit_replays_its_refusal_to_a_retry_of_the_SAME_key" />
    </UnitTest>
    <UnitTest name="WebApi.Tests.Workforce.WorkforceInvitationTests.Claim_by_an_already_linked_login_attaches_the_engagement_and_archives_the_duplicate" storage="/users/svendaneel/okam/okamapi-wfrefusalrest/webapi.tests/bin/debug/net8.0/webapi.tests.dll" id="38eaeb2e-e9f8-c3ac-cfaf-55e527ae5fc9">
      <Execution id="23aea1e0-2ffa-4809-99c0-701cc7653f7f" />
      <TestMethod codeBase="/Users/svendaneel/okam/OkamAPI-wfrefusalrest/WebApi.Tests/bin/Debug/net8.0/WebApi.Tests.dll" adapterTypeName="executor://xunit/VsTestRunner2/netcoreapp" className="WebApi.Tests.Workforce.WorkforceInvitationTests" name="Claim_by_an_already_linked_login_attaches_the_engagement_and_archives_the_duplicate" />
    </UnitTest>
    <UnitTest name="WebApi.Tests.Workforce.WorkforceInvitationTests.Issue_returns_a_raw_token_once_and_stores_only_the_hash" storage="/users/svendaneel/okam/okamapi-wfrefusalrest/webapi.tests/bin/debug/net8.0/webapi.tests.dll" id="48df0696-f845-f1ce-b6f0-ff569c629e93">
      <Execution id="ab51218f-9365-4433-ba72-01dfd716d949" />
      <TestMethod codeBase="/Users/svendaneel/okam/OkamAPI-wfrefusalrest/WebApi.Tests/bin/Debug/net8.0/WebApi.Tests.dll" adapterTypeName="executor://xunit/VsTestRunner2/netcoreapp" className="WebApi.Tests.Workforce.WorkforceInvitationTests" name="Issue_returns_a_raw_token_once_and_stores_only_the_hash" />
    </UnitTest>
    <UnitTest name="WebApi.Tests.Workforce.WorkforceInvitationTests.Attach_is_refused_when_the_duplicate_person_carries_a_training_completion" storage="/users/svendaneel/okam/okamapi-wfrefusalrest/webapi.tests/bin/debug/net8.0/webapi.tests.dll" id="8e69219f-9546-4e62-bf44-2cbb4fda446f">
      <Execution id="7f25fb62-7225-4e1d-a8dd-74370051e097" />
      <TestMethod codeBase="/Users/svendaneel/okam/OkamAPI-wfrefusalrest/WebApi.Tests/bin/Debug/net8.0/WebApi.Tests.dll" adapterTypeName="executor://xunit/VsTestRunner2/netcoreapp" className="WebApi.Tests.Workforce.WorkforceInvitationTests" name="Attach_is_refused_when_the_duplicate_person_carries_a_training_completion" />
    </UnitTest>
    <UnitTest name="WebApi.Tests.Workforce.WorkforceInvitationTests.Issue_for_an_absent_staff_member_is_the_opaque_404" storage="/users/svendaneel/okam/okamapi-wfrefusalrest/webapi.tests/bin/debug/net8.0/webapi.tests.dll" id="71871cb5-fb7a-3974-593e-541ec504fb90">
      <Execution id="d4e7a32a-f05f-4d85-9948-3795e290cddc" />
      <TestMethod codeBase="/Users/svendaneel/okam/OkamAPI-wfrefusalrest/WebApi.Tests/bin/Debug/net8.0/WebApi.Tests.dll" adapterTypeName="executor://xunit/VsTestRunner2/netcoreapp" className="WebApi.Tests.Workforce.WorkforceInvitationTests" name="Issue_for_an_absent_staff_member_is_the_opaque_404" />
    </UnitTest>
    <UnitTest name="WebApi.Tests.Workforce.WorkforceOperatorImportTests.Import_creates_a_person_and_engagement_linked_by_operator_id" storage="/users/svendaneel/okam/okamapi-wfrefusalrest/webapi.tests/bin/debug/net8.0/webapi.tests.dll" id="40a53e11-c1e6-f284-9ba6-45366f52a60c">
      <Execution id="99d3ea42-d5dd-46b3-be5b-617fd56fb483" />
      <TestMethod codeBase="/Users/svendaneel/okam/OkamAPI-wfrefusalrest/WebApi.Tests/bin/Debug/net8.0/WebApi.Tests.dll" adapterTypeName="executor://xunit/VsTestRunner2/netcoreapp" className="WebApi.Tests.Workforce.WorkforceOperatorImportTests" name="Import_creates_a_person_and_engagement_linked_by_operator_id" />
    </UnitTest>
    <UnitTest name="WebApi.Tests.Workforce.WorkforceOperatorImportTests.A_mixed_batch_reports_per_item_outcomes_not_all_or_nothing" storage="/users/svendaneel/okam/okamapi-wfrefusalrest/webapi.tests/bin/debug/net8.0/webapi.tests.dll" id="19e2c440-7a0f-1c32-afb0-b49103c56ef4">
      <Execution id="e3683d51-3c6e-4193-88d6-dbf33d42d029" />
      <TestMethod codeBase="/Users/svendaneel/okam/OkamAPI-wfrefusalrest/WebApi.Tests/bin/Debug/net8.0/WebApi.Tests.dll" adapterTypeName="executor://xunit/VsTestRunner2/netcoreapp" className="WebApi.Tests.Workforce.WorkforceOperatorImportTests" name="A_mixed_batch_reports_per_item_outcomes_not_all_or_nothing" />
    </UnitTest>
    <UnitTest name="WebApi.Tests.Workforce.WorkforceOperatorImportTests.Import_requires_manager_a_scheduler_is_forbidden" storage="/users/svendaneel/okam/okamapi-wfrefusalrest/webapi.tests/bin/debug/net8.0/webapi.tests.dll" id="796638ac-2720-7633-6ee7-81c328411565">
      <Execution id="f6b69424-ca32-44c2-953f-f6f29e089d20" />
      <TestMethod codeBase="/Users/svendaneel/okam/OkamAPI-wfrefusalrest/WebApi.Tests/bin/Debug/net8.0/WebApi.Tests.dll" adapterTypeName="executor://xunit/VsTestRunner2/netcoreapp" className="WebApi.Tests.Workforce.WorkforceOperatorImportTests" name="Import_requires_manager_a_scheduler_is_forbidden" />
    </UnitTest>
    <UnitTest name="WebApi.Tests.Workforce.WorkforceInvitationTests.Invalid_expired_and_used_tokens_are_indistinguishable_anti_oracle" storage="/users/svendaneel/okam/okamapi-wfrefusalrest/webapi.tests/bin/debug/net8.0/webapi.tests.dll" id="6d957a95-6542-c2f2-d614-101749cc8fc8">
      <Execution id="90c84bdb-fda4-480e-be4e-5406715c9e23" />
      <TestMethod codeBase="/Users/svendaneel/okam/OkamAPI-wfrefusalrest/WebApi.Tests/bin/Debug/net8.0/WebApi.Tests.dll" adapterTypeName="executor://xunit/VsTestRunner2/netcoreapp" className="WebApi.Tests.Workforce.WorkforceInvitationTests" name="Invalid_expired_and_used_tokens_are_indistinguishable_anti_oracle" />
    </UnitTest>
    <UnitTest name="WebApi.Tests.Workforce.WorkforceInvitationTests.Attach_is_refused_when_the_duplicate_person_carries_a_person_scoped_training_assignment" storage="/users/svendaneel/okam/okamapi-wfrefusalrest/webapi.tests/bin/debug/net8.0/webapi.tests.dll" id="5c2834d5-8969-3feb-a48f-79d6ee21699b">
      <Execution id="097e430a-8acf-48c3-8d1e-77a2cdd0083d" />
      <TestMethod codeBase="/Users/svendaneel/okam/OkamAPI-wfrefusalrest/WebApi.Tests/bin/Debug/net8.0/WebApi.Tests.dll" adapterTypeName="executor://xunit/VsTestRunner2/netcoreapp" className="WebApi.Tests.Workforce.WorkforceInvitationTests" name="Attach_is_refused_when_the_duplicate_person_carries_a_person_scoped_training_assignment" />
    </UnitTest>
    <UnitTest name="WebApi.Tests.Workforce.WorkforceInvitationTests.A_login_slot_lost_at_the_commit_is_the_retryable_409_not_a_500" storage="/users/svendaneel/okam/okamapi-wfrefusalrest/webapi.tests/bin/debug/net8.0/webapi.tests.dll" id="e2f2cdcb-c09a-89ce-589f-cfb6d188116a">
      <Execution id="acf1bbf6-2f57-416b-8481-4a4414b6b40c" />
      <TestMethod codeBase="/Users/svendaneel/okam/OkamAPI-wfrefusalrest/WebApi.Tests/bin/Debug/net8.0/WebApi.Tests.dll" adapterTypeName="executor://xunit/VsTestRunner2/netcoreapp" className="WebApi.Tests.Workforce.WorkforceInvitationTests" name="A_login_slot_lost_at_the_commit_is_the_retryable_409_not_a_500" />
    </UnitTest>
    <UnitTest name="WebApi.Tests.Workforce.WorkforceOperatorImportTests.Import_without_an_idempotency_key_is_a_400" storage="/users/svendaneel/okam/okamapi-wfrefusalrest/webapi.tests/bin/debug/net8.0/webapi.tests.dll" id="1afd82b7-84df-c73b-4151-49bfa47988ce">
      <Execution id="850ad111-57a7-4fc7-b461-d60029d63fee" />
      <TestMethod codeBase="/Users/svendaneel/okam/OkamAPI-wfrefusalrest/WebApi.Tests/bin/Debug/net8.0/WebApi.Tests.dll" adapterTypeName="executor://xunit/VsTestRunner2/netcoreapp" className="WebApi.Tests.Workforce.WorkforceOperatorImportTests" name="Import_without_an_idempotency_key_is_a_400" />
    </UnitTest>
    <UnitTest name="WebApi.Tests.Workforce.WorkforceInvitationTests.Attach_is_refused_when_the_duplicate_person_carries_a_training_certificate" storage="/users/svendaneel/okam/okamapi-wfrefusalrest/webapi.tests/bin/debug/net8.0/webapi.tests.dll" id="e22bb2d7-a629-d3e4-5732-1bb05d317282">
      <Execution id="6f052c52-c58a-443d-b70c-e74809aa100e" />
      <TestMethod codeBase="/Users/svendaneel/okam/OkamAPI-wfrefusalrest/WebApi.Tests/bin/Debug/net8.0/WebApi.Tests.dll" adapterTypeName="executor://xunit/VsTestRunner2/netcoreapp" className="WebApi.Tests.Workforce.WorkforceInvitationTests" name="Attach_is_refused_when_the_duplicate_person_carries_a_training_certificate" />
    </UnitTest>
    <UnitTest name="WebApi.Tests.Workforce.WorkforceInvitationTests.Claim_links_the_user_moves_the_person_to_claimed_and_is_one_use" storage="/users/svendaneel/okam/okamapi-wfrefusalrest/webapi.tests/bin/debug/net8.0/webapi.tests.dll" id="d94d7866-959b-92f4-9deb-011eed3c8e2a">
      <Execution id="a762406d-3cda-44bf-9da6-38702aa35469" />
      <TestMethod codeBase="/Users/svendaneel/okam/OkamAPI-wfrefusalrest/WebApi.Tests/bin/Debug/net8.0/WebApi.Tests.dll" adapterTypeName="executor://xunit/VsTestRunner2/netcoreapp" className="WebApi.Tests.Workforce.WorkforceInvitationTests" name="Claim_links_the_user_moves_the_person_to_claimed_and_is_one_use" />
    </UnitTest>
  </TestDefinitions>
  <TestEntries>
    <TestEntry testId="40a53e11-c1e6-f284-9ba6-45366f52a60c" executionId="99d3ea42-d5dd-46b3-be5b-617fd56fb483" testListId="8c84fa94-04c1-424b-9868-57a2d4851a1d" />
    <TestEntry testId="051a445e-b695-d344-c43c-7c362107dfb1" executionId="cb993f9c-ef14-46cb-b410-9be81b44363a" testListId="8c84fa94-04c1-424b-9868-57a2d4851a1d" />
    <TestEntry testId="6c883406-27fe-c6bd-5c61-25e5778bea91" executionId="baf13767-f0d0-4e86-8ede-ad2fa98d8a6f" testListId="8c84fa94-04c1-424b-9868-57a2d4851a1d" />
    <TestEntry testId="f599cdce-b1c8-82fc-7636-51b91b85a078" executionId="f68e10bd-71cc-461e-b7af-cb8a9d8f3733" testListId="8c84fa94-04c1-424b-9868-57a2d4851a1d" />
    <TestEntry testId="38eaeb2e-e9f8-c3ac-cfaf-55e527ae5fc9" executionId="23aea1e0-2ffa-4809-99c0-701cc7653f7f" testListId="8c84fa94-04c1-424b-9868-57a2d4851a1d" />
    <TestEntry testId="af24e850-56d8-202b-b1ea-0d6a5f960d7c" executionId="0c2c9bff-f3b2-40f8-b6f4-1a5835fc6509" testListId="8c84fa94-04c1-424b-9868-57a2d4851a1d" />
    <TestEntry testId="cbb7520c-59aa-01c7-b60a-8f96b62c0e44" executionId="088f480c-25cb-4a67-bb87-3a8a42de96f1" testListId="8c84fa94-04c1-424b-9868-57a2d4851a1d" />
    <TestEntry testId="22449db1-3cdd-6c46-dfc3-1ddecf9591be" executionId="a42a51bf-1871-4bdc-917b-6ff3eb230543" testListId="8c84fa94-04c1-424b-9868-57a2d4851a1d" />
    <TestEntry testId="5c2834d5-8969-3feb-a48f-79d6ee21699b" executionId="097e430a-8acf-48c3-8d1e-77a2cdd0083d" testListId="8c84fa94-04c1-424b-9868-57a2d4851a1d" />
    <TestEntry testId="48df0696-f845-f1ce-b6f0-ff569c629e93" executionId="ab51218f-9365-4433-ba72-01dfd716d949" testListId="8c84fa94-04c1-424b-9868-57a2d4851a1d" />
    <TestEntry testId="da626836-0616-9876-d2ae-bffc72fc20f4" executionId="a758461c-aa91-4f6f-8560-8e3aa9652631" testListId="8c84fa94-04c1-424b-9868-57a2d4851a1d" />
    <TestEntry testId="6d957a95-6542-c2f2-d614-101749cc8fc8" executionId="90c84bdb-fda4-480e-be4e-5406715c9e23" testListId="8c84fa94-04c1-424b-9868-57a2d4851a1d" />
    <TestEntry testId="22a2d289-bc2b-4ca9-2ed8-e8ce905659d4" executionId="567aff66-61d0-472a-a870-cd33e5053f2b" testListId="8c84fa94-04c1-424b-9868-57a2d4851a1d" />
    <TestEntry testId="8e69219f-9546-4e62-bf44-2cbb4fda446f" executionId="7f25fb62-7225-4e1d-a8dd-74370051e097" testListId="8c84fa94-04c1-424b-9868-57a2d4851a1d" />
    <TestEntry testId="0c22f40e-3b88-2995-d3d6-2f8278f6c086" executionId="d0dba4e3-2c74-4576-9c58-668490b05a72" testListId="8c84fa94-04c1-424b-9868-57a2d4851a1d" />
    <TestEntry testId="07b9cf22-e978-2ac9-2844-877f9eab4605" executionId="ad363169-5c89-4944-a64a-bd340af5d3b4" testListId="8c84fa94-04c1-424b-9868-57a2d4851a1d" />
    <TestEntry testId="aab11658-7cee-f0f1-7c60-0b2f9aaa694c" executionId="0c2d97b2-2b88-485d-8806-e7e3d264d6ea" testListId="8c84fa94-04c1-424b-9868-57a2d4851a1d" />
    <TestEntry testId="c64db1eb-5872-1d49-2060-27a94286a4bf" executionId="695c0c32-eb3f-4bb2-ab0f-d4ae16093055" testListId="8c84fa94-04c1-424b-9868-57a2d4851a1d" />
    <TestEntry testId="06964b5a-29fc-6e83-1f6b-a70a67fd7915" executionId="fd47c0c8-8ed4-4804-95fb-ded38445a21f" testListId="8c84fa94-04c1-424b-9868-57a2d4851a1d" />
    <TestEntry testId="8c0bb7ac-0047-8ba1-e519-40eb3288c50f" executionId="792acd58-2866-40c9-89cf-167b7d8d9af1" testListId="8c84fa94-04c1-424b-9868-57a2d4851a1d" />
    <TestEntry testId="90d237bd-8cfd-ff02-598b-b686d9701416" executionId="22ebcbfb-d6d6-4802-bb59-71b49d6ea8d7" testListId="8c84fa94-04c1-424b-9868-57a2d4851a1d" />
    <TestEntry testId="9577e674-5cdf-09ea-a90e-504109d1c4f6" executionId="ad5768ba-befc-4ade-977e-440e11f4e273" testListId="8c84fa94-04c1-424b-9868-57a2d4851a1d" />
    <TestEntry testId="c4efa1c6-fc11-11cc-466b-95843051bad2" executionId="f0122d3d-3147-49ed-acb8-56acc2372fae" testListId="8c84fa94-04c1-424b-9868-57a2d4851a1d" />
    <TestEntry testId="fe06c2fd-8a5d-7ef1-0594-d6b8252c8bcc" executionId="f4d417d3-20bd-4837-ad6d-ae131a6379ff" testListId="8c84fa94-04c1-424b-9868-57a2d4851a1d" />
    <TestEntry testId="8e5f76a5-65eb-1931-19e8-c0073778e204" executionId="e44ae356-f6da-4fa0-b7b2-fe628bb60e36" testListId="8c84fa94-04c1-424b-9868-57a2d4851a1d" />
    <TestEntry testId="e22bb2d7-a629-d3e4-5732-1bb05d317282" executionId="6f052c52-c58a-443d-b70c-e74809aa100e" testListId="8c84fa94-04c1-424b-9868-57a2d4851a1d" />
    <TestEntry testId="b095049e-de19-0f30-3053-390de8a2deea" executionId="e55c2787-bf87-4088-af4c-94d59f06b3b4" testListId="8c84fa94-04c1-424b-9868-57a2d4851a1d" />
    <TestEntry testId="e2f2cdcb-c09a-89ce-589f-cfb6d188116a" executionId="acf1bbf6-2f57-416b-8481-4a4414b6b40c" testListId="8c84fa94-04c1-424b-9868-57a2d4851a1d" />
    <TestEntry testId="e9075aa4-de99-67b4-66d1-23657bc0dd91" executionId="1b993473-7412-4fe7-942d-5d9f06b25751" testListId="8c84fa94-04c1-424b-9868-57a2d4851a1d" />
    <TestEntry testId="796638ac-2720-7633-6ee7-81c328411565" executionId="f6b69424-ca32-44c2-953f-f6f29e089d20" testListId="8c84fa94-04c1-424b-9868-57a2d4851a1d" />
    <TestEntry testId="19e2c440-7a0f-1c32-afb0-b49103c56ef4" executionId="e3683d51-3c6e-4193-88d6-dbf33d42d029" testListId="8c84fa94-04c1-424b-9868-57a2d4851a1d" />
    <TestEntry testId="3bb4d6d1-29ad-d7e8-d94a-021aa3fdec7a" executionId="12905ad6-111a-432a-a6aa-491c05eced44" testListId="8c84fa94-04c1-424b-9868-57a2d4851a1d" />
    <TestEntry testId="eaaf6ded-a10e-e234-aa25-355a9383ef91" executionId="eed5fadc-4a62-4172-aca1-e24e2b5524f1" testListId="8c84fa94-04c1-424b-9868-57a2d4851a1d" />
    <TestEntry testId="52661105-f938-e7b9-8d05-c230cffb62fd" executionId="25cc4b4a-b3dd-4796-9cb8-59e8b9c627ab" testListId="8c84fa94-04c1-424b-9868-57a2d4851a1d" />
    <TestEntry testId="d94d7866-959b-92f4-9deb-011eed3c8e2a" executionId="a762406d-3cda-44bf-9da6-38702aa35469" testListId="8c84fa94-04c1-424b-9868-57a2d4851a1d" />
    <TestEntry testId="71871cb5-fb7a-3974-593e-541ec504fb90" executionId="d4e7a32a-f05f-4d85-9948-3795e290cddc" testListId="8c84fa94-04c1-424b-9868-57a2d4851a1d" />
    <TestEntry testId="75b62ee1-3c97-2c02-43a8-6ec02f60e9c1" executionId="e120cc13-3888-45e4-8401-d795a9f904ae" testListId="8c84fa94-04c1-424b-9868-57a2d4851a1d" />
    <TestEntry testId="1afd82b7-84df-c73b-4151-49bfa47988ce" executionId="850ad111-57a7-4fc7-b461-d60029d63fee" testListId="8c84fa94-04c1-424b-9868-57a2d4851a1d" />
  </TestEntries>
  <TestLists>
    <TestList name="Results Not in a List" id="8c84fa94-04c1-424b-9868-57a2d4851a1d" />
    <TestList name="All Loaded Results" id="19431567-8539-422a-85d7-44ee4e166bda" />
  </TestLists>
  <ResultSummary outcome="Completed">
    <Counters total="38" executed="38" passed="38" failed="0" error="0" timeout="0" aborted="0" inconclusive="0" passedButRunAborted="0" notRunnable="0" notExecuted="0" disconnected="0" warning="0" completed="0" inProgress="0" pending="0" />
    <Output>
      <StdOut>[xUnit.net 00:00:00.00] xUnit.net VSTest Adapter v2.4.5+1caef2f33e (64-bit .NET 8.0.28)
[xUnit.net 00:00:01.34]   Discovering: WebApi.Tests
[xUnit.net 00:00:01.79]   Discovered:  WebApi.Tests
[xUnit.net 00:00:01.80]   Starting:    WebApi.Tests
[xUnit.net 00:00:10.22]   Finished:    WebApi.Tests
</StdOut>
    </Output>
  </ResultSummary>
</TestRun>